[0.005s] Invoking command in '/home/rick/chapt2/chapt2_ws/build/demo_cpp_pkg': CMAKE_PREFIX_PATH=/opt/ros/humble /usr/bin/cmake --build /home/rick/chapt2/chapt2_ws/build/demo_cpp_pkg -- -j32 -l32
[0.025s] -- Found ament_cmake: 1.3.14 (/opt/ros/humble/share/ament_cmake/cmake)
[0.104s] -- Found rclcpp: 16.0.19 (/opt/ros/humble/share/rclcpp/cmake)
[0.117s] -- Found rosidl_generator_c: 3.1.8 (/opt/ros/humble/share/rosidl_generator_c/cmake)
[0.119s] -- Found rosidl_adapter: 3.1.8 (/opt/ros/humble/share/rosidl_adapter/cmake)
[0.121s] -- Found rosidl_generator_cpp: 3.1.8 (/opt/ros/humble/share/rosidl_generator_cpp/cmake)
[0.126s] -- Using all available rosidl_typesupport_c: rosidl_typesupport_fastrtps_c;rosidl_typesupport_introspection_c
[0.132s] -- Using all available rosidl_typesupport_cpp: rosidl_typesupport_fastrtps_cpp;rosidl_typesupport_introspection_cpp
[0.146s] -- Found rmw_implementation_cmake: 6.1.2 (/opt/ros/humble/share/rmw_implementation_cmake/cmake)
[0.147s] -- Found rmw_fastrtps_cpp: 6.2.10 (/opt/ros/humble/share/rmw_fastrtps_cpp/cmake)
[0.218s] -- Using RMW implementation 'rmw_fastrtps_cpp' as default
[0.248s] -- Found ament_lint_auto: 0.12.15 (/opt/ros/humble/share/ament_lint_auto/cmake)
[0.290s] -- Added test 'cppcheck' to perform static code analysis on C / C++ code
[0.290s] -- Configured cppcheck include dirs: /home/rick/chapt2/chapt2_ws/src/demo_cpp_pkg/include
[0.290s] -- Configured cppcheck exclude dirs and/or files: 
[0.290s] -- Added test 'flake8' to check Python code syntax and style conventions
[0.291s] -- Added test 'lint_cmake' to check CMake code style
[0.291s] -- Added test 'pep257' to check Python code against some of the docstring style conventions in PEP 257
[0.292s] -- Added test 'uncrustify' to check C / C++ code style
[0.292s] -- Configured uncrustify additional arguments: 
[0.292s] -- Added test 'xmllint' to check XML markup files
[0.292s] -- Configuring done
[0.300s] -- Generating done
[0.303s] -- Build files have been written to: /home/rick/chapt2/chapt2_ws/build/demo_cpp_pkg
[0.320s] [35m[1mConsolidate compiler generated dependencies of target learn_lambda[0m
[0.321s] [35m[1mConsolidate compiler generated dependencies of target learn_auto[0m
[0.321s] [35m[1mConsolidate compiler generated dependencies of target learn_funcational[0m
[0.321s] [35m[1mConsolidate compiler generated dependencies of target learn_shared_ptr[0m
[0.321s] [35m[1mConsolidate compiler generated dependencies of target person_node[0m
[0.321s] [35m[1mConsolidate compiler generated dependencies of target cpp_node[0m
[0.329s] [  7%] [32mBuilding CXX object CMakeFiles/learn_thead.dir/src/learn_thead.cpp.o[0m
[0.329s] [ 14%] [32mBuilding CXX object CMakeFiles/learn_lambda.dir/src/learn_lambda.cpp.o[0m
[0.329s] [ 21%] [32mBuilding CXX object CMakeFiles/learn_funcational.dir/src/learn_funcational.cpp.o[0m
[0.329s] [ 28%] [32mBuilding CXX object CMakeFiles/learn_auto.dir/src/learn_auto.cpp.o[0m
[0.329s] [ 35%] [32mBuilding CXX object CMakeFiles/learn_shared_ptr.dir/src/learn_shared_ptr.cpp.o[0m
[0.334s] [ 50%] [32mBuilding CXX object CMakeFiles/cpp_node.dir/src/cpp_node.cpp.o[0m
[0.334s] [ 50%] [32mBuilding CXX object CMakeFiles/person_node.dir/src/person_node.cpp.o[0m
[0.370s] [01m[K/home/rick/chapt2/chapt2_ws/src/demo_cpp_pkg/src/learn_thead.cpp:5:10:[m[K [01;31m[Kfatal error: [m[Kcpp-httplib/httplib.h: 没有那个文件或目录
[0.370s]     5 | #include [01;31m[K"cpp-httplib/httplib.h"[m[K
[0.370s]       |          [01;31m[K^~~~~~~~~~~~~~~~~~~~~~~[m[K
[0.370s] compilation terminated.
[0.371s] gmake[2]: *** [CMakeFiles/learn_thead.dir/build.make:76：CMakeFiles/learn_thead.dir/src/learn_thead.cpp.o] 错误 1
[0.372s] gmake[1]: *** [CMakeFiles/Makefile2:305：CMakeFiles/learn_thead.dir/all] 错误 2
[0.372s] gmake[1]: *** 正在等待未完成的任务....
[0.450s] [ 57%] [32m[1mLinking CXX executable learn_auto[0m
[0.505s] [ 57%] Built target learn_auto
[0.520s] [ 64%] [32m[1mLinking CXX executable learn_lambda[0m
[0.524s] [ 71%] [32m[1mLinking CXX executable learn_shared_ptr[0m
[0.572s] [ 78%] [32m[1mLinking CXX executable learn_funcational[0m
[0.578s] [ 78%] Built target learn_lambda
[0.579s] [ 78%] Built target learn_shared_ptr
[0.619s] [ 78%] Built target learn_funcational
[1.692s] [ 85%] [32m[1mLinking CXX executable person_node[0m
[1.699s] [ 92%] [32m[1mLinking CXX executable cpp_node[0m
[1.760s] [ 92%] Built target cpp_node
[1.761s] [ 92%] Built target person_node
[1.762s] gmake: *** [Makefile:146：all] 错误 2
[1.763s] Invoked command in '/home/rick/chapt2/chapt2_ws/build/demo_cpp_pkg' returned '2': CMAKE_PREFIX_PATH=/opt/ros/humble /usr/bin/cmake --build /home/rick/chapt2/chapt2_ws/build/demo_cpp_pkg -- -j32 -l32
