[0.008s] Invoking command in '/home/rick/ROS2/chapt3/topic_practice_ws/build/status_interfaces': CMAKE_PREFIX_PATH=${CMAKE_PREFIX_PATH}:/home/rick/ROS2/chapt3/topic_practice_ws/install/status_publisher:/opt/ros/humble /usr/bin/cmake --build /home/rick/ROS2/chapt3/topic_practice_ws/build/status_interfaces -- -j32 -l32
[0.037s] [35m[1mConsolidate compiler generated dependencies of target status_interfaces__rosidl_generator_c[0m
[0.045s] [  9%] Built target status_interfaces__rosidl_generator_c
[0.046s] [ 12%] Built target status_interfaces__rs
[0.046s] [ 15%] Built target status_interfaces__cpp
[0.054s] [ 15%] Built target ament_cmake_python_copy_status_interfaces
[0.055s] [35m[1mConsolidate compiler generated dependencies of target status_interfaces__rosidl_typesupport_fastrtps_c[0m
[0.055s] [35m[1mConsolidate compiler generated dependencies of target status_interfaces__rosidl_typesupport_introspection_c[0m
[0.055s] [35m[1mConsolidate compiler generated dependencies of target status_interfaces__rosidl_typesupport_c[0m
[0.056s] [35m[1mConsolidate compiler generated dependencies of target status_interfaces__rosidl_typesupport_cpp[0m
[0.056s] [35m[1mConsolidate compiler generated dependencies of target status_interfaces__rosidl_typesupport_introspection_cpp[0m
[0.056s] [35m[1mConsolidate compiler generated dependencies of target status_interfaces__rosidl_typesupport_fastrtps_cpp[0m
[0.062s] [ 25%] Built target status_interfaces__rosidl_typesupport_c
[0.063s] [ 34%] Built target status_interfaces__rosidl_typesupport_introspection_c
[0.064s] [ 43%] Built target status_interfaces__rosidl_typesupport_introspection_cpp
[0.064s] [ 53%] Built target status_interfaces__rosidl_typesupport_fastrtps_c
[0.064s] [ 62%] Built target status_interfaces__rosidl_typesupport_cpp
[0.065s] [ 71%] Built target status_interfaces__rosidl_typesupport_fastrtps_cpp
[0.078s] [ 71%] Built target status_interfaces
[0.092s] [ 75%] Built target status_interfaces__py
[0.099s] [35m[1mConsolidate compiler generated dependencies of target status_interfaces__rosidl_generator_py[0m
[0.108s] [ 81%] Built target status_interfaces__rosidl_generator_py
[0.117s] [35m[1mConsolidate compiler generated dependencies of target status_interfaces__rosidl_typesupport_introspection_c__pyext[0m
[0.117s] [35m[1mConsolidate compiler generated dependencies of target status_interfaces__rosidl_typesupport_c__pyext[0m
[0.117s] [35m[1mConsolidate compiler generated dependencies of target status_interfaces__rosidl_typesupport_fastrtps_c__pyext[0m
[0.130s] [ 93%] Built target status_interfaces__rosidl_typesupport_fastrtps_c__pyext
[0.130s] [ 93%] Built target status_interfaces__rosidl_typesupport_c__pyext
[0.130s] [100%] Built target status_interfaces__rosidl_typesupport_introspection_c__pyext
[0.161s] running egg_info
[0.161s] writing status_interfaces.egg-info/PKG-INFO
[0.162s] writing dependency_links to status_interfaces.egg-info/dependency_links.txt
[0.162s] writing top-level names to status_interfaces.egg-info/top_level.txt
[0.163s] reading manifest file 'status_interfaces.egg-info/SOURCES.txt'
[0.163s] writing manifest file 'status_interfaces.egg-info/SOURCES.txt'
[0.179s] [100%] Built target ament_cmake_python_build_status_interfaces_egg
[0.190s] Invoked command in '/home/rick/ROS2/chapt3/topic_practice_ws/build/status_interfaces' returned '0': CMAKE_PREFIX_PATH=${CMAKE_PREFIX_PATH}:/home/rick/ROS2/chapt3/topic_practice_ws/install/status_publisher:/opt/ros/humble /usr/bin/cmake --build /home/rick/ROS2/chapt3/topic_practice_ws/build/status_interfaces -- -j32 -l32
[0.196s] Invoking command in '/home/rick/ROS2/chapt3/topic_practice_ws/build/status_interfaces': CMAKE_PREFIX_PATH=${CMAKE_PREFIX_PATH}:/home/rick/ROS2/chapt3/topic_practice_ws/install/status_publisher:/opt/ros/humble /usr/bin/cmake --install /home/rick/ROS2/chapt3/topic_practice_ws/build/status_interfaces
[0.200s] -- Install configuration: ""
[0.200s] -- Up-to-date: /home/rick/ROS2/chapt3/topic_practice_ws/install/status_interfaces/share/ament_index/resource_index/rosidl_interfaces/status_interfaces
[0.200s] -- Up-to-date: /home/rick/ROS2/chapt3/topic_practice_ws/install/status_interfaces/include/status_interfaces/status_interfaces
[0.200s] -- Up-to-date: /home/rick/ROS2/chapt3/topic_practice_ws/install/status_interfaces/include/status_interfaces/status_interfaces/msg
[0.200s] -- Up-to-date: /home/rick/ROS2/chapt3/topic_practice_ws/install/status_interfaces/include/status_interfaces/status_interfaces/msg/rosidl_generator_c__visibility_control.h
[0.200s] -- Up-to-date: /home/rick/ROS2/chapt3/topic_practice_ws/install/status_interfaces/include/status_interfaces/status_interfaces/msg/detail
[0.200s] -- Up-to-date: /home/rick/ROS2/chapt3/topic_practice_ws/install/status_interfaces/include/status_interfaces/status_interfaces/msg/detail/system_status__functions.h
[0.200s] -- Up-to-date: /home/rick/ROS2/chapt3/topic_practice_ws/install/status_interfaces/include/status_interfaces/status_interfaces/msg/detail/system_status__functions.c
[0.200s] -- Up-to-date: /home/rick/ROS2/chapt3/topic_practice_ws/install/status_interfaces/include/status_interfaces/status_interfaces/msg/detail/system_status__type_support.h
[0.200s] -- Up-to-date: /home/rick/ROS2/chapt3/topic_practice_ws/install/status_interfaces/include/status_interfaces/status_interfaces/msg/detail/system_status__struct.h
[0.200s] -- Up-to-date: /home/rick/ROS2/chapt3/topic_practice_ws/install/status_interfaces/include/status_interfaces/status_interfaces/msg/system_status.h
[0.200s] -- Up-to-date: /home/rick/ROS2/chapt3/topic_practice_ws/install/status_interfaces/share/status_interfaces/environment/library_path.sh
[0.200s] -- Up-to-date: /home/rick/ROS2/chapt3/topic_practice_ws/install/status_interfaces/share/status_interfaces/environment/library_path.dsv
[0.200s] -- Up-to-date: /home/rick/ROS2/chapt3/topic_practice_ws/install/status_interfaces/lib/libstatus_interfaces__rosidl_generator_c.so
[0.200s] -- Up-to-date: /home/rick/ROS2/chapt3/topic_practice_ws/install/status_interfaces/include/status_interfaces/status_interfaces
[0.200s] -- Up-to-date: /home/rick/ROS2/chapt3/topic_practice_ws/install/status_interfaces/include/status_interfaces/status_interfaces/msg
[0.200s] -- Up-to-date: /home/rick/ROS2/chapt3/topic_practice_ws/install/status_interfaces/include/status_interfaces/status_interfaces/msg/rosidl_typesupport_fastrtps_c__visibility_control.h
[0.200s] -- Up-to-date: /home/rick/ROS2/chapt3/topic_practice_ws/install/status_interfaces/include/status_interfaces/status_interfaces/msg/detail
[0.200s] -- Up-to-date: /home/rick/ROS2/chapt3/topic_practice_ws/install/status_interfaces/include/status_interfaces/status_interfaces/msg/detail/system_status__rosidl_typesupport_fastrtps_c.h
[0.200s] -- Up-to-date: /home/rick/ROS2/chapt3/topic_practice_ws/install/status_interfaces/lib/libstatus_interfaces__rosidl_typesupport_fastrtps_c.so
[0.200s] -- Up-to-date: /home/rick/ROS2/chapt3/topic_practice_ws/install/status_interfaces/include/status_interfaces/status_interfaces
[0.200s] -- Up-to-date: /home/rick/ROS2/chapt3/topic_practice_ws/install/status_interfaces/include/status_interfaces/status_interfaces/msg
[0.201s] -- Up-to-date: /home/rick/ROS2/chapt3/topic_practice_ws/install/status_interfaces/include/status_interfaces/status_interfaces/msg/detail
[0.201s] -- Up-to-date: /home/rick/ROS2/chapt3/topic_practice_ws/install/status_interfaces/include/status_interfaces/status_interfaces/msg/detail/system_status__type_support.c
[0.201s] -- Up-to-date: /home/rick/ROS2/chapt3/topic_practice_ws/install/status_interfaces/include/status_interfaces/status_interfaces/msg/detail/system_status__rosidl_typesupport_introspection_c.h
[0.201s] -- Up-to-date: /home/rick/ROS2/chapt3/topic_practice_ws/install/status_interfaces/include/status_interfaces/status_interfaces/msg/rosidl_typesupport_introspection_c__visibility_control.h
[0.201s] -- Up-to-date: /home/rick/ROS2/chapt3/topic_practice_ws/install/status_interfaces/lib/libstatus_interfaces__rosidl_typesupport_introspection_c.so
[0.201s] -- Up-to-date: /home/rick/ROS2/chapt3/topic_practice_ws/install/status_interfaces/lib/libstatus_interfaces__rosidl_typesupport_c.so
[0.201s] -- Up-to-date: /home/rick/ROS2/chapt3/topic_practice_ws/install/status_interfaces/include/status_interfaces/status_interfaces
[0.201s] -- Up-to-date: /home/rick/ROS2/chapt3/topic_practice_ws/install/status_interfaces/include/status_interfaces/status_interfaces/msg
[0.201s] -- Up-to-date: /home/rick/ROS2/chapt3/topic_practice_ws/install/status_interfaces/include/status_interfaces/status_interfaces/msg/system_status.hpp
[0.201s] -- Up-to-date: /home/rick/ROS2/chapt3/topic_practice_ws/install/status_interfaces/include/status_interfaces/status_interfaces/msg/detail
[0.201s] -- Up-to-date: /home/rick/ROS2/chapt3/topic_practice_ws/install/status_interfaces/include/status_interfaces/status_interfaces/msg/detail/system_status__traits.hpp
[0.201s] -- Up-to-date: /home/rick/ROS2/chapt3/topic_practice_ws/install/status_interfaces/include/status_interfaces/status_interfaces/msg/detail/system_status__struct.hpp
[0.201s] -- Up-to-date: /home/rick/ROS2/chapt3/topic_practice_ws/install/status_interfaces/include/status_interfaces/status_interfaces/msg/detail/system_status__type_support.hpp
[0.201s] -- Up-to-date: /home/rick/ROS2/chapt3/topic_practice_ws/install/status_interfaces/include/status_interfaces/status_interfaces/msg/detail/system_status__builder.hpp
[0.201s] -- Up-to-date: /home/rick/ROS2/chapt3/topic_practice_ws/install/status_interfaces/include/status_interfaces/status_interfaces/msg/rosidl_generator_cpp__visibility_control.hpp
[0.201s] -- Up-to-date: /home/rick/ROS2/chapt3/topic_practice_ws/install/status_interfaces/include/status_interfaces/status_interfaces
[0.201s] -- Up-to-date: /home/rick/ROS2/chapt3/topic_practice_ws/install/status_interfaces/include/status_interfaces/status_interfaces/msg
[0.201s] -- Up-to-date: /home/rick/ROS2/chapt3/topic_practice_ws/install/status_interfaces/include/status_interfaces/status_interfaces/msg/rosidl_typesupport_fastrtps_cpp__visibility_control.h
[0.201s] -- Up-to-date: /home/rick/ROS2/chapt3/topic_practice_ws/install/status_interfaces/include/status_interfaces/status_interfaces/msg/detail
[0.201s] -- Up-to-date: /home/rick/ROS2/chapt3/topic_practice_ws/install/status_interfaces/include/status_interfaces/status_interfaces/msg/detail/dds_fastrtps
[0.201s] -- Up-to-date: /home/rick/ROS2/chapt3/topic_practice_ws/install/status_interfaces/include/status_interfaces/status_interfaces/msg/detail/system_status__rosidl_typesupport_fastrtps_cpp.hpp
[0.201s] -- Up-to-date: /home/rick/ROS2/chapt3/topic_practice_ws/install/status_interfaces/lib/libstatus_interfaces__rosidl_typesupport_fastrtps_cpp.so
[0.201s] -- Up-to-date: /home/rick/ROS2/chapt3/topic_practice_ws/install/status_interfaces/include/status_interfaces/status_interfaces
[0.201s] -- Up-to-date: /home/rick/ROS2/chapt3/topic_practice_ws/install/status_interfaces/include/status_interfaces/status_interfaces/msg
[0.201s] -- Up-to-date: /home/rick/ROS2/chapt3/topic_practice_ws/install/status_interfaces/include/status_interfaces/status_interfaces/msg/detail
[0.201s] -- Up-to-date: /home/rick/ROS2/chapt3/topic_practice_ws/install/status_interfaces/include/status_interfaces/status_interfaces/msg/detail/system_status__type_support.cpp
[0.201s] -- Up-to-date: /home/rick/ROS2/chapt3/topic_practice_ws/install/status_interfaces/include/status_interfaces/status_interfaces/msg/detail/system_status__rosidl_typesupport_introspection_cpp.hpp
[0.201s] -- Up-to-date: /home/rick/ROS2/chapt3/topic_practice_ws/install/status_interfaces/lib/libstatus_interfaces__rosidl_typesupport_introspection_cpp.so
[0.201s] -- Up-to-date: /home/rick/ROS2/chapt3/topic_practice_ws/install/status_interfaces/lib/libstatus_interfaces__rosidl_typesupport_cpp.so
[0.201s] -- Up-to-date: /home/rick/ROS2/chapt3/topic_practice_ws/install/status_interfaces/share/status_interfaces/environment/pythonpath.sh
[0.201s] -- Up-to-date: /home/rick/ROS2/chapt3/topic_practice_ws/install/status_interfaces/share/status_interfaces/environment/pythonpath.dsv
[0.201s] -- Up-to-date: /home/rick/ROS2/chapt3/topic_practice_ws/install/status_interfaces/local/lib/python3.10/dist-packages/status_interfaces-0.0.0-py3.10.egg-info
[0.201s] -- Installing: /home/rick/ROS2/chapt3/topic_practice_ws/install/status_interfaces/local/lib/python3.10/dist-packages/status_interfaces-0.0.0-py3.10.egg-info/dependency_links.txt
[0.201s] -- Installing: /home/rick/ROS2/chapt3/topic_practice_ws/install/status_interfaces/local/lib/python3.10/dist-packages/status_interfaces-0.0.0-py3.10.egg-info/SOURCES.txt
[0.201s] -- Installing: /home/rick/ROS2/chapt3/topic_practice_ws/install/status_interfaces/local/lib/python3.10/dist-packages/status_interfaces-0.0.0-py3.10.egg-info/PKG-INFO
[0.201s] -- Installing: /home/rick/ROS2/chapt3/topic_practice_ws/install/status_interfaces/local/lib/python3.10/dist-packages/status_interfaces-0.0.0-py3.10.egg-info/top_level.txt
[0.201s] -- Up-to-date: /home/rick/ROS2/chapt3/topic_practice_ws/install/status_interfaces/local/lib/python3.10/dist-packages/status_interfaces
[0.201s] -- Up-to-date: /home/rick/ROS2/chapt3/topic_practice_ws/install/status_interfaces/local/lib/python3.10/dist-packages/status_interfaces/_status_interfaces_s.ep.rosidl_typesupport_c.c
[0.201s] -- Up-to-date: /home/rick/ROS2/chapt3/topic_practice_ws/install/status_interfaces/local/lib/python3.10/dist-packages/status_interfaces/_status_interfaces_s.ep.rosidl_typesupport_introspection_c.c
[0.201s] -- Up-to-date: /home/rick/ROS2/chapt3/topic_practice_ws/install/status_interfaces/local/lib/python3.10/dist-packages/status_interfaces/msg
[0.202s] -- Up-to-date: /home/rick/ROS2/chapt3/topic_practice_ws/install/status_interfaces/local/lib/python3.10/dist-packages/status_interfaces/msg/__init__.py
[0.202s] -- Up-to-date: /home/rick/ROS2/chapt3/topic_practice_ws/install/status_interfaces/local/lib/python3.10/dist-packages/status_interfaces/msg/_system_status.py
[0.202s] -- Up-to-date: /home/rick/ROS2/chapt3/topic_practice_ws/install/status_interfaces/local/lib/python3.10/dist-packages/status_interfaces/msg/_system_status_s.c
[0.202s] -- Up-to-date: /home/rick/ROS2/chapt3/topic_practice_ws/install/status_interfaces/local/lib/python3.10/dist-packages/status_interfaces/__init__.py
[0.202s] -- Up-to-date: /home/rick/ROS2/chapt3/topic_practice_ws/install/status_interfaces/local/lib/python3.10/dist-packages/status_interfaces/status_interfaces_s__rosidl_typesupport_introspection_c.cpython-310-x86_64-linux-gnu.so
[0.202s] -- Up-to-date: /home/rick/ROS2/chapt3/topic_practice_ws/install/status_interfaces/local/lib/python3.10/dist-packages/status_interfaces/libstatus_interfaces__rosidl_generator_py.so
[0.202s] -- Up-to-date: /home/rick/ROS2/chapt3/topic_practice_ws/install/status_interfaces/local/lib/python3.10/dist-packages/status_interfaces/status_interfaces_s__rosidl_typesupport_fastrtps_c.cpython-310-x86_64-linux-gnu.so
[0.202s] -- Up-to-date: /home/rick/ROS2/chapt3/topic_practice_ws/install/status_interfaces/local/lib/python3.10/dist-packages/status_interfaces/_status_interfaces_s.ep.rosidl_typesupport_fastrtps_c.c
[0.202s] -- Up-to-date: /home/rick/ROS2/chapt3/topic_practice_ws/install/status_interfaces/local/lib/python3.10/dist-packages/status_interfaces/status_interfaces_s__rosidl_typesupport_c.cpython-310-x86_64-linux-gnu.so
[0.223s] Listing '/home/rick/ROS2/chapt3/topic_practice_ws/install/status_interfaces/local/lib/python3.10/dist-packages/status_interfaces'...
[0.223s] Listing '/home/rick/ROS2/chapt3/topic_practice_ws/install/status_interfaces/local/lib/python3.10/dist-packages/status_interfaces/msg'...
[0.226s] -- Up-to-date: /home/rick/ROS2/chapt3/topic_practice_ws/install/status_interfaces/local/lib/python3.10/dist-packages/status_interfaces/status_interfaces_s__rosidl_typesupport_fastrtps_c.cpython-310-x86_64-linux-gnu.so
[0.226s] -- Up-to-date: /home/rick/ROS2/chapt3/topic_practice_ws/install/status_interfaces/local/lib/python3.10/dist-packages/status_interfaces/status_interfaces_s__rosidl_typesupport_introspection_c.cpython-310-x86_64-linux-gnu.so
[0.226s] -- Up-to-date: /home/rick/ROS2/chapt3/topic_practice_ws/install/status_interfaces/local/lib/python3.10/dist-packages/status_interfaces/status_interfaces_s__rosidl_typesupport_c.cpython-310-x86_64-linux-gnu.so
[0.226s] -- Up-to-date: /home/rick/ROS2/chapt3/topic_practice_ws/install/status_interfaces/lib/libstatus_interfaces__rosidl_generator_py.so
[0.226s] -- Up-to-date: /home/rick/ROS2/chapt3/topic_practice_ws/install/status_interfaces/share/ament_index/resource_index/rust_packages/status_interfaces
[0.227s] -- Up-to-date: /home/rick/ROS2/chapt3/topic_practice_ws/install/status_interfaces/share/status_interfaces/rust
[0.227s] -- Up-to-date: /home/rick/ROS2/chapt3/topic_practice_ws/install/status_interfaces/share/status_interfaces/rust/Cargo.toml
[0.227s] -- Up-to-date: /home/rick/ROS2/chapt3/topic_practice_ws/install/status_interfaces/share/status_interfaces/rust/build.rs
[0.227s] -- Up-to-date: /home/rick/ROS2/chapt3/topic_practice_ws/install/status_interfaces/share/status_interfaces/rust/src
[0.227s] -- Up-to-date: /home/rick/ROS2/chapt3/topic_practice_ws/install/status_interfaces/share/status_interfaces/rust/src/msg
[0.227s] -- Up-to-date: /home/rick/ROS2/chapt3/topic_practice_ws/install/status_interfaces/share/status_interfaces/rust/src/msg/rmw.rs
[0.227s] -- Up-to-date: /home/rick/ROS2/chapt3/topic_practice_ws/install/status_interfaces/share/status_interfaces/rust/src/msg.rs
[0.227s] -- Up-to-date: /home/rick/ROS2/chapt3/topic_practice_ws/install/status_interfaces/share/status_interfaces/rust/src/lib.rs
[0.227s] -- Up-to-date: /home/rick/ROS2/chapt3/topic_practice_ws/install/status_interfaces/share/status_interfaces/msg/SystemStatus.idl
[0.227s] -- Up-to-date: /home/rick/ROS2/chapt3/topic_practice_ws/install/status_interfaces/share/status_interfaces/msg/SystemStatus.msg
[0.227s] -- Up-to-date: /home/rick/ROS2/chapt3/topic_practice_ws/install/status_interfaces/share/ament_index/resource_index/package_run_dependencies/status_interfaces
[0.227s] -- Up-to-date: /home/rick/ROS2/chapt3/topic_practice_ws/install/status_interfaces/share/ament_index/resource_index/parent_prefix_path/status_interfaces
[0.227s] -- Up-to-date: /home/rick/ROS2/chapt3/topic_practice_ws/install/status_interfaces/share/status_interfaces/environment/ament_prefix_path.sh
[0.227s] -- Up-to-date: /home/rick/ROS2/chapt3/topic_practice_ws/install/status_interfaces/share/status_interfaces/environment/ament_prefix_path.dsv
[0.227s] -- Up-to-date: /home/rick/ROS2/chapt3/topic_practice_ws/install/status_interfaces/share/status_interfaces/environment/path.sh
[0.227s] -- Up-to-date: /home/rick/ROS2/chapt3/topic_practice_ws/install/status_interfaces/share/status_interfaces/environment/path.dsv
[0.227s] -- Up-to-date: /home/rick/ROS2/chapt3/topic_practice_ws/install/status_interfaces/share/status_interfaces/local_setup.bash
[0.227s] -- Up-to-date: /home/rick/ROS2/chapt3/topic_practice_ws/install/status_interfaces/share/status_interfaces/local_setup.sh
[0.227s] -- Up-to-date: /home/rick/ROS2/chapt3/topic_practice_ws/install/status_interfaces/share/status_interfaces/local_setup.zsh
[0.227s] -- Up-to-date: /home/rick/ROS2/chapt3/topic_practice_ws/install/status_interfaces/share/status_interfaces/local_setup.dsv
[0.227s] -- Installing: /home/rick/ROS2/chapt3/topic_practice_ws/install/status_interfaces/share/status_interfaces/package.dsv
[0.227s] -- Up-to-date: /home/rick/ROS2/chapt3/topic_practice_ws/install/status_interfaces/share/ament_index/resource_index/packages/status_interfaces
[0.227s] -- Up-to-date: /home/rick/ROS2/chapt3/topic_practice_ws/install/status_interfaces/share/status_interfaces/cmake/export_status_interfaces__rosidl_generator_cExport.cmake
[0.227s] -- Up-to-date: /home/rick/ROS2/chapt3/topic_practice_ws/install/status_interfaces/share/status_interfaces/cmake/export_status_interfaces__rosidl_generator_cExport-noconfig.cmake
[0.227s] -- Up-to-date: /home/rick/ROS2/chapt3/topic_practice_ws/install/status_interfaces/share/status_interfaces/cmake/export_status_interfaces__rosidl_typesupport_fastrtps_cExport.cmake
[0.227s] -- Up-to-date: /home/rick/ROS2/chapt3/topic_practice_ws/install/status_interfaces/share/status_interfaces/cmake/export_status_interfaces__rosidl_typesupport_fastrtps_cExport-noconfig.cmake
[0.227s] -- Up-to-date: /home/rick/ROS2/chapt3/topic_practice_ws/install/status_interfaces/share/status_interfaces/cmake/status_interfaces__rosidl_typesupport_introspection_cExport.cmake
[0.228s] -- Up-to-date: /home/rick/ROS2/chapt3/topic_practice_ws/install/status_interfaces/share/status_interfaces/cmake/status_interfaces__rosidl_typesupport_introspection_cExport-noconfig.cmake
[0.228s] -- Up-to-date: /home/rick/ROS2/chapt3/topic_practice_ws/install/status_interfaces/share/status_interfaces/cmake/status_interfaces__rosidl_typesupport_cExport.cmake
[0.228s] -- Up-to-date: /home/rick/ROS2/chapt3/topic_practice_ws/install/status_interfaces/share/status_interfaces/cmake/status_interfaces__rosidl_typesupport_cExport-noconfig.cmake
[0.228s] -- Up-to-date: /home/rick/ROS2/chapt3/topic_practice_ws/install/status_interfaces/share/status_interfaces/cmake/export_status_interfaces__rosidl_generator_cppExport.cmake
[0.228s] -- Up-to-date: /home/rick/ROS2/chapt3/topic_practice_ws/install/status_interfaces/share/status_interfaces/cmake/export_status_interfaces__rosidl_typesupport_fastrtps_cppExport.cmake
[0.228s] -- Up-to-date: /home/rick/ROS2/chapt3/topic_practice_ws/install/status_interfaces/share/status_interfaces/cmake/export_status_interfaces__rosidl_typesupport_fastrtps_cppExport-noconfig.cmake
[0.228s] -- Up-to-date: /home/rick/ROS2/chapt3/topic_practice_ws/install/status_interfaces/share/status_interfaces/cmake/status_interfaces__rosidl_typesupport_introspection_cppExport.cmake
[0.228s] -- Up-to-date: /home/rick/ROS2/chapt3/topic_practice_ws/install/status_interfaces/share/status_interfaces/cmake/status_interfaces__rosidl_typesupport_introspection_cppExport-noconfig.cmake
[0.228s] -- Up-to-date: /home/rick/ROS2/chapt3/topic_practice_ws/install/status_interfaces/share/status_interfaces/cmake/status_interfaces__rosidl_typesupport_cppExport.cmake
[0.228s] -- Up-to-date: /home/rick/ROS2/chapt3/topic_practice_ws/install/status_interfaces/share/status_interfaces/cmake/status_interfaces__rosidl_typesupport_cppExport-noconfig.cmake
[0.228s] -- Up-to-date: /home/rick/ROS2/chapt3/topic_practice_ws/install/status_interfaces/share/status_interfaces/cmake/export_status_interfaces__rosidl_generator_pyExport.cmake
[0.228s] -- Up-to-date: /home/rick/ROS2/chapt3/topic_practice_ws/install/status_interfaces/share/status_interfaces/cmake/export_status_interfaces__rosidl_generator_pyExport-noconfig.cmake
[0.228s] -- Up-to-date: /home/rick/ROS2/chapt3/topic_practice_ws/install/status_interfaces/share/status_interfaces/cmake/rosidl_cmake-extras.cmake
[0.228s] -- Up-to-date: /home/rick/ROS2/chapt3/topic_practice_ws/install/status_interfaces/share/status_interfaces/cmake/ament_cmake_export_dependencies-extras.cmake
[0.228s] -- Up-to-date: /home/rick/ROS2/chapt3/topic_practice_ws/install/status_interfaces/share/status_interfaces/cmake/ament_cmake_export_include_directories-extras.cmake
[0.228s] -- Up-to-date: /home/rick/ROS2/chapt3/topic_practice_ws/install/status_interfaces/share/status_interfaces/cmake/ament_cmake_export_libraries-extras.cmake
[0.228s] -- Up-to-date: /home/rick/ROS2/chapt3/topic_practice_ws/install/status_interfaces/share/status_interfaces/cmake/ament_cmake_export_targets-extras.cmake
[0.228s] -- Up-to-date: /home/rick/ROS2/chapt3/topic_practice_ws/install/status_interfaces/share/status_interfaces/cmake/rosidl_cmake_export_typesupport_targets-extras.cmake
[0.228s] -- Up-to-date: /home/rick/ROS2/chapt3/topic_practice_ws/install/status_interfaces/share/status_interfaces/cmake/rosidl_cmake_export_typesupport_libraries-extras.cmake
[0.228s] -- Up-to-date: /home/rick/ROS2/chapt3/topic_practice_ws/install/status_interfaces/share/status_interfaces/cmake/status_interfacesConfig.cmake
[0.228s] -- Up-to-date: /home/rick/ROS2/chapt3/topic_practice_ws/install/status_interfaces/share/status_interfaces/cmake/status_interfacesConfig-version.cmake
[0.228s] -- Up-to-date: /home/rick/ROS2/chapt3/topic_practice_ws/install/status_interfaces/share/status_interfaces/package.xml
[0.229s] Invoked command in '/home/rick/ROS2/chapt3/topic_practice_ws/build/status_interfaces' returned '0': CMAKE_PREFIX_PATH=${CMAKE_PREFIX_PATH}:/home/rick/ROS2/chapt3/topic_practice_ws/install/status_publisher:/opt/ros/humble /usr/bin/cmake --install /home/rick/ROS2/chapt3/topic_practice_ws/build/status_interfaces
