[0.005s] Invoking command in '/home/rick/chapt2/chapt2_ws/build/demo_cpp_pkg': CMAKE_PREFIX_PATH=${CMAKE_PREFIX_PATH}:/home/rick/chapt2/chapt2_ws/install/demo_python_pkg:/opt/ros/humble /usr/bin/cmake --build /home/rick/chapt2/chapt2_ws/build/demo_cpp_pkg -- -j32 -l32
[0.048s] [35m[1mConsolidate compiler generated dependencies of target person_node[0m
[0.056s] [ 50%] Built target cpp_node
[0.061s] [ 75%] [32mBuilding CXX object CMakeFiles/person_node.dir/src/person_node.cpp.o[0m
[1.352s] [100%] [32m[1mLinking CXX executable person_node[0m
[1.434s] [100%] Built target person_node
[1.443s] Invoked command in '/home/rick/chapt2/chapt2_ws/build/demo_cpp_pkg' returned '0': CMAKE_PREFIX_PATH=${CMAKE_PREFIX_PATH}:/home/rick/chapt2/chapt2_ws/install/demo_python_pkg:/opt/ros/humble /usr/bin/cmake --build /home/rick/chapt2/chapt2_ws/build/demo_cpp_pkg -- -j32 -l32
[1.452s] Invoking command in '/home/rick/chapt2/chapt2_ws/build/demo_cpp_pkg': CMAKE_PREFIX_PATH=${CMAKE_PREFIX_PATH}:/home/rick/chapt2/chapt2_ws/install/demo_python_pkg:/opt/ros/humble /usr/bin/cmake --install /home/rick/chapt2/chapt2_ws/build/demo_cpp_pkg
[1.460s] -- Install configuration: ""
[1.460s] -- Up-to-date: /home/rick/chapt2/chapt2_ws/install/demo_cpp_pkg/lib/demo_cpp_pkg/cpp_node
[1.460s] -- Installing: /home/rick/chapt2/chapt2_ws/install/demo_cpp_pkg/lib/demo_cpp_pkg/person_node
[1.461s] -- Set runtime path of "/home/rick/chapt2/chapt2_ws/install/demo_cpp_pkg/lib/demo_cpp_pkg/person_node" to ""
[1.461s] -- Up-to-date: /home/rick/chapt2/chapt2_ws/install/demo_cpp_pkg/share/ament_index/resource_index/package_run_dependencies/demo_cpp_pkg
[1.461s] -- Up-to-date: /home/rick/chapt2/chapt2_ws/install/demo_cpp_pkg/share/ament_index/resource_index/parent_prefix_path/demo_cpp_pkg
[1.461s] -- Up-to-date: /home/rick/chapt2/chapt2_ws/install/demo_cpp_pkg/share/demo_cpp_pkg/environment/ament_prefix_path.sh
[1.461s] -- Up-to-date: /home/rick/chapt2/chapt2_ws/install/demo_cpp_pkg/share/demo_cpp_pkg/environment/ament_prefix_path.dsv
[1.461s] -- Up-to-date: /home/rick/chapt2/chapt2_ws/install/demo_cpp_pkg/share/demo_cpp_pkg/environment/path.sh
[1.461s] -- Up-to-date: /home/rick/chapt2/chapt2_ws/install/demo_cpp_pkg/share/demo_cpp_pkg/environment/path.dsv
[1.461s] -- Up-to-date: /home/rick/chapt2/chapt2_ws/install/demo_cpp_pkg/share/demo_cpp_pkg/local_setup.bash
[1.461s] -- Up-to-date: /home/rick/chapt2/chapt2_ws/install/demo_cpp_pkg/share/demo_cpp_pkg/local_setup.sh
[1.461s] -- Up-to-date: /home/rick/chapt2/chapt2_ws/install/demo_cpp_pkg/share/demo_cpp_pkg/local_setup.zsh
[1.461s] -- Up-to-date: /home/rick/chapt2/chapt2_ws/install/demo_cpp_pkg/share/demo_cpp_pkg/local_setup.dsv
[1.461s] -- Installing: /home/rick/chapt2/chapt2_ws/install/demo_cpp_pkg/share/demo_cpp_pkg/package.dsv
[1.461s] -- Up-to-date: /home/rick/chapt2/chapt2_ws/install/demo_cpp_pkg/share/ament_index/resource_index/packages/demo_cpp_pkg
[1.461s] -- Up-to-date: /home/rick/chapt2/chapt2_ws/install/demo_cpp_pkg/share/demo_cpp_pkg/cmake/demo_cpp_pkgConfig.cmake
[1.461s] -- Up-to-date: /home/rick/chapt2/chapt2_ws/install/demo_cpp_pkg/share/demo_cpp_pkg/cmake/demo_cpp_pkgConfig-version.cmake
[1.461s] -- Up-to-date: /home/rick/chapt2/chapt2_ws/install/demo_cpp_pkg/share/demo_cpp_pkg/package.xml
[1.463s] Invoked command in '/home/rick/chapt2/chapt2_ws/build/demo_cpp_pkg' returned '0': CMAKE_PREFIX_PATH=${CMAKE_PREFIX_PATH}:/home/rick/chapt2/chapt2_ws/install/demo_python_pkg:/opt/ros/humble /usr/bin/cmake --install /home/rick/chapt2/chapt2_ws/build/demo_cpp_pkg
