[0.313s] Invoking command in '/home/rick/ROS2/chapt3/topic_practice_ws/src/status_publisher': AMENT_PREFIX_PATH=/home/rick/ROS2/chapt3/topic_practice_ws/install/status_interfaces:${AMENT_PREFIX_PATH} CMAKE_PREFIX_PATH=/home/rick/ROS2/chapt3/topic_practice_ws/install/status_interfaces LD_LIBRARY_PATH=/home/rick/ROS2/chapt3/topic_practice_ws/install/status_interfaces/lib:${LD_LIBRARY_PATH} PYTHONPATH=/home/rick/ROS2/chapt3/topic_practice_ws/build/status_publisher/prefix_override:/usr/lib/python3/dist-packages/colcon_core/task/python/colcon_distutils_commands:/home/rick/ROS2/chapt3/topic_practice_ws/install/status_publisher/lib/python3.10/site-packages:/home/rick/ROS2/chapt3/topic_practice_ws/install/status_interfaces/local/lib/python3.10/dist-packages:${PYTHONPATH} /usr/bin/python3 -W ignore:setup.py install is deprecated -W ignore:easy_install command is deprecated setup.py egg_info --egg-base ../../build/status_publisher build --build-base /home/rick/ROS2/chapt3/topic_practice_ws/build/status_publisher/build install --record /home/rick/ROS2/chapt3/topic_practice_ws/build/status_publisher/install.log --install-scripts $base/lib/status_publisher --single-version-externally-managed install_data
[0.434s] running egg_info
[0.434s] writing ../../build/status_publisher/status_publisher.egg-info/PKG-INFO
[0.434s] writing dependency_links to ../../build/status_publisher/status_publisher.egg-info/dependency_links.txt
[0.434s] writing entry points to ../../build/status_publisher/status_publisher.egg-info/entry_points.txt
[0.434s] writing requirements to ../../build/status_publisher/status_publisher.egg-info/requires.txt
[0.434s] writing top-level names to ../../build/status_publisher/status_publisher.egg-info/top_level.txt
[0.435s] reading manifest file '../../build/status_publisher/status_publisher.egg-info/SOURCES.txt'
[0.435s] adding license file 'LICENSE'
[0.436s] writing manifest file '../../build/status_publisher/status_publisher.egg-info/SOURCES.txt'
[0.436s] running build
[0.436s] running build_py
[0.436s] running install
[0.436s] running install_lib
[0.437s] running install_data
[0.437s] running install_egg_info
[0.438s] removing '/home/rick/ROS2/chapt3/topic_practice_ws/install/status_publisher/lib/python3.10/site-packages/status_publisher-0.0.0-py3.10.egg-info' (and everything under it)
[0.438s] Copying ../../build/status_publisher/status_publisher.egg-info to /home/rick/ROS2/chapt3/topic_practice_ws/install/status_publisher/lib/python3.10/site-packages/status_publisher-0.0.0-py3.10.egg-info
[0.438s] running install_scripts
[0.451s] Installing sys_status_pub script to /home/rick/ROS2/chapt3/topic_practice_ws/install/status_publisher/lib/status_publisher
[0.451s] writing list of installed files to '/home/rick/ROS2/chapt3/topic_practice_ws/build/status_publisher/install.log'
[0.467s] Invoked command in '/home/rick/ROS2/chapt3/topic_practice_ws/src/status_publisher' returned '0': AMENT_PREFIX_PATH=/home/rick/ROS2/chapt3/topic_practice_ws/install/status_interfaces:${AMENT_PREFIX_PATH} CMAKE_PREFIX_PATH=/home/rick/ROS2/chapt3/topic_practice_ws/install/status_interfaces LD_LIBRARY_PATH=/home/rick/ROS2/chapt3/topic_practice_ws/install/status_interfaces/lib:${LD_LIBRARY_PATH} PYTHONPATH=/home/rick/ROS2/chapt3/topic_practice_ws/build/status_publisher/prefix_override:/usr/lib/python3/dist-packages/colcon_core/task/python/colcon_distutils_commands:/home/rick/ROS2/chapt3/topic_practice_ws/install/status_publisher/lib/python3.10/site-packages:/home/rick/ROS2/chapt3/topic_practice_ws/install/status_interfaces/local/lib/python3.10/dist-packages:${PYTHONPATH} /usr/bin/python3 -W ignore:setup.py install is deprecated -W ignore:easy_install command is deprecated setup.py egg_info --egg-base ../../build/status_publisher build --build-base /home/rick/ROS2/chapt3/topic_practice_ws/build/status_publisher/build install --record /home/rick/ROS2/chapt3/topic_practice_ws/build/status_publisher/install.log --install-scripts $base/lib/status_publisher --single-version-externally-managed install_data
