[0.255s] Invoking command in '/home/rick/ROS2/chapt3/topic_practice_ws/src/status_publisher': PYTHONPATH=/home/rick/ROS2/chapt3/topic_practice_ws/build/status_publisher/prefix_override:/usr/lib/python3/dist-packages/colcon_core/task/python/colcon_distutils_commands:/home/rick/ROS2/chapt3/topic_practice_ws/install/status_publisher/lib/python3.10/site-packages:${PYTHONPATH} /usr/bin/python3 -W ignore:setup.py install is deprecated -W ignore:easy_install command is deprecated setup.py egg_info --egg-base ../../build/status_publisher build --build-base /home/rick/ROS2/chapt3/topic_practice_ws/build/status_publisher/build install --record /home/rick/ROS2/chapt3/topic_practice_ws/build/status_publisher/install.log --install-scripts $base/lib/status_publisher --single-version-externally-managed install_data
[0.353s] running egg_info
[0.354s] writing ../../build/status_publisher/status_publisher.egg-info/PKG-INFO
[0.354s] writing dependency_links to ../../build/status_publisher/status_publisher.egg-info/dependency_links.txt
[0.354s] writing entry points to ../../build/status_publisher/status_publisher.egg-info/entry_points.txt
[0.354s] writing requirements to ../../build/status_publisher/status_publisher.egg-info/requires.txt
[0.354s] writing top-level names to ../../build/status_publisher/status_publisher.egg-info/top_level.txt
[0.354s] reading manifest file '../../build/status_publisher/status_publisher.egg-info/SOURCES.txt'
[0.355s] adding license file 'LICENSE'
[0.355s] writing manifest file '../../build/status_publisher/status_publisher.egg-info/SOURCES.txt'
[0.355s] running build
[0.355s] running build_py
[0.355s] copying status_publisher/sys_statys_pub.py -> /home/rick/ROS2/chapt3/topic_practice_ws/build/status_publisher/build/lib/status_publisher
[0.355s] running install
[0.355s] running install_lib
[0.356s] copying /home/rick/ROS2/chapt3/topic_practice_ws/build/status_publisher/build/lib/status_publisher/sys_statys_pub.py -> /home/rick/ROS2/chapt3/topic_practice_ws/install/status_publisher/lib/python3.10/site-packages/status_publisher
[0.356s] byte-compiling /home/rick/ROS2/chapt3/topic_practice_ws/install/status_publisher/lib/python3.10/site-packages/status_publisher/sys_statys_pub.py to sys_statys_pub.cpython-310.pyc
[0.356s] running install_data
[0.356s] running install_egg_info
[0.357s] removing '/home/rick/ROS2/chapt3/topic_practice_ws/install/status_publisher/lib/python3.10/site-packages/status_publisher-0.0.0-py3.10.egg-info' (and everything under it)
[0.357s] Copying ../../build/status_publisher/status_publisher.egg-info to /home/rick/ROS2/chapt3/topic_practice_ws/install/status_publisher/lib/python3.10/site-packages/status_publisher-0.0.0-py3.10.egg-info
[0.357s] running install_scripts
[0.367s] Installing sys_status_pub script to /home/rick/ROS2/chapt3/topic_practice_ws/install/status_publisher/lib/status_publisher
[0.367s] writing list of installed files to '/home/rick/ROS2/chapt3/topic_practice_ws/build/status_publisher/install.log'
[0.377s] Invoked command in '/home/rick/ROS2/chapt3/topic_practice_ws/src/status_publisher' returned '0': PYTHONPATH=/home/rick/ROS2/chapt3/topic_practice_ws/build/status_publisher/prefix_override:/usr/lib/python3/dist-packages/colcon_core/task/python/colcon_distutils_commands:/home/rick/ROS2/chapt3/topic_practice_ws/install/status_publisher/lib/python3.10/site-packages:${PYTHONPATH} /usr/bin/python3 -W ignore:setup.py install is deprecated -W ignore:easy_install command is deprecated setup.py egg_info --egg-base ../../build/status_publisher build --build-base /home/rick/ROS2/chapt3/topic_practice_ws/build/status_publisher/build install --record /home/rick/ROS2/chapt3/topic_practice_ws/build/status_publisher/install.log --install-scripts $base/lib/status_publisher --single-version-externally-managed install_data
