[0.007s] Invoking command in '/home/rick/ROS2/chapt3/topic_practice_ws/build/status_interfaces': CMAKE_PREFIX_PATH=/opt/ros/humble /usr/bin/cmake --build /home/rick/ROS2/chapt3/topic_practice_ws/build/status_interfaces -- -j32 -l32
[0.054s] [  3%] Built target status_interfaces__rs
[0.057s] [  6%] Built target status_interfaces__cpp
[0.059s] [ 15%] Built target status_interfaces__rosidl_generator_c
[0.063s] [ 15%] Built target ament_cmake_python_copy_status_interfaces
[0.071s] [ 25%] Built target status_interfaces__rosidl_typesupport_fastrtps_cpp
[0.072s] [ 34%] Built target status_interfaces__rosidl_typesupport_introspection_c
[0.072s] [ 43%] Built target status_interfaces__rosidl_typesupport_introspection_cpp
[0.073s] [ 53%] Built target status_interfaces__rosidl_typesupport_cpp
[0.073s] [ 62%] Built target status_interfaces__rosidl_typesupport_c
[0.074s] [ 71%] Built target status_interfaces__rosidl_typesupport_fastrtps_c
[0.087s] [ 71%] Built target status_interfaces
[0.099s] [ 75%] Built target status_interfaces__py
[0.114s] [ 81%] Built target status_interfaces__rosidl_generator_py
[0.131s] [ 87%] Built target status_interfaces__rosidl_typesupport_fastrtps_c__pyext
[0.131s] [ 93%] Built target status_interfaces__rosidl_typesupport_introspection_c__pyext
[0.131s] [100%] Built target status_interfaces__rosidl_typesupport_c__pyext
[0.173s] running egg_info
[0.173s] writing status_interfaces.egg-info/PKG-INFO
[0.173s] writing dependency_links to status_interfaces.egg-info/dependency_links.txt
[0.173s] writing top-level names to status_interfaces.egg-info/top_level.txt
[0.174s] reading manifest file 'status_interfaces.egg-info/SOURCES.txt'
[0.174s] writing manifest file 'status_interfaces.egg-info/SOURCES.txt'
[0.188s] [100%] Built target ament_cmake_python_build_status_interfaces_egg
[0.199s] Invoked command in '/home/rick/ROS2/chapt3/topic_practice_ws/build/status_interfaces' returned '0': CMAKE_PREFIX_PATH=/opt/ros/humble /usr/bin/cmake --build /home/rick/ROS2/chapt3/topic_practice_ws/build/status_interfaces -- -j32 -l32
[0.211s] Invoking command in '/home/rick/ROS2/chapt3/topic_practice_ws/build/status_interfaces': CMAKE_PREFIX_PATH=/opt/ros/humble /usr/bin/cmake --install /home/rick/ROS2/chapt3/topic_practice_ws/build/status_interfaces
[0.221s] -- Install configuration: ""
[0.221s] -- Up-to-date: /home/rick/ROS2/chapt3/topic_practice_ws/install/status_interfaces/share/ament_index/resource_index/rosidl_interfaces/status_interfaces
[0.221s] -- Up-to-date: /home/rick/ROS2/chapt3/topic_practice_ws/install/status_interfaces/include/status_interfaces/status_interfaces
[0.221s] -- Up-to-date: /home/rick/ROS2/chapt3/topic_practice_ws/install/status_interfaces/include/status_interfaces/status_interfaces/msg
[0.222s] -- Up-to-date: /home/rick/ROS2/chapt3/topic_practice_ws/install/status_interfaces/include/status_interfaces/status_interfaces/msg/rosidl_generator_c__visibility_control.h
[0.222s] -- Up-to-date: /home/rick/ROS2/chapt3/topic_practice_ws/install/status_interfaces/include/status_interfaces/status_interfaces/msg/detail
[0.222s] -- Up-to-date: /home/rick/ROS2/chapt3/topic_practice_ws/install/status_interfaces/include/status_interfaces/status_interfaces/msg/detail/system_status__functions.h
[0.222s] -- Up-to-date: /home/rick/ROS2/chapt3/topic_practice_ws/install/status_interfaces/include/status_interfaces/status_interfaces/msg/detail/system_status__functions.c
[0.222s] -- Up-to-date: /home/rick/ROS2/chapt3/topic_practice_ws/install/status_interfaces/include/status_interfaces/status_interfaces/msg/detail/system_status__type_support.h
[0.222s] -- Up-to-date: /home/rick/ROS2/chapt3/topic_practice_ws/install/status_interfaces/include/status_interfaces/status_interfaces/msg/detail/system_status__struct.h
[0.222s] -- Up-to-date: /home/rick/ROS2/chapt3/topic_practice_ws/install/status_interfaces/include/status_interfaces/status_interfaces/msg/system_status.h
[0.222s] -- Up-to-date: /home/rick/ROS2/chapt3/topic_practice_ws/install/status_interfaces/share/status_interfaces/environment/library_path.sh
[0.222s] -- Up-to-date: /home/rick/ROS2/chapt3/topic_practice_ws/install/status_interfaces/share/status_interfaces/environment/library_path.dsv
[0.222s] -- Up-to-date: /home/rick/ROS2/chapt3/topic_practice_ws/install/status_interfaces/lib/libstatus_interfaces__rosidl_generator_c.so
[0.222s] -- Up-to-date: /home/rick/ROS2/chapt3/topic_practice_ws/install/status_interfaces/include/status_interfaces/status_interfaces
[0.222s] -- Up-to-date: /home/rick/ROS2/chapt3/topic_practice_ws/install/status_interfaces/include/status_interfaces/status_interfaces/msg
[0.223s] -- Up-to-date: /home/rick/ROS2/chapt3/topic_practice_ws/install/status_interfaces/include/status_interfaces/status_interfaces/msg/rosidl_typesupport_fastrtps_c__visibility_control.h
[0.223s] -- Up-to-date: /home/rick/ROS2/chapt3/topic_practice_ws/install/status_interfaces/include/status_interfaces/status_interfaces/msg/detail
[0.223s] -- Up-to-date: /home/rick/ROS2/chapt3/topic_practice_ws/install/status_interfaces/include/status_interfaces/status_interfaces/msg/detail/system_status__rosidl_typesupport_fastrtps_c.h
[0.223s] -- Up-to-date: /home/rick/ROS2/chapt3/topic_practice_ws/install/status_interfaces/lib/libstatus_interfaces__rosidl_typesupport_fastrtps_c.so
[0.223s] -- Up-to-date: /home/rick/ROS2/chapt3/topic_practice_ws/install/status_interfaces/include/status_interfaces/status_interfaces
[0.223s] -- Up-to-date: /home/rick/ROS2/chapt3/topic_practice_ws/install/status_interfaces/include/status_interfaces/status_interfaces/msg
[0.223s] -- Up-to-date: /home/rick/ROS2/chapt3/topic_practice_ws/install/status_interfaces/include/status_interfaces/status_interfaces/msg/detail
[0.223s] -- Up-to-date: /home/rick/ROS2/chapt3/topic_practice_ws/install/status_interfaces/include/status_interfaces/status_interfaces/msg/detail/system_status__type_support.c
[0.223s] -- Up-to-date: /home/rick/ROS2/chapt3/topic_practice_ws/install/status_interfaces/include/status_interfaces/status_interfaces/msg/detail/system_status__rosidl_typesupport_introspection_c.h
[0.223s] -- Up-to-date: /home/rick/ROS2/chapt3/topic_practice_ws/install/status_interfaces/include/status_interfaces/status_interfaces/msg/rosidl_typesupport_introspection_c__visibility_control.h
[0.223s] -- Up-to-date: /home/rick/ROS2/chapt3/topic_practice_ws/install/status_interfaces/lib/libstatus_interfaces__rosidl_typesupport_introspection_c.so
[0.223s] -- Up-to-date: /home/rick/ROS2/chapt3/topic_practice_ws/install/status_interfaces/lib/libstatus_interfaces__rosidl_typesupport_c.so
[0.223s] -- Up-to-date: /home/rick/ROS2/chapt3/topic_practice_ws/install/status_interfaces/include/status_interfaces/status_interfaces
[0.223s] -- Up-to-date: /home/rick/ROS2/chapt3/topic_practice_ws/install/status_interfaces/include/status_interfaces/status_interfaces/msg
[0.223s] -- Up-to-date: /home/rick/ROS2/chapt3/topic_practice_ws/install/status_interfaces/include/status_interfaces/status_interfaces/msg/system_status.hpp
[0.223s] -- Up-to-date: /home/rick/ROS2/chapt3/topic_practice_ws/install/status_interfaces/include/status_interfaces/status_interfaces/msg/detail
[0.223s] -- Up-to-date: /home/rick/ROS2/chapt3/topic_practice_ws/install/status_interfaces/include/status_interfaces/status_interfaces/msg/detail/system_status__traits.hpp
[0.224s] -- Up-to-date: /home/rick/ROS2/chapt3/topic_practice_ws/install/status_interfaces/include/status_interfaces/status_interfaces/msg/detail/system_status__struct.hpp
[0.224s] -- Up-to-date: /home/rick/ROS2/chapt3/topic_practice_ws/install/status_interfaces/include/status_interfaces/status_interfaces/msg/detail/system_status__type_support.hpp
[0.224s] -- Up-to-date: /home/rick/ROS2/chapt3/topic_practice_ws/install/status_interfaces/include/status_interfaces/status_interfaces/msg/detail/system_status__builder.hpp
[0.224s] -- Up-to-date: /home/rick/ROS2/chapt3/topic_practice_ws/install/status_interfaces/include/status_interfaces/status_interfaces/msg/rosidl_generator_cpp__visibility_control.hpp
[0.224s] -- Up-to-date: /home/rick/ROS2/chapt3/topic_practice_ws/install/status_interfaces/include/status_interfaces/status_interfaces
[0.224s] -- Up-to-date: /home/rick/ROS2/chapt3/topic_practice_ws/install/status_interfaces/include/status_interfaces/status_interfaces/msg
[0.224s] -- Up-to-date: /home/rick/ROS2/chapt3/topic_practice_ws/install/status_interfaces/include/status_interfaces/status_interfaces/msg/rosidl_typesupport_fastrtps_cpp__visibility_control.h
[0.224s] -- Up-to-date: /home/rick/ROS2/chapt3/topic_practice_ws/install/status_interfaces/include/status_interfaces/status_interfaces/msg/detail
[0.224s] -- Up-to-date: /home/rick/ROS2/chapt3/topic_practice_ws/install/status_interfaces/include/status_interfaces/status_interfaces/msg/detail/dds_fastrtps
[0.224s] -- Up-to-date: /home/rick/ROS2/chapt3/topic_practice_ws/install/status_interfaces/include/status_interfaces/status_interfaces/msg/detail/system_status__rosidl_typesupport_fastrtps_cpp.hpp
[0.224s] -- Up-to-date: /home/rick/ROS2/chapt3/topic_practice_ws/install/status_interfaces/lib/libstatus_interfaces__rosidl_typesupport_fastrtps_cpp.so
[0.224s] -- Up-to-date: /home/rick/ROS2/chapt3/topic_practice_ws/install/status_interfaces/include/status_interfaces/status_interfaces
[0.224s] -- Up-to-date: /home/rick/ROS2/chapt3/topic_practice_ws/install/status_interfaces/include/status_interfaces/status_interfaces/msg
[0.224s] -- Up-to-date: /home/rick/ROS2/chapt3/topic_practice_ws/install/status_interfaces/include/status_interfaces/status_interfaces/msg/detail
[0.224s] -- Up-to-date: /home/rick/ROS2/chapt3/topic_practice_ws/install/status_interfaces/include/status_interfaces/status_interfaces/msg/detail/system_status__type_support.cpp
[0.224s] -- Up-to-date: /home/rick/ROS2/chapt3/topic_practice_ws/install/status_interfaces/include/status_interfaces/status_interfaces/msg/detail/system_status__rosidl_typesupport_introspection_cpp.hpp
[0.224s] -- Up-to-date: /home/rick/ROS2/chapt3/topic_practice_ws/install/status_interfaces/lib/libstatus_interfaces__rosidl_typesupport_introspection_cpp.so
[0.224s] -- Up-to-date: /home/rick/ROS2/chapt3/topic_practice_ws/install/status_interfaces/lib/libstatus_interfaces__rosidl_typesupport_cpp.so
[0.225s] -- Up-to-date: /home/rick/ROS2/chapt3/topic_practice_ws/install/status_interfaces/share/status_interfaces/environment/pythonpath.sh
[0.225s] -- Up-to-date: /home/rick/ROS2/chapt3/topic_practice_ws/install/status_interfaces/share/status_interfaces/environment/pythonpath.dsv
[0.225s] -- Up-to-date: /home/rick/ROS2/chapt3/topic_practice_ws/install/status_interfaces/local/lib/python3.10/dist-packages/status_interfaces-0.0.0-py3.10.egg-info
[0.225s] -- Installing: /home/rick/ROS2/chapt3/topic_practice_ws/install/status_interfaces/local/lib/python3.10/dist-packages/status_interfaces-0.0.0-py3.10.egg-info/dependency_links.txt
[0.225s] -- Installing: /home/rick/ROS2/chapt3/topic_practice_ws/install/status_interfaces/local/lib/python3.10/dist-packages/status_interfaces-0.0.0-py3.10.egg-info/SOURCES.txt
[0.225s] -- Installing: /home/rick/ROS2/chapt3/topic_practice_ws/install/status_interfaces/local/lib/python3.10/dist-packages/status_interfaces-0.0.0-py3.10.egg-info/PKG-INFO
[0.225s] -- Installing: /home/rick/ROS2/chapt3/topic_practice_ws/install/status_interfaces/local/lib/python3.10/dist-packages/status_interfaces-0.0.0-py3.10.egg-info/top_level.txt
[0.225s] -- Up-to-date: /home/rick/ROS2/chapt3/topic_practice_ws/install/status_interfaces/local/lib/python3.10/dist-packages/status_interfaces
[0.225s] -- Up-to-date: /home/rick/ROS2/chapt3/topic_practice_ws/install/status_interfaces/local/lib/python3.10/dist-packages/status_interfaces/_status_interfaces_s.ep.rosidl_typesupport_c.c
[0.225s] -- Up-to-date: /home/rick/ROS2/chapt3/topic_practice_ws/install/status_interfaces/local/lib/python3.10/dist-packages/status_interfaces/_status_interfaces_s.ep.rosidl_typesupport_introspection_c.c
[0.225s] -- Up-to-date: /home/rick/ROS2/chapt3/topic_practice_ws/install/status_interfaces/local/lib/python3.10/dist-packages/status_interfaces/msg
[0.225s] -- Up-to-date: /home/rick/ROS2/chapt3/topic_practice_ws/install/status_interfaces/local/lib/python3.10/dist-packages/status_interfaces/msg/__init__.py
[0.225s] -- Up-to-date: /home/rick/ROS2/chapt3/topic_practice_ws/install/status_interfaces/local/lib/python3.10/dist-packages/status_interfaces/msg/_system_status.py
[0.225s] -- Up-to-date: /home/rick/ROS2/chapt3/topic_practice_ws/install/status_interfaces/local/lib/python3.10/dist-packages/status_interfaces/msg/_system_status_s.c
[0.225s] -- Up-to-date: /home/rick/ROS2/chapt3/topic_practice_ws/install/status_interfaces/local/lib/python3.10/dist-packages/status_interfaces/__init__.py
[0.225s] -- Up-to-date: /home/rick/ROS2/chapt3/topic_practice_ws/install/status_interfaces/local/lib/python3.10/dist-packages/status_interfaces/status_interfaces_s__rosidl_typesupport_introspection_c.cpython-310-x86_64-linux-gnu.so
[0.225s] -- Up-to-date: /home/rick/ROS2/chapt3/topic_practice_ws/install/status_interfaces/local/lib/python3.10/dist-packages/status_interfaces/libstatus_interfaces__rosidl_generator_py.so
[0.225s] -- Up-to-date: /home/rick/ROS2/chapt3/topic_practice_ws/install/status_interfaces/local/lib/python3.10/dist-packages/status_interfaces/status_interfaces_s__rosidl_typesupport_fastrtps_c.cpython-310-x86_64-linux-gnu.so
[0.225s] -- Up-to-date: /home/rick/ROS2/chapt3/topic_practice_ws/install/status_interfaces/local/lib/python3.10/dist-packages/status_interfaces/_status_interfaces_s.ep.rosidl_typesupport_fastrtps_c.c
[0.225s] -- Up-to-date: /home/rick/ROS2/chapt3/topic_practice_ws/install/status_interfaces/local/lib/python3.10/dist-packages/status_interfaces/status_interfaces_s__rosidl_typesupport_c.cpython-310-x86_64-linux-gnu.so
[0.240s] Listing '/home/rick/ROS2/chapt3/topic_practice_ws/install/status_interfaces/local/lib/python3.10/dist-packages/status_interfaces'...
[0.241s] Listing '/home/rick/ROS2/chapt3/topic_practice_ws/install/status_interfaces/local/lib/python3.10/dist-packages/status_interfaces/msg'...
[0.243s] -- Up-to-date: /home/rick/ROS2/chapt3/topic_practice_ws/install/status_interfaces/local/lib/python3.10/dist-packages/status_interfaces/status_interfaces_s__rosidl_typesupport_fastrtps_c.cpython-310-x86_64-linux-gnu.so
[0.243s] -- Up-to-date: /home/rick/ROS2/chapt3/topic_practice_ws/install/status_interfaces/local/lib/python3.10/dist-packages/status_interfaces/status_interfaces_s__rosidl_typesupport_introspection_c.cpython-310-x86_64-linux-gnu.so
[0.243s] -- Up-to-date: /home/rick/ROS2/chapt3/topic_practice_ws/install/status_interfaces/local/lib/python3.10/dist-packages/status_interfaces/status_interfaces_s__rosidl_typesupport_c.cpython-310-x86_64-linux-gnu.so
[0.243s] -- Up-to-date: /home/rick/ROS2/chapt3/topic_practice_ws/install/status_interfaces/lib/libstatus_interfaces__rosidl_generator_py.so
[0.243s] -- Up-to-date: /home/rick/ROS2/chapt3/topic_practice_ws/install/status_interfaces/share/ament_index/resource_index/rust_packages/status_interfaces
[0.243s] -- Up-to-date: /home/rick/ROS2/chapt3/topic_practice_ws/install/status_interfaces/share/status_interfaces/rust
[0.243s] -- Up-to-date: /home/rick/ROS2/chapt3/topic_practice_ws/install/status_interfaces/share/status_interfaces/rust/Cargo.toml
[0.243s] -- Up-to-date: /home/rick/ROS2/chapt3/topic_practice_ws/install/status_interfaces/share/status_interfaces/rust/build.rs
[0.243s] -- Up-to-date: /home/rick/ROS2/chapt3/topic_practice_ws/install/status_interfaces/share/status_interfaces/rust/src
[0.244s] -- Up-to-date: /home/rick/ROS2/chapt3/topic_practice_ws/install/status_interfaces/share/status_interfaces/rust/src/msg
[0.244s] -- Up-to-date: /home/rick/ROS2/chapt3/topic_practice_ws/install/status_interfaces/share/status_interfaces/rust/src/msg/rmw.rs
[0.244s] -- Up-to-date: /home/rick/ROS2/chapt3/topic_practice_ws/install/status_interfaces/share/status_interfaces/rust/src/msg.rs
[0.244s] -- Up-to-date: /home/rick/ROS2/chapt3/topic_practice_ws/install/status_interfaces/share/status_interfaces/rust/src/lib.rs
[0.244s] -- Up-to-date: /home/rick/ROS2/chapt3/topic_practice_ws/install/status_interfaces/share/status_interfaces/msg/SystemStatus.idl
[0.244s] -- Up-to-date: /home/rick/ROS2/chapt3/topic_practice_ws/install/status_interfaces/share/status_interfaces/msg/SystemStatus.msg
[0.244s] -- Up-to-date: /home/rick/ROS2/chapt3/topic_practice_ws/install/status_interfaces/share/ament_index/resource_index/package_run_dependencies/status_interfaces
[0.244s] -- Up-to-date: /home/rick/ROS2/chapt3/topic_practice_ws/install/status_interfaces/share/ament_index/resource_index/parent_prefix_path/status_interfaces
[0.244s] -- Up-to-date: /home/rick/ROS2/chapt3/topic_practice_ws/install/status_interfaces/share/status_interfaces/environment/ament_prefix_path.sh
[0.244s] -- Up-to-date: /home/rick/ROS2/chapt3/topic_practice_ws/install/status_interfaces/share/status_interfaces/environment/ament_prefix_path.dsv
[0.244s] -- Up-to-date: /home/rick/ROS2/chapt3/topic_practice_ws/install/status_interfaces/share/status_interfaces/environment/path.sh
[0.244s] -- Up-to-date: /home/rick/ROS2/chapt3/topic_practice_ws/install/status_interfaces/share/status_interfaces/environment/path.dsv
[0.244s] -- Up-to-date: /home/rick/ROS2/chapt3/topic_practice_ws/install/status_interfaces/share/status_interfaces/local_setup.bash
[0.244s] -- Up-to-date: /home/rick/ROS2/chapt3/topic_practice_ws/install/status_interfaces/share/status_interfaces/local_setup.sh
[0.244s] -- Up-to-date: /home/rick/ROS2/chapt3/topic_practice_ws/install/status_interfaces/share/status_interfaces/local_setup.zsh
[0.244s] -- Up-to-date: /home/rick/ROS2/chapt3/topic_practice_ws/install/status_interfaces/share/status_interfaces/local_setup.dsv
[0.244s] -- Installing: /home/rick/ROS2/chapt3/topic_practice_ws/install/status_interfaces/share/status_interfaces/package.dsv
[0.244s] -- Up-to-date: /home/rick/ROS2/chapt3/topic_practice_ws/install/status_interfaces/share/ament_index/resource_index/packages/status_interfaces
[0.244s] -- Up-to-date: /home/rick/ROS2/chapt3/topic_practice_ws/install/status_interfaces/share/status_interfaces/cmake/export_status_interfaces__rosidl_generator_cExport.cmake
[0.245s] -- Up-to-date: /home/rick/ROS2/chapt3/topic_practice_ws/install/status_interfaces/share/status_interfaces/cmake/export_status_interfaces__rosidl_generator_cExport-noconfig.cmake
[0.245s] -- Up-to-date: /home/rick/ROS2/chapt3/topic_practice_ws/install/status_interfaces/share/status_interfaces/cmake/export_status_interfaces__rosidl_typesupport_fastrtps_cExport.cmake
[0.245s] -- Up-to-date: /home/rick/ROS2/chapt3/topic_practice_ws/install/status_interfaces/share/status_interfaces/cmake/export_status_interfaces__rosidl_typesupport_fastrtps_cExport-noconfig.cmake
[0.245s] -- Up-to-date: /home/rick/ROS2/chapt3/topic_practice_ws/install/status_interfaces/share/status_interfaces/cmake/status_interfaces__rosidl_typesupport_introspection_cExport.cmake
[0.245s] -- Up-to-date: /home/rick/ROS2/chapt3/topic_practice_ws/install/status_interfaces/share/status_interfaces/cmake/status_interfaces__rosidl_typesupport_introspection_cExport-noconfig.cmake
[0.245s] -- Up-to-date: /home/rick/ROS2/chapt3/topic_practice_ws/install/status_interfaces/share/status_interfaces/cmake/status_interfaces__rosidl_typesupport_cExport.cmake
[0.245s] -- Up-to-date: /home/rick/ROS2/chapt3/topic_practice_ws/install/status_interfaces/share/status_interfaces/cmake/status_interfaces__rosidl_typesupport_cExport-noconfig.cmake
[0.245s] -- Up-to-date: /home/rick/ROS2/chapt3/topic_practice_ws/install/status_interfaces/share/status_interfaces/cmake/export_status_interfaces__rosidl_generator_cppExport.cmake
[0.245s] -- Up-to-date: /home/rick/ROS2/chapt3/topic_practice_ws/install/status_interfaces/share/status_interfaces/cmake/export_status_interfaces__rosidl_typesupport_fastrtps_cppExport.cmake
[0.245s] -- Up-to-date: /home/rick/ROS2/chapt3/topic_practice_ws/install/status_interfaces/share/status_interfaces/cmake/export_status_interfaces__rosidl_typesupport_fastrtps_cppExport-noconfig.cmake
[0.245s] -- Up-to-date: /home/rick/ROS2/chapt3/topic_practice_ws/install/status_interfaces/share/status_interfaces/cmake/status_interfaces__rosidl_typesupport_introspection_cppExport.cmake
[0.245s] -- Up-to-date: /home/rick/ROS2/chapt3/topic_practice_ws/install/status_interfaces/share/status_interfaces/cmake/status_interfaces__rosidl_typesupport_introspection_cppExport-noconfig.cmake
[0.245s] -- Up-to-date: /home/rick/ROS2/chapt3/topic_practice_ws/install/status_interfaces/share/status_interfaces/cmake/status_interfaces__rosidl_typesupport_cppExport.cmake
[0.245s] -- Up-to-date: /home/rick/ROS2/chapt3/topic_practice_ws/install/status_interfaces/share/status_interfaces/cmake/status_interfaces__rosidl_typesupport_cppExport-noconfig.cmake
[0.246s] -- Up-to-date: /home/rick/ROS2/chapt3/topic_practice_ws/install/status_interfaces/share/status_interfaces/cmake/export_status_interfaces__rosidl_generator_pyExport.cmake
[0.246s] -- Up-to-date: /home/rick/ROS2/chapt3/topic_practice_ws/install/status_interfaces/share/status_interfaces/cmake/export_status_interfaces__rosidl_generator_pyExport-noconfig.cmake
[0.246s] -- Up-to-date: /home/rick/ROS2/chapt3/topic_practice_ws/install/status_interfaces/share/status_interfaces/cmake/rosidl_cmake-extras.cmake
[0.246s] -- Up-to-date: /home/rick/ROS2/chapt3/topic_practice_ws/install/status_interfaces/share/status_interfaces/cmake/ament_cmake_export_dependencies-extras.cmake
[0.246s] -- Up-to-date: /home/rick/ROS2/chapt3/topic_practice_ws/install/status_interfaces/share/status_interfaces/cmake/ament_cmake_export_include_directories-extras.cmake
[0.246s] -- Up-to-date: /home/rick/ROS2/chapt3/topic_practice_ws/install/status_interfaces/share/status_interfaces/cmake/ament_cmake_export_libraries-extras.cmake
[0.246s] -- Up-to-date: /home/rick/ROS2/chapt3/topic_practice_ws/install/status_interfaces/share/status_interfaces/cmake/ament_cmake_export_targets-extras.cmake
[0.246s] -- Up-to-date: /home/rick/ROS2/chapt3/topic_practice_ws/install/status_interfaces/share/status_interfaces/cmake/rosidl_cmake_export_typesupport_targets-extras.cmake
[0.246s] -- Up-to-date: /home/rick/ROS2/chapt3/topic_practice_ws/install/status_interfaces/share/status_interfaces/cmake/rosidl_cmake_export_typesupport_libraries-extras.cmake
[0.246s] -- Up-to-date: /home/rick/ROS2/chapt3/topic_practice_ws/install/status_interfaces/share/status_interfaces/cmake/status_interfacesConfig.cmake
[0.246s] -- Up-to-date: /home/rick/ROS2/chapt3/topic_practice_ws/install/status_interfaces/share/status_interfaces/cmake/status_interfacesConfig-version.cmake
[0.247s] -- Up-to-date: /home/rick/ROS2/chapt3/topic_practice_ws/install/status_interfaces/share/status_interfaces/package.xml
[0.247s] Invoked command in '/home/rick/ROS2/chapt3/topic_practice_ws/build/status_interfaces' returned '0': CMAKE_PREFIX_PATH=/opt/ros/humble /usr/bin/cmake --install /home/rick/ROS2/chapt3/topic_practice_ws/build/status_interfaces
