[0.007s] Invoking command in '/home/rick/chapt2/chapt2_ws/build/demo_cpp_pkg': CMAKE_PREFIX_PATH=${CMAKE_PREFIX_PATH}:/home/rick/chapt2/chapt2_ws/install/demo_python_pkg:/opt/ros/humble /usr/bin/cmake --build /home/rick/chapt2/chapt2_ws/build/demo_cpp_pkg -- -j32 -l32
[0.046s] [35m[1mConsolidate compiler generated dependencies of target learn_thead[0m
[0.053s] [ 42%] Built target learn_auto
[0.053s] [ 42%] Built target learn_lambda
[0.053s] [ 42%] Built target learn_shared_ptr
[0.053s] [ 57%] Built target learn_funcational
[0.054s] [ 71%] Built target cpp_node
[0.055s] [ 85%] Built target person_node
[0.056s] [ 92%] [32mBuilding CXX object CMakeFiles/learn_thead.dir/src/learn_thead.cpp.o[0m
[2.399s] [100%] [32m[1mLinking CXX executable learn_thead[0m
[2.502s] [100%] Built target learn_thead
[2.510s] Invoked command in '/home/rick/chapt2/chapt2_ws/build/demo_cpp_pkg' returned '0': CMAKE_PREFIX_PATH=${CMAKE_PREFIX_PATH}:/home/rick/chapt2/chapt2_ws/install/demo_python_pkg:/opt/ros/humble /usr/bin/cmake --build /home/rick/chapt2/chapt2_ws/build/demo_cpp_pkg -- -j32 -l32
[2.523s] Invoking command in '/home/rick/chapt2/chapt2_ws/build/demo_cpp_pkg': CMAKE_PREFIX_PATH=${CMAKE_PREFIX_PATH}:/home/rick/chapt2/chapt2_ws/install/demo_python_pkg:/opt/ros/humble /usr/bin/cmake --install /home/rick/chapt2/chapt2_ws/build/demo_cpp_pkg
[2.532s] -- Install configuration: ""
[2.532s] -- Installing: /home/rick/chapt2/chapt2_ws/install/demo_cpp_pkg/lib/demo_cpp_pkg/cpp_node
[2.532s] -- Set runtime path of "/home/rick/chapt2/chapt2_ws/install/demo_cpp_pkg/lib/demo_cpp_pkg/cpp_node" to ""
[2.532s] -- Installing: /home/rick/chapt2/chapt2_ws/install/demo_cpp_pkg/lib/demo_cpp_pkg/person_node
[2.532s] -- Set runtime path of "/home/rick/chapt2/chapt2_ws/install/demo_cpp_pkg/lib/demo_cpp_pkg/person_node" to ""
[2.532s] -- Installing: /home/rick/chapt2/chapt2_ws/install/demo_cpp_pkg/lib/demo_cpp_pkg/learn_auto
[2.533s] -- Installing: /home/rick/chapt2/chapt2_ws/install/demo_cpp_pkg/lib/demo_cpp_pkg/learn_shared_ptr
[2.533s] -- Installing: /home/rick/chapt2/chapt2_ws/install/demo_cpp_pkg/lib/demo_cpp_pkg/learn_lambda
[2.533s] -- Installing: /home/rick/chapt2/chapt2_ws/install/demo_cpp_pkg/lib/demo_cpp_pkg/learn_funcational
[2.533s] -- Installing: /home/rick/chapt2/chapt2_ws/install/demo_cpp_pkg/lib/demo_cpp_pkg/learn_thead
[2.534s] -- Up-to-date: /home/rick/chapt2/chapt2_ws/install/demo_cpp_pkg/share/ament_index/resource_index/package_run_dependencies/demo_cpp_pkg
[2.534s] -- Installing: /home/rick/chapt2/chapt2_ws/install/demo_cpp_pkg/share/ament_index/resource_index/parent_prefix_path/demo_cpp_pkg
[2.534s] -- Up-to-date: /home/rick/chapt2/chapt2_ws/install/demo_cpp_pkg/share/demo_cpp_pkg/environment/ament_prefix_path.sh
[2.534s] -- Installing: /home/rick/chapt2/chapt2_ws/install/demo_cpp_pkg/share/demo_cpp_pkg/environment/ament_prefix_path.dsv
[2.534s] -- Up-to-date: /home/rick/chapt2/chapt2_ws/install/demo_cpp_pkg/share/demo_cpp_pkg/environment/path.sh
[2.534s] -- Installing: /home/rick/chapt2/chapt2_ws/install/demo_cpp_pkg/share/demo_cpp_pkg/environment/path.dsv
[2.534s] -- Up-to-date: /home/rick/chapt2/chapt2_ws/install/demo_cpp_pkg/share/demo_cpp_pkg/local_setup.bash
[2.534s] -- Up-to-date: /home/rick/chapt2/chapt2_ws/install/demo_cpp_pkg/share/demo_cpp_pkg/local_setup.sh
[2.534s] -- Up-to-date: /home/rick/chapt2/chapt2_ws/install/demo_cpp_pkg/share/demo_cpp_pkg/local_setup.zsh
[2.534s] -- Installing: /home/rick/chapt2/chapt2_ws/install/demo_cpp_pkg/share/demo_cpp_pkg/local_setup.dsv
[2.534s] -- Installing: /home/rick/chapt2/chapt2_ws/install/demo_cpp_pkg/share/demo_cpp_pkg/package.dsv
[2.534s] -- Up-to-date: /home/rick/chapt2/chapt2_ws/install/demo_cpp_pkg/share/ament_index/resource_index/packages/demo_cpp_pkg
[2.534s] -- Up-to-date: /home/rick/chapt2/chapt2_ws/install/demo_cpp_pkg/share/demo_cpp_pkg/cmake/demo_cpp_pkgConfig.cmake
[2.534s] -- Up-to-date: /home/rick/chapt2/chapt2_ws/install/demo_cpp_pkg/share/demo_cpp_pkg/cmake/demo_cpp_pkgConfig-version.cmake
[2.534s] -- Up-to-date: /home/rick/chapt2/chapt2_ws/install/demo_cpp_pkg/share/demo_cpp_pkg/package.xml
[2.535s] Invoked command in '/home/rick/chapt2/chapt2_ws/build/demo_cpp_pkg' returned '0': CMAKE_PREFIX_PATH=${CMAKE_PREFIX_PATH}:/home/rick/chapt2/chapt2_ws/install/demo_python_pkg:/opt/ros/humble /usr/bin/cmake --install /home/rick/chapt2/chapt2_ws/build/demo_cpp_pkg
