-- Found ament_cmake: 1.3.14 (/opt/ros/humble/share/ament_cmake/cmake)
-- Found rclcpp: 16.0.19 (/opt/ros/humble/share/rclcpp/cmake)
-- Found rosidl_generator_c: 3.1.8 (/opt/ros/humble/share/rosidl_generator_c/cmake)
-- Found rosidl_adapter: 3.1.8 (/opt/ros/humble/share/rosidl_adapter/cmake)
-- Found rosidl_generator_cpp: 3.1.8 (/opt/ros/humble/share/rosidl_generator_cpp/cmake)
-- Using all available rosidl_typesupport_c: rosidl_typesupport_fastrtps_c;rosidl_typesupport_introspection_c
-- Using all available rosidl_typesupport_cpp: rosidl_typesupport_fastrtps_cpp;rosidl_typesupport_introspection_cpp
-- Found rmw_implementation_cmake: 6.1.2 (/opt/ros/humble/share/rmw_implementation_cmake/cmake)
-- Found rmw_fastrtps_cpp: 6.2.10 (/opt/ros/humble/share/rmw_fastrtps_cpp/cmake)
-- Using RMW implementation 'rmw_fastrtps_cpp' as default
-- Found geometry_msgs: 4.9.1 (/opt/ros/humble/share/geometry_msgs/cmake)
-- Found turtlesim: 1.4.3 (/opt/ros/humble/share/turtlesim/cmake)
-- Found ament_lint_auto: 0.12.15 (/opt/ros/humble/share/ament_lint_auto/cmake)
-- Added test 'cppcheck' to perform static code analysis on C / C++ code
-- Configured cppcheck include dirs: 
-- Configured cppcheck exclude dirs and/or files: 
-- Added test 'lint_cmake' to check CMake code style
-- Added test 'uncrustify' to check C / C++ code style
-- Configured uncrustify additional arguments: 
-- Added test 'xmllint' to check XML markup files
-- Configuring done
-- Generating done
-- Build files have been written to: /home/rick/ROS2/chapt3/chapt3_ws/build/demo_cpp_topic
[ 50%] [32mBuilding CXX object CMakeFiles/turtle_circle.dir/src/turtle_circle.cpp.o[0m
[01m[K/home/rick/ROS2/chapt3/chapt3_ws/src/demo_cpp_topic/src/turtle_circle.cpp:[m[K In constructor ‘[01m[KTurtleCircleNode::TurtleCircleNode(const string&)[m[K’:
[01m[K/home/rick/ROS2/chapt3/chapt3_ws/src/demo_cpp_topic/src/turtle_circle.cpp:14:50:[m[K [01;35m[Kwarning: [m[Kunused parameter ‘[01m[Knode_name[m[K’ [[01;35m[K]8;;https://gcc.gnu.org/onlinedocs/gcc/Warning-Options.html#index-Wunused-parameter-Wunused-parameter]8;;[m[K]
   14 |     explicit TurtleCircleNode([01;35m[Kconst std::string& node_name[m[K): Node("node_name")
      |                               [01;35m[K~~~~~~~~~~~~~~~~~~~^~~~~~~~~[m[K
[100%] [32m[1mLinking CXX executable turtle_circle[0m
[100%] Built target turtle_circle
-- Install configuration: ""
-- Installing: /home/rick/ROS2/chapt3/chapt3_ws/install/demo_cpp_topic/lib/demo_cpp_topic/turtle_circle
-- Set runtime path of "/home/rick/ROS2/chapt3/chapt3_ws/install/demo_cpp_topic/lib/demo_cpp_topic/turtle_circle" to ""
-- Up-to-date: /home/rick/ROS2/chapt3/chapt3_ws/install/demo_cpp_topic/share/ament_index/resource_index/package_run_dependencies/demo_cpp_topic
-- Installing: /home/rick/ROS2/chapt3/chapt3_ws/install/demo_cpp_topic/share/ament_index/resource_index/parent_prefix_path/demo_cpp_topic
-- Up-to-date: /home/rick/ROS2/chapt3/chapt3_ws/install/demo_cpp_topic/share/demo_cpp_topic/environment/ament_prefix_path.sh
-- Installing: /home/rick/ROS2/chapt3/chapt3_ws/install/demo_cpp_topic/share/demo_cpp_topic/environment/ament_prefix_path.dsv
-- Up-to-date: /home/rick/ROS2/chapt3/chapt3_ws/install/demo_cpp_topic/share/demo_cpp_topic/environment/path.sh
-- Installing: /home/rick/ROS2/chapt3/chapt3_ws/install/demo_cpp_topic/share/demo_cpp_topic/environment/path.dsv
-- Up-to-date: /home/rick/ROS2/chapt3/chapt3_ws/install/demo_cpp_topic/share/demo_cpp_topic/local_setup.bash
-- Up-to-date: /home/rick/ROS2/chapt3/chapt3_ws/install/demo_cpp_topic/share/demo_cpp_topic/local_setup.sh
-- Up-to-date: /home/rick/ROS2/chapt3/chapt3_ws/install/demo_cpp_topic/share/demo_cpp_topic/local_setup.zsh
-- Installing: /home/rick/ROS2/chapt3/chapt3_ws/install/demo_cpp_topic/share/demo_cpp_topic/local_setup.dsv
-- Installing: /home/rick/ROS2/chapt3/chapt3_ws/install/demo_cpp_topic/share/demo_cpp_topic/package.dsv
-- Up-to-date: /home/rick/ROS2/chapt3/chapt3_ws/install/demo_cpp_topic/share/ament_index/resource_index/packages/demo_cpp_topic
-- Up-to-date: /home/rick/ROS2/chapt3/chapt3_ws/install/demo_cpp_topic/share/demo_cpp_topic/cmake/demo_cpp_topicConfig.cmake
-- Up-to-date: /home/rick/ROS2/chapt3/chapt3_ws/install/demo_cpp_topic/share/demo_cpp_topic/cmake/demo_cpp_topicConfig-version.cmake
-- Up-to-date: /home/rick/ROS2/chapt3/chapt3_ws/install/demo_cpp_topic/share/demo_cpp_topic/package.xml
