[0.007s] Invoking command in '/home/rick/ROS2/chapt3/chapt3_ws/build/demo_cpp_topic': CMAKE_PREFIX_PATH=${CMAKE_PREFIX_PATH}:/home/rick/ROS2/chapt3/chapt3_ws/install/demo_python_topic:/opt/ros/humble /usr/bin/cmake --build /home/rick/ROS2/chapt3/chapt3_ws/build/demo_cpp_topic -- -j32 -l32
[0.025s] -- Found ament_cmake: 1.3.14 (/opt/ros/humble/share/ament_cmake/cmake)
[0.091s] -- Found rclcpp: 16.0.19 (/opt/ros/humble/share/rclcpp/cmake)
[0.104s] -- Found rosidl_generator_c: 3.1.8 (/opt/ros/humble/share/rosidl_generator_c/cmake)
[0.105s] -- Found rosidl_adapter: 3.1.8 (/opt/ros/humble/share/rosidl_adapter/cmake)
[0.108s] -- Found rosidl_generator_cpp: 3.1.8 (/opt/ros/humble/share/rosidl_generator_cpp/cmake)
[0.113s] -- Using all available rosidl_typesupport_c: rosidl_typesupport_fastrtps_c;rosidl_typesupport_introspection_c
[0.118s] -- Using all available rosidl_typesupport_cpp: rosidl_typesupport_fastrtps_cpp;rosidl_typesupport_introspection_cpp
[0.132s] -- Found rmw_implementation_cmake: 6.1.2 (/opt/ros/humble/share/rmw_implementation_cmake/cmake)
[0.133s] -- Found rmw_fastrtps_cpp: 6.2.10 (/opt/ros/humble/share/rmw_fastrtps_cpp/cmake)
[0.181s] -- Using RMW implementation 'rmw_fastrtps_cpp' as default
[0.203s] -- Found geometry_msgs: 4.9.1 (/opt/ros/humble/share/geometry_msgs/cmake)
[0.209s] -- Found turtlesim: 1.4.3 (/opt/ros/humble/share/turtlesim/cmake)
[0.226s] -- Found ament_lint_auto: 0.12.15 (/opt/ros/humble/share/ament_lint_auto/cmake)
[0.263s] -- Added test 'cppcheck' to perform static code analysis on C / C++ code
[0.263s] -- Configured cppcheck include dirs: 
[0.263s] -- Configured cppcheck exclude dirs and/or files: 
[0.263s] -- Added test 'lint_cmake' to check CMake code style
[0.263s] -- Added test 'uncrustify' to check C / C++ code style
[0.263s] -- Configured uncrustify additional arguments: 
[0.264s] -- Added test 'xmllint' to check XML markup files
[0.264s] -- Configuring done
[0.268s] -- Generating done
[0.269s] -- Build files have been written to: /home/rick/ROS2/chapt3/chapt3_ws/build/demo_cpp_topic
[0.293s] [ 50%] [32mBuilding CXX object CMakeFiles/turtle_circle.dir/src/turtle_circle.cpp.o[0m
[1.311s] [01m[K/home/rick/ROS2/chapt3/chapt3_ws/src/demo_cpp_topic/src/turtle_circle.cpp:[m[K In constructor ‘[01m[KTurtleCircleNode::TurtleCircleNode(const string&)[m[K’:
[1.311s] [01m[K/home/rick/ROS2/chapt3/chapt3_ws/src/demo_cpp_topic/src/turtle_circle.cpp:14:50:[m[K [01;35m[Kwarning: [m[Kunused parameter ‘[01m[Knode_name[m[K’ [[01;35m[K]8;;https://gcc.gnu.org/onlinedocs/gcc/Warning-Options.html#index-Wunused-parameter-Wunused-parameter]8;;[m[K]
[1.311s]    14 |     explicit TurtleCircleNode([01;35m[Kconst std::string& node_name[m[K): Node("node_name")
[1.311s]       |                               [01;35m[K~~~~~~~~~~~~~~~~~~~^~~~~~~~~[m[K
[2.215s] [100%] [32m[1mLinking CXX executable turtle_circle[0m
[2.352s] [100%] Built target turtle_circle
[2.360s] Invoked command in '/home/rick/ROS2/chapt3/chapt3_ws/build/demo_cpp_topic' returned '0': CMAKE_PREFIX_PATH=${CMAKE_PREFIX_PATH}:/home/rick/ROS2/chapt3/chapt3_ws/install/demo_python_topic:/opt/ros/humble /usr/bin/cmake --build /home/rick/ROS2/chapt3/chapt3_ws/build/demo_cpp_topic -- -j32 -l32
[2.367s] Invoking command in '/home/rick/ROS2/chapt3/chapt3_ws/build/demo_cpp_topic': CMAKE_PREFIX_PATH=${CMAKE_PREFIX_PATH}:/home/rick/ROS2/chapt3/chapt3_ws/install/demo_python_topic:/opt/ros/humble /usr/bin/cmake --install /home/rick/ROS2/chapt3/chapt3_ws/build/demo_cpp_topic
[2.371s] -- Install configuration: ""
[2.371s] -- Installing: /home/rick/ROS2/chapt3/chapt3_ws/install/demo_cpp_topic/lib/demo_cpp_topic/turtle_circle
[2.372s] -- Set runtime path of "/home/rick/ROS2/chapt3/chapt3_ws/install/demo_cpp_topic/lib/demo_cpp_topic/turtle_circle" to ""
[2.372s] -- Up-to-date: /home/rick/ROS2/chapt3/chapt3_ws/install/demo_cpp_topic/share/ament_index/resource_index/package_run_dependencies/demo_cpp_topic
[2.372s] -- Installing: /home/rick/ROS2/chapt3/chapt3_ws/install/demo_cpp_topic/share/ament_index/resource_index/parent_prefix_path/demo_cpp_topic
[2.372s] -- Up-to-date: /home/rick/ROS2/chapt3/chapt3_ws/install/demo_cpp_topic/share/demo_cpp_topic/environment/ament_prefix_path.sh
[2.372s] -- Installing: /home/rick/ROS2/chapt3/chapt3_ws/install/demo_cpp_topic/share/demo_cpp_topic/environment/ament_prefix_path.dsv
[2.373s] -- Up-to-date: /home/rick/ROS2/chapt3/chapt3_ws/install/demo_cpp_topic/share/demo_cpp_topic/environment/path.sh
[2.373s] -- Installing: /home/rick/ROS2/chapt3/chapt3_ws/install/demo_cpp_topic/share/demo_cpp_topic/environment/path.dsv
[2.373s] -- Up-to-date: /home/rick/ROS2/chapt3/chapt3_ws/install/demo_cpp_topic/share/demo_cpp_topic/local_setup.bash
[2.373s] -- Up-to-date: /home/rick/ROS2/chapt3/chapt3_ws/install/demo_cpp_topic/share/demo_cpp_topic/local_setup.sh
[2.373s] -- Up-to-date: /home/rick/ROS2/chapt3/chapt3_ws/install/demo_cpp_topic/share/demo_cpp_topic/local_setup.zsh
[2.373s] -- Installing: /home/rick/ROS2/chapt3/chapt3_ws/install/demo_cpp_topic/share/demo_cpp_topic/local_setup.dsv
[2.373s] -- Installing: /home/rick/ROS2/chapt3/chapt3_ws/install/demo_cpp_topic/share/demo_cpp_topic/package.dsv
[2.373s] -- Up-to-date: /home/rick/ROS2/chapt3/chapt3_ws/install/demo_cpp_topic/share/ament_index/resource_index/packages/demo_cpp_topic
[2.373s] -- Up-to-date: /home/rick/ROS2/chapt3/chapt3_ws/install/demo_cpp_topic/share/demo_cpp_topic/cmake/demo_cpp_topicConfig.cmake
[2.373s] -- Up-to-date: /home/rick/ROS2/chapt3/chapt3_ws/install/demo_cpp_topic/share/demo_cpp_topic/cmake/demo_cpp_topicConfig-version.cmake
[2.373s] -- Up-to-date: /home/rick/ROS2/chapt3/chapt3_ws/install/demo_cpp_topic/share/demo_cpp_topic/package.xml
[2.375s] Invoked command in '/home/rick/ROS2/chapt3/chapt3_ws/build/demo_cpp_topic' returned '0': CMAKE_PREFIX_PATH=${CMAKE_PREFIX_PATH}:/home/rick/ROS2/chapt3/chapt3_ws/install/demo_python_topic:/opt/ros/humble /usr/bin/cmake --install /home/rick/ROS2/chapt3/chapt3_ws/build/demo_cpp_topic
