[0.007s] Invoking command in '/home/rick/ROS2/chapt3/topic_practice_ws/build/status_display': CMAKE_PREFIX_PATH=${CMAKE_PREFIX_PATH}:/home/rick/ROS2/chapt3/topic_practice_ws/install/status_publisher:/opt/ros/humble /usr/bin/cmake /home/rick/ROS2/chapt3/topic_practice_ws/src/status_display -DCMAKE_INSTALL_PREFIX=/home/rick/ROS2/chapt3/topic_practice_ws/install/status_display
[0.017s] -- Found ament_cmake: 1.3.14 (/opt/ros/humble/share/ament_cmake/cmake)
[0.087s] -- Found rclcpp: 16.0.19 (/opt/ros/humble/share/rclcpp/cmake)
[0.100s] -- Found rosidl_generator_c: 3.1.8 (/opt/ros/humble/share/rosidl_generator_c/cmake)
[0.101s] -- Found rosidl_adapter: 3.1.8 (/opt/ros/humble/share/rosidl_adapter/cmake)
[0.104s] -- Found rosidl_generator_cpp: 3.1.8 (/opt/ros/humble/share/rosidl_generator_cpp/cmake)
[0.108s] -- Using all available rosidl_typesupport_c: rosidl_typesupport_fastrtps_c;rosidl_typesupport_introspection_c
[0.114s] -- Using all available rosidl_typesupport_cpp: rosidl_typesupport_fastrtps_cpp;rosidl_typesupport_introspection_cpp
[0.129s] -- Found rmw_implementation_cmake: 6.1.2 (/opt/ros/humble/share/rmw_implementation_cmake/cmake)
[0.129s] -- Found rmw_fastrtps_cpp: 6.2.10 (/opt/ros/humble/share/rmw_fastrtps_cpp/cmake)
[0.182s] -- Using RMW implementation 'rmw_fastrtps_cpp' as default
[0.207s] -- Found status_interfaces: 0.0.0 (/home/rick/ROS2/chapt3/topic_practice_ws/install/status_interfaces/share/status_interfaces/cmake)
[0.215s] -- Found ament_lint_auto: 0.12.15 (/opt/ros/humble/share/ament_lint_auto/cmake)
[0.251s] -- Added test 'cppcheck' to perform static code analysis on C / C++ code
[0.251s] -- Configured cppcheck include dirs: 
[0.251s] -- Configured cppcheck exclude dirs and/or files: 
[0.251s] -- Added test 'lint_cmake' to check CMake code style
[0.251s] -- Added test 'uncrustify' to check C / C++ code style
[0.252s] -- Configured uncrustify additional arguments: 
[0.252s] -- Added test 'xmllint' to check XML markup files
[0.252s] -- Configuring done
[0.256s] -- Generating done
[0.257s] -- Build files have been written to: /home/rick/ROS2/chapt3/topic_practice_ws/build/status_display
[0.263s] Invoked command in '/home/rick/ROS2/chapt3/topic_practice_ws/build/status_display' returned '0': CMAKE_PREFIX_PATH=${CMAKE_PREFIX_PATH}:/home/rick/ROS2/chapt3/topic_practice_ws/install/status_publisher:/opt/ros/humble /usr/bin/cmake /home/rick/ROS2/chapt3/topic_practice_ws/src/status_display -DCMAKE_INSTALL_PREFIX=/home/rick/ROS2/chapt3/topic_practice_ws/install/status_display
[0.264s] Invoking command in '/home/rick/ROS2/chapt3/topic_practice_ws/build/status_display': CMAKE_PREFIX_PATH=${CMAKE_PREFIX_PATH}:/home/rick/ROS2/chapt3/topic_practice_ws/install/status_publisher:/opt/ros/humble /usr/bin/cmake --build /home/rick/ROS2/chapt3/topic_practice_ws/build/status_display -- -j32 -l32
[0.309s] [ 50%] [32mBuilding CXX object CMakeFiles/hello_qt.dir/src/hello_qt.cpp.o[0m
[0.808s] [100%] [32m[1mLinking CXX executable hello_qt[0m
[0.951s] [100%] Built target hello_qt
[0.959s] Invoked command in '/home/rick/ROS2/chapt3/topic_practice_ws/build/status_display' returned '0': CMAKE_PREFIX_PATH=${CMAKE_PREFIX_PATH}:/home/rick/ROS2/chapt3/topic_practice_ws/install/status_publisher:/opt/ros/humble /usr/bin/cmake --build /home/rick/ROS2/chapt3/topic_practice_ws/build/status_display -- -j32 -l32
[0.961s] Invoking command in '/home/rick/ROS2/chapt3/topic_practice_ws/build/status_display': CMAKE_PREFIX_PATH=${CMAKE_PREFIX_PATH}:/home/rick/ROS2/chapt3/topic_practice_ws/install/status_publisher:/opt/ros/humble /usr/bin/cmake --install /home/rick/ROS2/chapt3/topic_practice_ws/build/status_display
[0.966s] -- Install configuration: ""
[0.966s] -- Installing: /home/rick/ROS2/chapt3/topic_practice_ws/install/status_display/lib/status_display/hello_qt
[0.966s] -- Installing: /home/rick/ROS2/chapt3/topic_practice_ws/install/status_display/share/ament_index/resource_index/package_run_dependencies/status_display
[0.966s] -- Installing: /home/rick/ROS2/chapt3/topic_practice_ws/install/status_display/share/ament_index/resource_index/parent_prefix_path/status_display
[0.966s] -- Installing: /home/rick/ROS2/chapt3/topic_practice_ws/install/status_display/share/status_display/environment/ament_prefix_path.sh
[0.966s] -- Installing: /home/rick/ROS2/chapt3/topic_practice_ws/install/status_display/share/status_display/environment/ament_prefix_path.dsv
[0.966s] -- Installing: /home/rick/ROS2/chapt3/topic_practice_ws/install/status_display/share/status_display/environment/path.sh
[0.966s] -- Installing: /home/rick/ROS2/chapt3/topic_practice_ws/install/status_display/share/status_display/environment/path.dsv
[0.966s] -- Installing: /home/rick/ROS2/chapt3/topic_practice_ws/install/status_display/share/status_display/local_setup.bash
[0.966s] -- Installing: /home/rick/ROS2/chapt3/topic_practice_ws/install/status_display/share/status_display/local_setup.sh
[0.966s] -- Installing: /home/rick/ROS2/chapt3/topic_practice_ws/install/status_display/share/status_display/local_setup.zsh
[0.966s] -- Installing: /home/rick/ROS2/chapt3/topic_practice_ws/install/status_display/share/status_display/local_setup.dsv
[0.966s] -- Installing: /home/rick/ROS2/chapt3/topic_practice_ws/install/status_display/share/status_display/package.dsv
[0.966s] -- Installing: /home/rick/ROS2/chapt3/topic_practice_ws/install/status_display/share/ament_index/resource_index/packages/status_display
[0.966s] -- Installing: /home/rick/ROS2/chapt3/topic_practice_ws/install/status_display/share/status_display/cmake/status_displayConfig.cmake
[0.966s] -- Installing: /home/rick/ROS2/chapt3/topic_practice_ws/install/status_display/share/status_display/cmake/status_displayConfig-version.cmake
[0.966s] -- Installing: /home/rick/ROS2/chapt3/topic_practice_ws/install/status_display/share/status_display/package.xml
[0.968s] Invoked command in '/home/rick/ROS2/chapt3/topic_practice_ws/build/status_display' returned '0': CMAKE_PREFIX_PATH=${CMAKE_PREFIX_PATH}:/home/rick/ROS2/chapt3/topic_practice_ws/install/status_publisher:/opt/ros/humble /usr/bin/cmake --install /home/rick/ROS2/chapt3/topic_practice_ws/build/status_display
