[35m[1mConsolidate compiler generated dependencies of target learn_shared_ptr[0m
[35m[1mConsolidate compiler generated dependencies of target cpp_node[0m
[35m[1mConsolidate compiler generated dependencies of target learn_auto[0m
[35m[1mConsolidate compiler generated dependencies of target learn_lambda[0m
[35m[1mConsolidate compiler generated dependencies of target learn_funcational[0m
[35m[1mConsolidate compiler generated dependencies of target person_node[0m
[  7%] [32mBuilding CXX object CMakeFiles/learn_thead.dir/src/learn_thead.cpp.o[0m
[ 21%] Built target learn_shared_ptr
[ 35%] Built target learn_auto
[ 50%] Built target learn_lambda
[ 64%] Built target learn_funcational
[ 78%] Built target cpp_node
[ 92%] Built target person_node
[01m[K/home/rick/chapt2/chapt2_ws/src/demo_cpp_pkg/src/learn_thead.cpp:5:10:[m[K [01;31m[Kfatal error: [m[Kcpp-httplib/httplib.h: 没有那个文件或目录
    5 | #include [01;31m[K"cpp-httplib/httplib.h"[m[K
      |          [01;31m[K^~~~~~~~~~~~~~~~~~~~~~~[m[K
compilation terminated.
gmake[2]: *** [CMakeFiles/learn_thead.dir/build.make:76：CMakeFiles/learn_thead.dir/src/learn_thead.cpp.o] 错误 1
gmake[1]: *** [CMakeFiles/Makefile2:305：CMakeFiles/learn_thead.dir/all] 错误 2
gmake: *** [Makefile:146：all] 错误 2
