[0.005s] Invoking command in '/home/rick/chapt2/chapt2_ws/build/demo_cpp_pkg': CMAKE_PREFIX_PATH=/opt/ros/humble /usr/bin/cmake --build /home/rick/chapt2/chapt2_ws/build/demo_cpp_pkg -- -j32 -l32
[0.038s] [35m[1mConsolidate compiler generated dependencies of target learn_shared_ptr[0m
[0.039s] [35m[1mConsolidate compiler generated dependencies of target cpp_node[0m
[0.039s] [35m[1mConsolidate compiler generated dependencies of target learn_auto[0m
[0.039s] [35m[1mConsolidate compiler generated dependencies of target learn_lambda[0m
[0.039s] [35m[1mConsolidate compiler generated dependencies of target learn_funcational[0m
[0.040s] [35m[1mConsolidate compiler generated dependencies of target person_node[0m
[0.047s] [  7%] [32mBuilding CXX object CMakeFiles/learn_thead.dir/src/learn_thead.cpp.o[0m
[0.047s] [ 21%] Built target learn_shared_ptr
[0.047s] [ 35%] Built target learn_auto
[0.048s] [ 50%] Built target learn_lambda
[0.049s] [ 64%] Built target learn_funcational
[0.050s] [ 78%] Built target cpp_node
[0.051s] [ 92%] Built target person_node
[0.074s] [01m[K/home/rick/chapt2/chapt2_ws/src/demo_cpp_pkg/src/learn_thead.cpp:5:10:[m[K [01;31m[Kfatal error: [m[Kcpp-httplib/httplib.h: 没有那个文件或目录
[0.074s]     5 | #include [01;31m[K"cpp-httplib/httplib.h"[m[K
[0.074s]       |          [01;31m[K^~~~~~~~~~~~~~~~~~~~~~~[m[K
[0.074s] compilation terminated.
[0.075s] gmake[2]: *** [CMakeFiles/learn_thead.dir/build.make:76：CMakeFiles/learn_thead.dir/src/learn_thead.cpp.o] 错误 1
[0.075s] gmake[1]: *** [CMakeFiles/Makefile2:305：CMakeFiles/learn_thead.dir/all] 错误 2
[0.075s] gmake: *** [Makefile:146：all] 错误 2
[0.077s] Invoked command in '/home/rick/chapt2/chapt2_ws/build/demo_cpp_pkg' returned '2': CMAKE_PREFIX_PATH=/opt/ros/humble /usr/bin/cmake --build /home/rick/chapt2/chapt2_ws/build/demo_cpp_pkg -- -j32 -l32
