[0.009s] Invoking command in '/home/rick/ROS2/chapt3/chapt3_ws/build/demo_cpp_topic': CMAKE_PREFIX_PATH=/opt/ros/humble /usr/bin/cmake /home/rick/ROS2/chapt3/chapt3_ws/src/demo_cpp_topic -DCMAKE_INSTALL_PREFIX=/home/rick/ROS2/chapt3/chapt3_ws/install/demo_cpp_topic
[0.077s] -- The C compiler identification is GNU 11.4.0
[0.136s] -- The CXX compiler identification is GNU 11.4.0
[0.146s] -- Detecting C compiler ABI info
[0.196s] -- Detecting C compiler ABI info - done
[0.200s] -- Check for working C compiler: /usr/bin/cc - skipped
[0.201s] -- Detecting C compile features
[0.202s] -- Detecting C compile features - done
[0.205s] -- Detecting CXX compiler ABI info
[0.256s] -- Detecting CXX compiler ABI info - done
[0.259s] -- Check for working CXX compiler: /usr/bin/c++ - skipped
[0.259s] -- Detecting CXX compile features
[0.259s] -- Detecting CXX compile features - done
[0.263s] -- Found ament_cmake: 1.3.14 (/opt/ros/humble/share/ament_cmake/cmake)
[0.353s] -- Found Python3: /usr/bin/python3 (found version "3.10.12") found components: Interpreter 
[0.418s] -- Found rclcpp: 16.0.19 (/opt/ros/humble/share/rclcpp/cmake)
[0.447s] -- Found rosidl_generator_c: 3.1.8 (/opt/ros/humble/share/rosidl_generator_c/cmake)
[0.451s] -- Found rosidl_adapter: 3.1.8 (/opt/ros/humble/share/rosidl_adapter/cmake)
[0.457s] -- Found rosidl_generator_cpp: 3.1.8 (/opt/ros/humble/share/rosidl_generator_cpp/cmake)
[0.466s] -- Using all available rosidl_typesupport_c: rosidl_typesupport_fastrtps_c;rosidl_typesupport_introspection_c
[0.476s] -- Using all available rosidl_typesupport_cpp: rosidl_typesupport_fastrtps_cpp;rosidl_typesupport_introspection_cpp
[0.506s] -- Found rmw_implementation_cmake: 6.1.2 (/opt/ros/humble/share/rmw_implementation_cmake/cmake)
[0.508s] -- Found rmw_fastrtps_cpp: 6.2.10 (/opt/ros/humble/share/rmw_fastrtps_cpp/cmake)
[0.645s] -- Found OpenSSL: /usr/lib/x86_64-linux-gnu/libcrypto.so (found version "3.0.2")  
[0.672s] -- Found FastRTPS: /opt/ros/humble/include  
[0.711s] -- Using RMW implementation 'rmw_fastrtps_cpp' as default
[0.723s] -- Looking for pthread.h
[0.818s] -- Looking for pthread.h - found
[0.819s] -- Performing Test CMAKE_HAVE_LIBC_PTHREAD
[0.919s] -- Performing Test CMAKE_HAVE_LIBC_PTHREAD - Success
[0.921s] -- Found Threads: TRUE  
[0.973s] -- Found geometry_msgs: 4.9.1 (/opt/ros/humble/share/geometry_msgs/cmake)
[0.982s] -- Found turtlesim: 1.4.3 (/opt/ros/humble/share/turtlesim/cmake)
[1.007s] -- Found ament_lint_auto: 0.12.15 (/opt/ros/humble/share/ament_lint_auto/cmake)
[1.052s] -- Added test 'cppcheck' to perform static code analysis on C / C++ code
[1.052s] -- Configured cppcheck include dirs: 
[1.052s] -- Configured cppcheck exclude dirs and/or files: 
[1.052s] -- Added test 'lint_cmake' to check CMake code style
[1.053s] -- Added test 'uncrustify' to check C / C++ code style
[1.053s] -- Configured uncrustify additional arguments: 
[1.053s] -- Added test 'xmllint' to check XML markup files
[1.054s] -- Configuring done
[1.056s] -- Generating done
[1.057s] -- Build files have been written to: /home/rick/ROS2/chapt3/chapt3_ws/build/demo_cpp_topic
[1.064s] Invoked command in '/home/rick/ROS2/chapt3/chapt3_ws/build/demo_cpp_topic' returned '0': CMAKE_PREFIX_PATH=/opt/ros/humble /usr/bin/cmake /home/rick/ROS2/chapt3/chapt3_ws/src/demo_cpp_topic -DCMAKE_INSTALL_PREFIX=/home/rick/ROS2/chapt3/chapt3_ws/install/demo_cpp_topic
[1.065s] Invoking command in '/home/rick/ROS2/chapt3/chapt3_ws/build/demo_cpp_topic': CMAKE_PREFIX_PATH=/opt/ros/humble /usr/bin/cmake --build /home/rick/ROS2/chapt3/chapt3_ws/build/demo_cpp_topic -- -j32 -l32
[1.110s] Invoked command in '/home/rick/ROS2/chapt3/chapt3_ws/build/demo_cpp_topic' returned '0': CMAKE_PREFIX_PATH=/opt/ros/humble /usr/bin/cmake --build /home/rick/ROS2/chapt3/chapt3_ws/build/demo_cpp_topic -- -j32 -l32
[1.126s] Invoking command in '/home/rick/ROS2/chapt3/chapt3_ws/build/demo_cpp_topic': CMAKE_PREFIX_PATH=/opt/ros/humble /usr/bin/cmake --install /home/rick/ROS2/chapt3/chapt3_ws/build/demo_cpp_topic
[1.138s] -- Install configuration: ""
[1.138s] -- Installing: /home/rick/ROS2/chapt3/chapt3_ws/install/demo_cpp_topic/share/ament_index/resource_index/package_run_dependencies/demo_cpp_topic
[1.138s] -- Installing: /home/rick/ROS2/chapt3/chapt3_ws/install/demo_cpp_topic/share/ament_index/resource_index/parent_prefix_path/demo_cpp_topic
[1.139s] -- Installing: /home/rick/ROS2/chapt3/chapt3_ws/install/demo_cpp_topic/share/demo_cpp_topic/environment/ament_prefix_path.sh
[1.139s] -- Installing: /home/rick/ROS2/chapt3/chapt3_ws/install/demo_cpp_topic/share/demo_cpp_topic/environment/ament_prefix_path.dsv
[1.139s] -- Installing: /home/rick/ROS2/chapt3/chapt3_ws/install/demo_cpp_topic/share/demo_cpp_topic/environment/path.sh
[1.139s] -- Installing: /home/rick/ROS2/chapt3/chapt3_ws/install/demo_cpp_topic/share/demo_cpp_topic/environment/path.dsv
[1.139s] -- Installing: /home/rick/ROS2/chapt3/chapt3_ws/install/demo_cpp_topic/share/demo_cpp_topic/local_setup.bash
[1.140s] -- Installing: /home/rick/ROS2/chapt3/chapt3_ws/install/demo_cpp_topic/share/demo_cpp_topic/local_setup.sh
[1.140s] -- Installing: /home/rick/ROS2/chapt3/chapt3_ws/install/demo_cpp_topic/share/demo_cpp_topic/local_setup.zsh
[1.140s] -- Installing: /home/rick/ROS2/chapt3/chapt3_ws/install/demo_cpp_topic/share/demo_cpp_topic/local_setup.dsv
[1.140s] -- Installing: /home/rick/ROS2/chapt3/chapt3_ws/install/demo_cpp_topic/share/demo_cpp_topic/package.dsv
[1.140s] -- Installing: /home/rick/ROS2/chapt3/chapt3_ws/install/demo_cpp_topic/share/ament_index/resource_index/packages/demo_cpp_topic
[1.140s] -- Installing: /home/rick/ROS2/chapt3/chapt3_ws/install/demo_cpp_topic/share/demo_cpp_topic/cmake/demo_cpp_topicConfig.cmake
[1.140s] -- Installing: /home/rick/ROS2/chapt3/chapt3_ws/install/demo_cpp_topic/share/demo_cpp_topic/cmake/demo_cpp_topicConfig-version.cmake
[1.140s] -- Installing: /home/rick/ROS2/chapt3/chapt3_ws/install/demo_cpp_topic/share/demo_cpp_topic/package.xml
[1.143s] Invoked command in '/home/rick/ROS2/chapt3/chapt3_ws/build/demo_cpp_topic' returned '0': CMAKE_PREFIX_PATH=/opt/ros/humble /usr/bin/cmake --install /home/rick/ROS2/chapt3/chapt3_ws/build/demo_cpp_topic
