[0.008s] Invoking command in '/home/rick/chapt2/chapt2_ws/build/demo_cpp_pkg': CMAKE_PREFIX_PATH=${CMAKE_PREFIX_PATH}:/home/rick/chapt2/chapt2_ws/install/demo_python_pkg:/opt/ros/humble /usr/bin/cmake --build /home/rick/chapt2/chapt2_ws/build/demo_cpp_pkg -- -j32 -l32
[0.040s] [35m[1mConsolidate compiler generated dependencies of target learn_thead[0m
[0.046s] [ 14%] Built target learn_shared_ptr
[0.047s] [ 28%] Built target learn_funcational
[0.047s] [ 42%] Built target learn_auto
[0.048s] [ 57%] Built target learn_lambda
[0.048s] [ 64%] [32mBuilding CXX object CMakeFiles/learn_thead.dir/src/learn_thead.cpp.o[0m
[0.049s] [ 78%] Built target person_node
[0.049s] [ 92%] Built target cpp_node
[0.546s] [01m[K/home/rick/chapt2/chapt2_ws/src/demo_cpp_pkg/src/learn_thead.cpp:33:2:[m[K [01;31m[Kerror: [m[Kexpected ‘[01m[K;[m[K’ after class definition
[0.547s]    33 | }
[0.547s]       |  [01;31m[K^[m[K
[0.547s]       |  [32m[K;[m[K
[0.556s] [01m[K/home/rick/chapt2/chapt2_ws/src/demo_cpp_pkg/src/learn_thead.cpp:[m[K In lambda function:
[0.556s] [01m[K/home/rick/chapt2/chapt2_ws/src/demo_cpp_pkg/src/learn_thead.cpp:39:52:[m[K [01;31m[Kerror: [m[K‘[01m[Klength[m[K’ was not declared in this scope
[0.557s]    39 |         std::cout << "下载完成: " << path<< result,[01;31m[Klength[m[K()<< "->"<<result.substr<<std::endl;
[0.557s]       |                                                    [01;31m[K^~~~~~[m[K
[0.557s] [01m[K/home/rick/chapt2/chapt2_ws/src/demo_cpp_pkg/src/learn_thead.cpp:[m[K In function ‘[01m[Kint main()[m[K’:
[0.557s] [01m[K/home/rick/chapt2/chapt2_ws/src/demo_cpp_pkg/src/learn_thead.cpp:42:5:[m[K [01;31m[Kerror: [m[Kexpected ‘[01m[K,[m[K’ or ‘[01m[K;[m[K’ before ‘[01m[Kd[m[K’
[0.557s]    42 |     [01;31m[Kd[m[K.start_download("http://0.0.0.0:8000", "/chapt2_ws/novel1.txt", word_count);
[0.557s]       |     [01;31m[K^[m[K
[1.189s] gmake[2]: *** [CMakeFiles/learn_thead.dir/build.make:76：CMakeFiles/learn_thead.dir/src/learn_thead.cpp.o] 错误 1
[1.190s] gmake[1]: *** [CMakeFiles/Makefile2:305：CMakeFiles/learn_thead.dir/all] 错误 2
[1.190s] gmake: *** [Makefile:146：all] 错误 2
[1.192s] Invoked command in '/home/rick/chapt2/chapt2_ws/build/demo_cpp_pkg' returned '2': CMAKE_PREFIX_PATH=${CMAKE_PREFIX_PATH}:/home/rick/chapt2/chapt2_ws/install/demo_python_pkg:/opt/ros/humble /usr/bin/cmake --build /home/rick/chapt2/chapt2_ws/build/demo_cpp_pkg -- -j32 -l32
