[0.007s] Invoking command in '/home/rick/chapt2/chapt2_ws/build/demo_cpp_pkg': CMAKE_PREFIX_PATH=${CMAKE_PREFIX_PATH}:/home/rick/chapt2/chapt2_ws/install/demo_python_pkg:/opt/ros/humble /usr/bin/cmake --build /home/rick/chapt2/chapt2_ws/build/demo_cpp_pkg -- -j32 -l32
[0.023s] -- Found ament_cmake: 1.3.14 (/opt/ros/humble/share/ament_cmake/cmake)
[0.108s] -- Found rclcpp: 16.0.19 (/opt/ros/humble/share/rclcpp/cmake)
[0.122s] -- Found rosidl_generator_c: 3.1.8 (/opt/ros/humble/share/rosidl_generator_c/cmake)
[0.123s] -- Found rosidl_adapter: 3.1.8 (/opt/ros/humble/share/rosidl_adapter/cmake)
[0.126s] -- Found rosidl_generator_cpp: 3.1.8 (/opt/ros/humble/share/rosidl_generator_cpp/cmake)
[0.130s] -- Using all available rosidl_typesupport_c: rosidl_typesupport_fastrtps_c;rosidl_typesupport_introspection_c
[0.136s] -- Using all available rosidl_typesupport_cpp: rosidl_typesupport_fastrtps_cpp;rosidl_typesupport_introspection_cpp
[0.150s] -- Found rmw_implementation_cmake: 6.1.2 (/opt/ros/humble/share/rmw_implementation_cmake/cmake)
[0.150s] -- Found rmw_fastrtps_cpp: 6.2.10 (/opt/ros/humble/share/rmw_fastrtps_cpp/cmake)
[0.210s] -- Using RMW implementation 'rmw_fastrtps_cpp' as default
[0.235s] -- Found ament_lint_auto: 0.12.15 (/opt/ros/humble/share/ament_lint_auto/cmake)
[0.267s] -- Added test 'cppcheck' to perform static code analysis on C / C++ code
[0.267s] -- Configured cppcheck include dirs: 
[0.267s] -- Configured cppcheck exclude dirs and/or files: 
[0.267s] -- Added test 'lint_cmake' to check CMake code style
[0.267s] -- Added test 'uncrustify' to check C / C++ code style
[0.267s] -- Configured uncrustify additional arguments: 
[0.268s] -- Added test 'xmllint' to check XML markup files
[0.268s] -- Configuring done
[0.273s] -- Generating done
[0.275s] -- Build files have been written to: /home/rick/chapt2/chapt2_ws/build/demo_cpp_pkg
[0.294s] [35m[1mConsolidate compiler generated dependencies of target cpp_node[0m
[0.294s] [35m[1mConsolidate compiler generated dependencies of target person_node[0m
[0.299s] [ 16%] [32mBuilding CXX object CMakeFiles/learn_auto.dir/src/learn_auto.cpp.o[0m
[0.306s] [ 83%] Built target cpp_node
[0.306s] [ 83%] Built target person_node
[0.405s] [100%] [32m[1mLinking CXX executable learn_auto[0m
[0.449s] [100%] Built target learn_auto
[0.463s] Invoked command in '/home/rick/chapt2/chapt2_ws/build/demo_cpp_pkg' returned '0': CMAKE_PREFIX_PATH=${CMAKE_PREFIX_PATH}:/home/rick/chapt2/chapt2_ws/install/demo_python_pkg:/opt/ros/humble /usr/bin/cmake --build /home/rick/chapt2/chapt2_ws/build/demo_cpp_pkg -- -j32 -l32
[0.473s] Invoking command in '/home/rick/chapt2/chapt2_ws/build/demo_cpp_pkg': CMAKE_PREFIX_PATH=${CMAKE_PREFIX_PATH}:/home/rick/chapt2/chapt2_ws/install/demo_python_pkg:/opt/ros/humble /usr/bin/cmake --install /home/rick/chapt2/chapt2_ws/build/demo_cpp_pkg
[0.480s] -- Install configuration: ""
[0.480s] -- Up-to-date: /home/rick/chapt2/chapt2_ws/install/demo_cpp_pkg/lib/demo_cpp_pkg/cpp_node
[0.480s] -- Up-to-date: /home/rick/chapt2/chapt2_ws/install/demo_cpp_pkg/lib/demo_cpp_pkg/person_node
[0.480s] -- Up-to-date: /home/rick/chapt2/chapt2_ws/install/demo_cpp_pkg/share/ament_index/resource_index/package_run_dependencies/demo_cpp_pkg
[0.480s] -- Installing: /home/rick/chapt2/chapt2_ws/install/demo_cpp_pkg/share/ament_index/resource_index/parent_prefix_path/demo_cpp_pkg
[0.481s] -- Up-to-date: /home/rick/chapt2/chapt2_ws/install/demo_cpp_pkg/share/demo_cpp_pkg/environment/ament_prefix_path.sh
[0.481s] -- Installing: /home/rick/chapt2/chapt2_ws/install/demo_cpp_pkg/share/demo_cpp_pkg/environment/ament_prefix_path.dsv
[0.481s] -- Up-to-date: /home/rick/chapt2/chapt2_ws/install/demo_cpp_pkg/share/demo_cpp_pkg/environment/path.sh
[0.481s] -- Installing: /home/rick/chapt2/chapt2_ws/install/demo_cpp_pkg/share/demo_cpp_pkg/environment/path.dsv
[0.481s] -- Up-to-date: /home/rick/chapt2/chapt2_ws/install/demo_cpp_pkg/share/demo_cpp_pkg/local_setup.bash
[0.481s] -- Up-to-date: /home/rick/chapt2/chapt2_ws/install/demo_cpp_pkg/share/demo_cpp_pkg/local_setup.sh
[0.481s] -- Up-to-date: /home/rick/chapt2/chapt2_ws/install/demo_cpp_pkg/share/demo_cpp_pkg/local_setup.zsh
[0.481s] -- Installing: /home/rick/chapt2/chapt2_ws/install/demo_cpp_pkg/share/demo_cpp_pkg/local_setup.dsv
[0.481s] -- Installing: /home/rick/chapt2/chapt2_ws/install/demo_cpp_pkg/share/demo_cpp_pkg/package.dsv
[0.482s] -- Up-to-date: /home/rick/chapt2/chapt2_ws/install/demo_cpp_pkg/share/ament_index/resource_index/packages/demo_cpp_pkg
[0.482s] -- Up-to-date: /home/rick/chapt2/chapt2_ws/install/demo_cpp_pkg/share/demo_cpp_pkg/cmake/demo_cpp_pkgConfig.cmake
[0.482s] -- Up-to-date: /home/rick/chapt2/chapt2_ws/install/demo_cpp_pkg/share/demo_cpp_pkg/cmake/demo_cpp_pkgConfig-version.cmake
[0.482s] -- Up-to-date: /home/rick/chapt2/chapt2_ws/install/demo_cpp_pkg/share/demo_cpp_pkg/package.xml
[0.484s] Invoked command in '/home/rick/chapt2/chapt2_ws/build/demo_cpp_pkg' returned '0': CMAKE_PREFIX_PATH=${CMAKE_PREFIX_PATH}:/home/rick/chapt2/chapt2_ws/install/demo_python_pkg:/opt/ros/humble /usr/bin/cmake --install /home/rick/chapt2/chapt2_ws/build/demo_cpp_pkg
