[0.297s] Invoking command in '/home/rick/ROS2/chapt3/chapt3_ws/src/demo_python_topic': PYTHONPATH=/home/rick/ROS2/chapt3/chapt3_ws/build/demo_python_topic/prefix_override:/usr/lib/python3/dist-packages/colcon_core/task/python/colcon_distutils_commands:/home/rick/ROS2/chapt3/chapt3_ws/install/demo_python_topic/lib/python3.10/site-packages:${PYTHONPATH} /usr/bin/python3 -W ignore:setup.py install is deprecated -W ignore:easy_install command is deprecated setup.py egg_info --egg-base ../../build/demo_python_topic build --build-base /home/rick/ROS2/chapt3/chapt3_ws/build/demo_python_topic/build install --record /home/rick/ROS2/chapt3/chapt3_ws/build/demo_python_topic/install.log --install-scripts $base/lib/demo_python_topic --single-version-externally-managed install_data
[0.397s] running egg_info
[0.397s] creating ../../build/demo_python_topic/demo_python_topic.egg-info
[0.397s] writing ../../build/demo_python_topic/demo_python_topic.egg-info/PKG-INFO
[0.397s] writing dependency_links to ../../build/demo_python_topic/demo_python_topic.egg-info/dependency_links.txt
[0.398s] writing entry points to ../../build/demo_python_topic/demo_python_topic.egg-info/entry_points.txt
[0.398s] writing requirements to ../../build/demo_python_topic/demo_python_topic.egg-info/requires.txt
[0.398s] writing top-level names to ../../build/demo_python_topic/demo_python_topic.egg-info/top_level.txt
[0.398s] writing manifest file '../../build/demo_python_topic/demo_python_topic.egg-info/SOURCES.txt'
[0.398s] reading manifest file '../../build/demo_python_topic/demo_python_topic.egg-info/SOURCES.txt'
[0.398s] adding license file 'LICENSE'
[0.398s] writing manifest file '../../build/demo_python_topic/demo_python_topic.egg-info/SOURCES.txt'
[0.398s] running build
[0.398s] running build_py
[0.399s] creating /home/rick/ROS2/chapt3/chapt3_ws/build/demo_python_topic/build
[0.399s] creating /home/rick/ROS2/chapt3/chapt3_ws/build/demo_python_topic/build/lib
[0.399s] creating /home/rick/ROS2/chapt3/chapt3_ws/build/demo_python_topic/build/lib/demo_python_topic
[0.399s] copying demo_python_topic/__init__.py -> /home/rick/ROS2/chapt3/chapt3_ws/build/demo_python_topic/build/lib/demo_python_topic
[0.399s] running install
[0.399s] running install_lib
[0.399s] creating /home/rick/ROS2/chapt3/chapt3_ws/install/demo_python_topic/lib/python3.10/site-packages/demo_python_topic
[0.399s] copying /home/rick/ROS2/chapt3/chapt3_ws/build/demo_python_topic/build/lib/demo_python_topic/__init__.py -> /home/rick/ROS2/chapt3/chapt3_ws/install/demo_python_topic/lib/python3.10/site-packages/demo_python_topic
[0.399s] byte-compiling /home/rick/ROS2/chapt3/chapt3_ws/install/demo_python_topic/lib/python3.10/site-packages/demo_python_topic/__init__.py to __init__.cpython-310.pyc
[0.399s] running install_data
[0.399s] creating /home/rick/ROS2/chapt3/chapt3_ws/install/demo_python_topic/share/ament_index
[0.399s] creating /home/rick/ROS2/chapt3/chapt3_ws/install/demo_python_topic/share/ament_index/resource_index
[0.399s] creating /home/rick/ROS2/chapt3/chapt3_ws/install/demo_python_topic/share/ament_index/resource_index/packages
[0.399s] copying resource/demo_python_topic -> /home/rick/ROS2/chapt3/chapt3_ws/install/demo_python_topic/share/ament_index/resource_index/packages
[0.399s] copying package.xml -> /home/rick/ROS2/chapt3/chapt3_ws/install/demo_python_topic/share/demo_python_topic
[0.400s] running install_egg_info
[0.400s] Copying ../../build/demo_python_topic/demo_python_topic.egg-info to /home/rick/ROS2/chapt3/chapt3_ws/install/demo_python_topic/lib/python3.10/site-packages/demo_python_topic-0.0.0-py3.10.egg-info
[0.400s] running install_scripts
[0.410s] writing list of installed files to '/home/rick/ROS2/chapt3/chapt3_ws/build/demo_python_topic/install.log'
[0.424s] Invoked command in '/home/rick/ROS2/chapt3/chapt3_ws/src/demo_python_topic' returned '0': PYTHONPATH=/home/rick/ROS2/chapt3/chapt3_ws/build/demo_python_topic/prefix_override:/usr/lib/python3/dist-packages/colcon_core/task/python/colcon_distutils_commands:/home/rick/ROS2/chapt3/chapt3_ws/install/demo_python_topic/lib/python3.10/site-packages:${PYTHONPATH} /usr/bin/python3 -W ignore:setup.py install is deprecated -W ignore:easy_install command is deprecated setup.py egg_info --egg-base ../../build/demo_python_topic build --build-base /home/rick/ROS2/chapt3/chapt3_ws/build/demo_python_topic/build install --record /home/rick/ROS2/chapt3/chapt3_ws/build/demo_python_topic/install.log --install-scripts $base/lib/demo_python_topic --single-version-externally-managed install_data
