[0.007s] Invoking command in '/home/rick/ROS2/chapt3/chapt3_ws/build/demo_cpp_topic': CMAKE_PREFIX_PATH=${CMAKE_PREFIX_PATH}:/home/rick/ROS2/chapt3/chapt3_ws/install/demo_python_topic:/opt/ros/humble /usr/bin/cmake --build /home/rick/ROS2/chapt3/chapt3_ws/build/demo_cpp_topic -- -j32 -l32
[0.026s] -- Found ament_cmake: 1.3.14 (/opt/ros/humble/share/ament_cmake/cmake)
[0.089s] -- Found rclcpp: 16.0.19 (/opt/ros/humble/share/rclcpp/cmake)
[0.102s] -- Found rosidl_generator_c: 3.1.8 (/opt/ros/humble/share/rosidl_generator_c/cmake)
[0.103s] -- Found rosidl_adapter: 3.1.8 (/opt/ros/humble/share/rosidl_adapter/cmake)
[0.106s] -- Found rosidl_generator_cpp: 3.1.8 (/opt/ros/humble/share/rosidl_generator_cpp/cmake)
[0.110s] -- Using all available rosidl_typesupport_c: rosidl_typesupport_fastrtps_c;rosidl_typesupport_introspection_c
[0.116s] -- Using all available rosidl_typesupport_cpp: rosidl_typesupport_fastrtps_cpp;rosidl_typesupport_introspection_cpp
[0.130s] -- Found rmw_implementation_cmake: 6.1.2 (/opt/ros/humble/share/rmw_implementation_cmake/cmake)
[0.130s] -- Found rmw_fastrtps_cpp: 6.2.10 (/opt/ros/humble/share/rmw_fastrtps_cpp/cmake)
[0.183s] -- Using RMW implementation 'rmw_fastrtps_cpp' as default
[0.208s] -- Found geometry_msgs: 4.9.1 (/opt/ros/humble/share/geometry_msgs/cmake)
[0.214s] -- Found turtlesim: 1.4.3 (/opt/ros/humble/share/turtlesim/cmake)
[0.231s] -- Found ament_lint_auto: 0.12.15 (/opt/ros/humble/share/ament_lint_auto/cmake)
[0.264s] -- Added test 'cppcheck' to perform static code analysis on C / C++ code
[0.264s] -- Configured cppcheck include dirs: 
[0.264s] -- Configured cppcheck exclude dirs and/or files: 
[0.264s] -- Added test 'lint_cmake' to check CMake code style
[0.264s] -- Added test 'uncrustify' to check C / C++ code style
[0.264s] -- Configured uncrustify additional arguments: 
[0.264s] -- Added test 'xmllint' to check XML markup files
[0.264s] -- Configuring done
[0.270s] -- Generating done
[0.273s] -- Build files have been written to: /home/rick/ROS2/chapt3/chapt3_ws/build/demo_cpp_topic
[0.288s] [35m[1mConsolidate compiler generated dependencies of target turtle_circle[0m
[0.294s] [ 25%] [32mBuilding CXX object CMakeFiles/turtle_control.dir/src/turtle_control.cpp.o[0m
[0.299s] [ 50%] [32mBuilding CXX object CMakeFiles/turtle_circle.dir/src/turtle_circle.cpp.o[0m
[2.240s] [ 75%] [32m[1mLinking CXX executable turtle_circle[0m
[2.338s] [ 75%] Built target turtle_circle
[4.165s] [100%] [32m[1mLinking CXX executable turtle_control[0m
[4.381s] [100%] Built target turtle_control
[4.389s] Invoked command in '/home/rick/ROS2/chapt3/chapt3_ws/build/demo_cpp_topic' returned '0': CMAKE_PREFIX_PATH=${CMAKE_PREFIX_PATH}:/home/rick/ROS2/chapt3/chapt3_ws/install/demo_python_topic:/opt/ros/humble /usr/bin/cmake --build /home/rick/ROS2/chapt3/chapt3_ws/build/demo_cpp_topic -- -j32 -l32
[4.396s] Invoking command in '/home/rick/ROS2/chapt3/chapt3_ws/build/demo_cpp_topic': CMAKE_PREFIX_PATH=${CMAKE_PREFIX_PATH}:/home/rick/ROS2/chapt3/chapt3_ws/install/demo_python_topic:/opt/ros/humble /usr/bin/cmake --install /home/rick/ROS2/chapt3/chapt3_ws/build/demo_cpp_topic
[4.402s] -- Install configuration: ""
[4.402s] -- Installing: /home/rick/ROS2/chapt3/chapt3_ws/install/demo_cpp_topic/lib/demo_cpp_topic/turtle_circle
[4.403s] -- Set runtime path of "/home/rick/ROS2/chapt3/chapt3_ws/install/demo_cpp_topic/lib/demo_cpp_topic/turtle_circle" to ""
[4.403s] -- Installing: /home/rick/ROS2/chapt3/chapt3_ws/install/demo_cpp_topic/lib/demo_cpp_topic/turtle_control
[4.405s] -- Set runtime path of "/home/rick/ROS2/chapt3/chapt3_ws/install/demo_cpp_topic/lib/demo_cpp_topic/turtle_control" to ""
[4.405s] -- Up-to-date: /home/rick/ROS2/chapt3/chapt3_ws/install/demo_cpp_topic/share/ament_index/resource_index/package_run_dependencies/demo_cpp_topic
[4.405s] -- Up-to-date: /home/rick/ROS2/chapt3/chapt3_ws/install/demo_cpp_topic/share/ament_index/resource_index/parent_prefix_path/demo_cpp_topic
[4.406s] -- Up-to-date: /home/rick/ROS2/chapt3/chapt3_ws/install/demo_cpp_topic/share/demo_cpp_topic/environment/ament_prefix_path.sh
[4.406s] -- Installing: /home/rick/ROS2/chapt3/chapt3_ws/install/demo_cpp_topic/share/demo_cpp_topic/environment/ament_prefix_path.dsv
[4.406s] -- Up-to-date: /home/rick/ROS2/chapt3/chapt3_ws/install/demo_cpp_topic/share/demo_cpp_topic/environment/path.sh
[4.406s] -- Installing: /home/rick/ROS2/chapt3/chapt3_ws/install/demo_cpp_topic/share/demo_cpp_topic/environment/path.dsv
[4.406s] -- Up-to-date: /home/rick/ROS2/chapt3/chapt3_ws/install/demo_cpp_topic/share/demo_cpp_topic/local_setup.bash
[4.406s] -- Up-to-date: /home/rick/ROS2/chapt3/chapt3_ws/install/demo_cpp_topic/share/demo_cpp_topic/local_setup.sh
[4.406s] -- Up-to-date: /home/rick/ROS2/chapt3/chapt3_ws/install/demo_cpp_topic/share/demo_cpp_topic/local_setup.zsh
[4.406s] -- Installing: /home/rick/ROS2/chapt3/chapt3_ws/install/demo_cpp_topic/share/demo_cpp_topic/local_setup.dsv
[4.406s] -- Installing: /home/rick/ROS2/chapt3/chapt3_ws/install/demo_cpp_topic/share/demo_cpp_topic/package.dsv
[4.406s] -- Up-to-date: /home/rick/ROS2/chapt3/chapt3_ws/install/demo_cpp_topic/share/ament_index/resource_index/packages/demo_cpp_topic
[4.406s] -- Up-to-date: /home/rick/ROS2/chapt3/chapt3_ws/install/demo_cpp_topic/share/demo_cpp_topic/cmake/demo_cpp_topicConfig.cmake
[4.406s] -- Up-to-date: /home/rick/ROS2/chapt3/chapt3_ws/install/demo_cpp_topic/share/demo_cpp_topic/cmake/demo_cpp_topicConfig-version.cmake
[4.406s] -- Up-to-date: /home/rick/ROS2/chapt3/chapt3_ws/install/demo_cpp_topic/share/demo_cpp_topic/package.xml
[4.408s] Invoked command in '/home/rick/ROS2/chapt3/chapt3_ws/build/demo_cpp_topic' returned '0': CMAKE_PREFIX_PATH=${CMAKE_PREFIX_PATH}:/home/rick/ROS2/chapt3/chapt3_ws/install/demo_python_topic:/opt/ros/humble /usr/bin/cmake --install /home/rick/ROS2/chapt3/chapt3_ws/build/demo_cpp_topic
