[0.071s] DEBUG:colcon:Command line arguments: ['/usr/bin/colcon', 'build']
[0.071s] DEBUG:colcon:Parsed command line arguments: Namespace(log_base=None, log_level=None, verb_name='build', build_base='build', install_base='install', merge_install=False, symlink_install=False, test_result_base=None, continue_on_error=False, executor='parallel', parallel_workers=32, event_handlers=None, ignore_user_meta=False, metas=['./colcon.meta'], base_paths=['.'], packages_ignore=None, packages_ignore_regex=None, paths=None, packages_up_to=None, packages_up_to_regex=None, packages_above=None, packages_above_and_dependencies=None, packages_above_depth=None, packages_select_by_dep=None, packages_skip_by_dep=None, packages_skip_up_to=None, packages_select_build_failed=False, packages_skip_build_finished=False, packages_select_test_failures=False, packages_skip_test_passed=False, packages_select=None, packages_skip=None, packages_select_regex=None, packages_skip_regex=None, packages_start=None, packages_end=None, allow_overriding=[], cmake_args=None, cmake_target=None, cmake_target_skip_unavailable=False, cmake_clean_cache=False, cmake_clean_first=False, cmake_force_configure=False, ament_cmake_args=None, catkin_cmake_args=None, catkin_skip_building_tests=False, verb_parser=<colcon_defaults.argument_parser.defaults.DefaultArgumentsDecorator object at 0x77bf4082b970>, verb_extension=<colcon_core.verb.build.BuildVerb object at 0x77bf4082b400>, main=<bound method BuildVerb.main of <colcon_core.verb.build.BuildVerb object at 0x77bf4082b400>>)
[0.183s] Level 1:colcon.colcon_core.package_discovery:discover_packages(colcon_meta) check parameters
[0.183s] Level 1:colcon.colcon_core.package_discovery:discover_packages(recursive) check parameters
[0.183s] Level 1:colcon.colcon_core.package_discovery:discover_packages(ignore) check parameters
[0.183s] Level 1:colcon.colcon_core.package_discovery:discover_packages(path) check parameters
[0.183s] Level 1:colcon.colcon_core.package_discovery:discover_packages(colcon_meta) discover
[0.183s] Level 1:colcon.colcon_core.package_discovery:discover_packages(recursive) discover
[0.183s] INFO:colcon.colcon_core.package_discovery:Crawling recursively for packages in '/home/rick/ROS2/chapt3/chapt3_ws'
[0.183s] Level 1:colcon.colcon_core.package_identification:_identify(.) by extensions ['ignore', 'ignore_ament_install']
[0.183s] Level 1:colcon.colcon_core.package_identification:_identify(.) by extension 'ignore'
[0.183s] Level 1:colcon.colcon_core.package_identification:_identify(.) by extension 'ignore_ament_install'
[0.183s] Level 1:colcon.colcon_core.package_identification:_identify(.) by extensions ['colcon_pkg']
[0.183s] Level 1:colcon.colcon_core.package_identification:_identify(.) by extension 'colcon_pkg'
[0.183s] Level 1:colcon.colcon_core.package_identification:_identify(.) by extensions ['colcon_meta']
[0.183s] Level 1:colcon.colcon_core.package_identification:_identify(.) by extension 'colcon_meta'
[0.183s] Level 1:colcon.colcon_core.package_identification:_identify(.) by extensions ['ros']
[0.183s] Level 1:colcon.colcon_core.package_identification:_identify(.) by extension 'ros'
[0.188s] Level 1:colcon.colcon_core.package_identification:_identify(.) by extensions ['cmake', 'python']
[0.188s] Level 1:colcon.colcon_core.package_identification:_identify(.) by extension 'cmake'
[0.188s] Level 1:colcon.colcon_core.package_identification:_identify(.) by extension 'python'
[0.188s] Level 1:colcon.colcon_core.package_identification:_identify(.) by extensions ['python_setup_py']
[0.188s] Level 1:colcon.colcon_core.package_identification:_identify(.) by extension 'python_setup_py'
[0.188s] Level 1:colcon.colcon_core.package_identification:_identify(build) by extensions ['ignore', 'ignore_ament_install']
[0.188s] Level 1:colcon.colcon_core.package_identification:_identify(build) by extension 'ignore'
[0.188s] Level 1:colcon.colcon_core.package_identification:_identify(build) ignored
[0.188s] Level 1:colcon.colcon_core.package_identification:_identify(install) by extensions ['ignore', 'ignore_ament_install']
[0.188s] Level 1:colcon.colcon_core.package_identification:_identify(install) by extension 'ignore'
[0.188s] Level 1:colcon.colcon_core.package_identification:_identify(install) ignored
[0.189s] Level 1:colcon.colcon_core.package_identification:_identify(log) by extensions ['ignore', 'ignore_ament_install']
[0.189s] Level 1:colcon.colcon_core.package_identification:_identify(log) by extension 'ignore'
[0.189s] Level 1:colcon.colcon_core.package_identification:_identify(log) ignored
[0.189s] Level 1:colcon.colcon_core.package_identification:_identify(src) by extensions ['ignore', 'ignore_ament_install']
[0.189s] Level 1:colcon.colcon_core.package_identification:_identify(src) by extension 'ignore'
[0.189s] Level 1:colcon.colcon_core.package_identification:_identify(src) by extension 'ignore_ament_install'
[0.189s] Level 1:colcon.colcon_core.package_identification:_identify(src) by extensions ['colcon_pkg']
[0.189s] Level 1:colcon.colcon_core.package_identification:_identify(src) by extension 'colcon_pkg'
[0.189s] Level 1:colcon.colcon_core.package_identification:_identify(src) by extensions ['colcon_meta']
[0.189s] Level 1:colcon.colcon_core.package_identification:_identify(src) by extension 'colcon_meta'
[0.189s] Level 1:colcon.colcon_core.package_identification:_identify(src) by extensions ['ros']
[0.189s] Level 1:colcon.colcon_core.package_identification:_identify(src) by extension 'ros'
[0.189s] Level 1:colcon.colcon_core.package_identification:_identify(src) by extensions ['cmake', 'python']
[0.189s] Level 1:colcon.colcon_core.package_identification:_identify(src) by extension 'cmake'
[0.189s] Level 1:colcon.colcon_core.package_identification:_identify(src) by extension 'python'
[0.189s] Level 1:colcon.colcon_core.package_identification:_identify(src) by extensions ['python_setup_py']
[0.189s] Level 1:colcon.colcon_core.package_identification:_identify(src) by extension 'python_setup_py'
[0.189s] Level 1:colcon.colcon_core.package_identification:_identify(src/demo_cpp_topic) by extensions ['ignore', 'ignore_ament_install']
[0.189s] Level 1:colcon.colcon_core.package_identification:_identify(src/demo_cpp_topic) by extension 'ignore'
[0.189s] Level 1:colcon.colcon_core.package_identification:_identify(src/demo_cpp_topic) by extension 'ignore_ament_install'
[0.189s] Level 1:colcon.colcon_core.package_identification:_identify(src/demo_cpp_topic) by extensions ['colcon_pkg']
[0.189s] Level 1:colcon.colcon_core.package_identification:_identify(src/demo_cpp_topic) by extension 'colcon_pkg'
[0.189s] Level 1:colcon.colcon_core.package_identification:_identify(src/demo_cpp_topic) by extensions ['colcon_meta']
[0.189s] Level 1:colcon.colcon_core.package_identification:_identify(src/demo_cpp_topic) by extension 'colcon_meta'
[0.189s] Level 1:colcon.colcon_core.package_identification:_identify(src/demo_cpp_topic) by extensions ['ros']
[0.189s] Level 1:colcon.colcon_core.package_identification:_identify(src/demo_cpp_topic) by extension 'ros'
[0.191s] DEBUG:colcon.colcon_core.package_identification:Package 'src/demo_cpp_topic' with type 'ros.ament_cmake' and name 'demo_cpp_topic'
[0.191s] Level 1:colcon.colcon_core.package_identification:_identify(src/demo_python_topic) by extensions ['ignore', 'ignore_ament_install']
[0.191s] Level 1:colcon.colcon_core.package_identification:_identify(src/demo_python_topic) by extension 'ignore'
[0.192s] Level 1:colcon.colcon_core.package_identification:_identify(src/demo_python_topic) by extension 'ignore_ament_install'
[0.192s] Level 1:colcon.colcon_core.package_identification:_identify(src/demo_python_topic) by extensions ['colcon_pkg']
[0.192s] Level 1:colcon.colcon_core.package_identification:_identify(src/demo_python_topic) by extension 'colcon_pkg'
[0.192s] Level 1:colcon.colcon_core.package_identification:_identify(src/demo_python_topic) by extensions ['colcon_meta']
[0.192s] Level 1:colcon.colcon_core.package_identification:_identify(src/demo_python_topic) by extension 'colcon_meta'
[0.192s] Level 1:colcon.colcon_core.package_identification:_identify(src/demo_python_topic) by extensions ['ros']
[0.192s] Level 1:colcon.colcon_core.package_identification:_identify(src/demo_python_topic) by extension 'ros'
[0.192s] DEBUG:colcon.colcon_core.package_identification:Package 'src/demo_python_topic' with type 'ros.ament_python' and name 'demo_python_topic'
[0.192s] Level 1:colcon.colcon_core.package_discovery:discover_packages(recursive) using defaults
[0.192s] Level 1:colcon.colcon_core.package_discovery:discover_packages(ignore) discover
[0.192s] Level 1:colcon.colcon_core.package_discovery:discover_packages(ignore) using defaults
[0.192s] Level 1:colcon.colcon_core.package_discovery:discover_packages(path) discover
[0.192s] Level 1:colcon.colcon_core.package_discovery:discover_packages(path) using defaults
[0.205s] Level 1:colcon.colcon_core.package_discovery:discover_packages(prefix_path) check parameters
[0.205s] Level 1:colcon.colcon_core.package_discovery:discover_packages(prefix_path) discover
[0.207s] DEBUG:colcon.colcon_installed_package_information.package_discovery:Found 273 installed packages in /opt/ros/humble
[0.212s] Level 1:colcon.colcon_core.package_discovery:discover_packages(prefix_path) using defaults
[0.228s] Level 5:colcon.colcon_core.verb:set package 'demo_cpp_topic' build argument 'cmake_args' from command line to 'None'
[0.228s] Level 5:colcon.colcon_core.verb:set package 'demo_cpp_topic' build argument 'cmake_target' from command line to 'None'
[0.228s] Level 5:colcon.colcon_core.verb:set package 'demo_cpp_topic' build argument 'cmake_target_skip_unavailable' from command line to 'False'
[0.228s] Level 5:colcon.colcon_core.verb:set package 'demo_cpp_topic' build argument 'cmake_clean_cache' from command line to 'False'
[0.228s] Level 5:colcon.colcon_core.verb:set package 'demo_cpp_topic' build argument 'cmake_clean_first' from command line to 'False'
[0.228s] Level 5:colcon.colcon_core.verb:set package 'demo_cpp_topic' build argument 'cmake_force_configure' from command line to 'False'
[0.228s] Level 5:colcon.colcon_core.verb:set package 'demo_cpp_topic' build argument 'ament_cmake_args' from command line to 'None'
[0.228s] Level 5:colcon.colcon_core.verb:set package 'demo_cpp_topic' build argument 'catkin_cmake_args' from command line to 'None'
[0.228s] Level 5:colcon.colcon_core.verb:set package 'demo_cpp_topic' build argument 'catkin_skip_building_tests' from command line to 'False'
[0.228s] DEBUG:colcon.colcon_core.verb:Building package 'demo_cpp_topic' with the following arguments: {'ament_cmake_args': None, 'build_base': '/home/rick/ROS2/chapt3/chapt3_ws/build/demo_cpp_topic', 'catkin_cmake_args': None, 'catkin_skip_building_tests': False, 'cmake_args': None, 'cmake_clean_cache': False, 'cmake_clean_first': False, 'cmake_force_configure': False, 'cmake_target': None, 'cmake_target_skip_unavailable': False, 'install_base': '/home/rick/ROS2/chapt3/chapt3_ws/install/demo_cpp_topic', 'merge_install': False, 'path': '/home/rick/ROS2/chapt3/chapt3_ws/src/demo_cpp_topic', 'symlink_install': False, 'test_result_base': None}
[0.228s] Level 5:colcon.colcon_core.verb:set package 'demo_python_topic' build argument 'cmake_args' from command line to 'None'
[0.228s] Level 5:colcon.colcon_core.verb:set package 'demo_python_topic' build argument 'cmake_target' from command line to 'None'
[0.228s] Level 5:colcon.colcon_core.verb:set package 'demo_python_topic' build argument 'cmake_target_skip_unavailable' from command line to 'False'
[0.228s] Level 5:colcon.colcon_core.verb:set package 'demo_python_topic' build argument 'cmake_clean_cache' from command line to 'False'
[0.228s] Level 5:colcon.colcon_core.verb:set package 'demo_python_topic' build argument 'cmake_clean_first' from command line to 'False'
[0.228s] Level 5:colcon.colcon_core.verb:set package 'demo_python_topic' build argument 'cmake_force_configure' from command line to 'False'
[0.228s] Level 5:colcon.colcon_core.verb:set package 'demo_python_topic' build argument 'ament_cmake_args' from command line to 'None'
[0.228s] Level 5:colcon.colcon_core.verb:set package 'demo_python_topic' build argument 'catkin_cmake_args' from command line to 'None'
[0.228s] Level 5:colcon.colcon_core.verb:set package 'demo_python_topic' build argument 'catkin_skip_building_tests' from command line to 'False'
[0.228s] DEBUG:colcon.colcon_core.verb:Building package 'demo_python_topic' with the following arguments: {'ament_cmake_args': None, 'build_base': '/home/rick/ROS2/chapt3/chapt3_ws/build/demo_python_topic', 'catkin_cmake_args': None, 'catkin_skip_building_tests': False, 'cmake_args': None, 'cmake_clean_cache': False, 'cmake_clean_first': False, 'cmake_force_configure': False, 'cmake_target': None, 'cmake_target_skip_unavailable': False, 'install_base': '/home/rick/ROS2/chapt3/chapt3_ws/install/demo_python_topic', 'merge_install': False, 'path': '/home/rick/ROS2/chapt3/chapt3_ws/src/demo_python_topic', 'symlink_install': False, 'test_result_base': None}
[0.228s] INFO:colcon.colcon_core.executor:Executing jobs using 'parallel' executor
[0.229s] DEBUG:colcon.colcon_parallel_executor.executor.parallel:run_until_complete
[0.229s] INFO:colcon.colcon_ros.task.ament_cmake.build:Building ROS package in '/home/rick/ROS2/chapt3/chapt3_ws/src/demo_cpp_topic' with build type 'ament_cmake'
[0.229s] INFO:colcon.colcon_cmake.task.cmake.build:Building CMake package in '/home/rick/ROS2/chapt3/chapt3_ws/src/demo_cpp_topic'
[0.231s] INFO:colcon.colcon_core.plugin_system:Skipping extension 'colcon_core.shell.bat': Not used on non-Windows systems
[0.231s] INFO:colcon.colcon_core.shell:Skip shell extension 'powershell' for command environment: Not usable outside of PowerShell
[0.231s] DEBUG:colcon.colcon_core.shell:Skip shell extension 'dsv' for command environment
[0.233s] INFO:colcon.colcon_ros.task.ament_python.build:Building ROS package in '/home/rick/ROS2/chapt3/chapt3_ws/src/demo_python_topic' with build type 'ament_python'
[0.233s] Level 1:colcon.colcon_core.shell:create_environment_hook('demo_python_topic', 'ament_prefix_path')
[0.233s] INFO:colcon.colcon_core.shell:Creating environment hook '/home/rick/ROS2/chapt3/chapt3_ws/install/demo_python_topic/share/demo_python_topic/hook/ament_prefix_path.ps1'
[0.234s] INFO:colcon.colcon_core.shell:Creating environment descriptor '/home/rick/ROS2/chapt3/chapt3_ws/install/demo_python_topic/share/demo_python_topic/hook/ament_prefix_path.dsv'
[0.234s] INFO:colcon.colcon_core.shell:Creating environment hook '/home/rick/ROS2/chapt3/chapt3_ws/install/demo_python_topic/share/demo_python_topic/hook/ament_prefix_path.sh'
[0.234s] INFO:colcon.colcon_core.shell:Skip shell extension 'powershell' for command environment: Not usable outside of PowerShell
[0.234s] DEBUG:colcon.colcon_core.shell:Skip shell extension 'dsv' for command environment
[0.238s] DEBUG:colcon.colcon_core.event_handler.log_command:Invoking command in '/home/rick/ROS2/chapt3/chapt3_ws/build/demo_cpp_topic': CMAKE_PREFIX_PATH=/opt/ros/humble /usr/bin/cmake /home/rick/ROS2/chapt3/chapt3_ws/src/demo_cpp_topic -DCMAKE_INSTALL_PREFIX=/home/rick/ROS2/chapt3/chapt3_ws/install/demo_cpp_topic
[0.346s] INFO:colcon.colcon_core.task.python.build:Building Python package in '/home/rick/ROS2/chapt3/chapt3_ws/src/demo_python_topic'
[0.347s] INFO:colcon.colcon_core.shell:Skip shell extension 'powershell' for command environment: Not usable outside of PowerShell
[0.347s] DEBUG:colcon.colcon_core.shell:Skip shell extension 'dsv' for command environment
[0.512s] DEBUG:colcon.colcon_core.task.python.build:Available setuptools commands: upload_docs, easy_install, build, install_scripts, install_egg_info, check, build_clib, build_ext, install, bdist, build_scripts, bdist_wheel, saveopts, clean, test, symlink_data, rotate, sdist, bdist_egg, develop, setopt, upload, register, install_lib, alias, build_py, egg_info, install_headers, bdist_rpm, install_data, dist_info, bdist_dumb
[0.514s] DEBUG:colcon.colcon_core.event_handler.log_command:Invoking command in '/home/rick/ROS2/chapt3/chapt3_ws/src/demo_python_topic': PYTHONPATH=/home/rick/ROS2/chapt3/chapt3_ws/build/demo_python_topic/prefix_override:/usr/lib/python3/dist-packages/colcon_core/task/python/colcon_distutils_commands:/home/rick/ROS2/chapt3/chapt3_ws/install/demo_python_topic/lib/python3.10/site-packages:${PYTHONPATH} /usr/bin/python3 -W ignore:setup.py install is deprecated -W ignore:easy_install command is deprecated setup.py egg_info --egg-base ../../build/demo_python_topic build --build-base /home/rick/ROS2/chapt3/chapt3_ws/build/demo_python_topic/build install --record /home/rick/ROS2/chapt3/chapt3_ws/build/demo_python_topic/install.log --install-scripts $base/lib/demo_python_topic --single-version-externally-managed install_data
[0.646s] DEBUG:colcon.colcon_core.event_handler.log_command:Invoked command in '/home/rick/ROS2/chapt3/chapt3_ws/src/demo_python_topic' returned '0': PYTHONPATH=/home/rick/ROS2/chapt3/chapt3_ws/build/demo_python_topic/prefix_override:/usr/lib/python3/dist-packages/colcon_core/task/python/colcon_distutils_commands:/home/rick/ROS2/chapt3/chapt3_ws/install/demo_python_topic/lib/python3.10/site-packages:${PYTHONPATH} /usr/bin/python3 -W ignore:setup.py install is deprecated -W ignore:easy_install command is deprecated setup.py egg_info --egg-base ../../build/demo_python_topic build --build-base /home/rick/ROS2/chapt3/chapt3_ws/build/demo_python_topic/build install --record /home/rick/ROS2/chapt3/chapt3_ws/build/demo_python_topic/install.log --install-scripts $base/lib/demo_python_topic --single-version-externally-managed install_data
[0.649s] Level 1:colcon.colcon_core.environment:checking '/home/rick/ROS2/chapt3/chapt3_ws/install/demo_python_topic' for CMake module files
[0.649s] Level 1:colcon.colcon_core.environment:checking '/home/rick/ROS2/chapt3/chapt3_ws/install/demo_python_topic' for CMake config files
[0.649s] Level 1:colcon.colcon_core.environment:checking '/home/rick/ROS2/chapt3/chapt3_ws/install/demo_python_topic/lib'
[0.649s] Level 1:colcon.colcon_core.environment:checking '/home/rick/ROS2/chapt3/chapt3_ws/install/demo_python_topic/bin'
[0.649s] Level 1:colcon.colcon_core.environment:checking '/home/rick/ROS2/chapt3/chapt3_ws/install/demo_python_topic/lib/pkgconfig/demo_python_topic.pc'
[0.649s] Level 1:colcon.colcon_core.environment:checking '/home/rick/ROS2/chapt3/chapt3_ws/install/demo_python_topic/lib/python3.10/site-packages'
[0.649s] Level 1:colcon.colcon_core.shell:create_environment_hook('demo_python_topic', 'pythonpath')
[0.649s] INFO:colcon.colcon_core.shell:Creating environment hook '/home/rick/ROS2/chapt3/chapt3_ws/install/demo_python_topic/share/demo_python_topic/hook/pythonpath.ps1'
[0.650s] INFO:colcon.colcon_core.shell:Creating environment descriptor '/home/rick/ROS2/chapt3/chapt3_ws/install/demo_python_topic/share/demo_python_topic/hook/pythonpath.dsv'
[0.650s] INFO:colcon.colcon_core.shell:Creating environment hook '/home/rick/ROS2/chapt3/chapt3_ws/install/demo_python_topic/share/demo_python_topic/hook/pythonpath.sh'
[0.650s] Level 1:colcon.colcon_core.environment:checking '/home/rick/ROS2/chapt3/chapt3_ws/install/demo_python_topic/bin'
[0.650s] Level 1:colcon.colcon_core.environment:create_environment_scripts_only(demo_python_topic)
[0.650s] INFO:colcon.colcon_core.shell:Creating package script '/home/rick/ROS2/chapt3/chapt3_ws/install/demo_python_topic/share/demo_python_topic/package.ps1'
[0.651s] INFO:colcon.colcon_core.shell:Creating package descriptor '/home/rick/ROS2/chapt3/chapt3_ws/install/demo_python_topic/share/demo_python_topic/package.dsv'
[0.651s] INFO:colcon.colcon_core.shell:Creating package script '/home/rick/ROS2/chapt3/chapt3_ws/install/demo_python_topic/share/demo_python_topic/package.sh'
[0.652s] INFO:colcon.colcon_core.shell:Creating package script '/home/rick/ROS2/chapt3/chapt3_ws/install/demo_python_topic/share/demo_python_topic/package.bash'
[0.652s] INFO:colcon.colcon_core.shell:Creating package script '/home/rick/ROS2/chapt3/chapt3_ws/install/demo_python_topic/share/demo_python_topic/package.zsh'
[0.652s] Level 1:colcon.colcon_core.environment:create_file_with_runtime_dependencies(/home/rick/ROS2/chapt3/chapt3_ws/install/demo_python_topic/share/colcon-core/packages/demo_python_topic)
[1.294s] DEBUG:colcon.colcon_core.event_handler.log_command:Invoked command in '/home/rick/ROS2/chapt3/chapt3_ws/build/demo_cpp_topic' returned '0': CMAKE_PREFIX_PATH=/opt/ros/humble /usr/bin/cmake /home/rick/ROS2/chapt3/chapt3_ws/src/demo_cpp_topic -DCMAKE_INSTALL_PREFIX=/home/rick/ROS2/chapt3/chapt3_ws/install/demo_cpp_topic
[1.294s] DEBUG:colcon.colcon_core.event_handler.log_command:Invoking command in '/home/rick/ROS2/chapt3/chapt3_ws/build/demo_cpp_topic': CMAKE_PREFIX_PATH=/opt/ros/humble /usr/bin/cmake --build /home/rick/ROS2/chapt3/chapt3_ws/build/demo_cpp_topic -- -j32 -l32
[1.340s] DEBUG:colcon.colcon_core.event_handler.log_command:Invoked command in '/home/rick/ROS2/chapt3/chapt3_ws/build/demo_cpp_topic' returned '0': CMAKE_PREFIX_PATH=/opt/ros/humble /usr/bin/cmake --build /home/rick/ROS2/chapt3/chapt3_ws/build/demo_cpp_topic -- -j32 -l32
[1.356s] DEBUG:colcon.colcon_core.event_handler.log_command:Invoking command in '/home/rick/ROS2/chapt3/chapt3_ws/build/demo_cpp_topic': CMAKE_PREFIX_PATH=/opt/ros/humble /usr/bin/cmake --install /home/rick/ROS2/chapt3/chapt3_ws/build/demo_cpp_topic
[1.371s] Level 1:colcon.colcon_core.environment:create_environment_scripts_only(demo_cpp_topic)
[1.372s] Level 1:colcon.colcon_core.environment:checking '/home/rick/ROS2/chapt3/chapt3_ws/install/demo_cpp_topic' for CMake module files
[1.373s] DEBUG:colcon.colcon_core.event_handler.log_command:Invoked command in '/home/rick/ROS2/chapt3/chapt3_ws/build/demo_cpp_topic' returned '0': CMAKE_PREFIX_PATH=/opt/ros/humble /usr/bin/cmake --install /home/rick/ROS2/chapt3/chapt3_ws/build/demo_cpp_topic
[1.373s] Level 1:colcon.colcon_core.environment:checking '/home/rick/ROS2/chapt3/chapt3_ws/install/demo_cpp_topic' for CMake config files
[1.374s] Level 1:colcon.colcon_core.shell:create_environment_hook('demo_cpp_topic', 'cmake_prefix_path')
[1.374s] INFO:colcon.colcon_core.shell:Creating environment hook '/home/rick/ROS2/chapt3/chapt3_ws/install/demo_cpp_topic/share/demo_cpp_topic/hook/cmake_prefix_path.ps1'
[1.375s] INFO:colcon.colcon_core.shell:Creating environment descriptor '/home/rick/ROS2/chapt3/chapt3_ws/install/demo_cpp_topic/share/demo_cpp_topic/hook/cmake_prefix_path.dsv'
[1.376s] INFO:colcon.colcon_core.shell:Creating environment hook '/home/rick/ROS2/chapt3/chapt3_ws/install/demo_cpp_topic/share/demo_cpp_topic/hook/cmake_prefix_path.sh'
[1.377s] Level 1:colcon.colcon_core.environment:checking '/home/rick/ROS2/chapt3/chapt3_ws/install/demo_cpp_topic/bin'
[1.377s] Level 1:colcon.colcon_core.environment:checking '/home/rick/ROS2/chapt3/chapt3_ws/install/demo_cpp_topic/lib/pkgconfig/demo_cpp_topic.pc'
[1.378s] Level 1:colcon.colcon_core.environment:checking '/home/rick/ROS2/chapt3/chapt3_ws/install/demo_cpp_topic/lib/python3.10/site-packages'
[1.378s] Level 1:colcon.colcon_core.environment:checking '/home/rick/ROS2/chapt3/chapt3_ws/install/demo_cpp_topic/bin'
[1.379s] INFO:colcon.colcon_core.shell:Creating package script '/home/rick/ROS2/chapt3/chapt3_ws/install/demo_cpp_topic/share/demo_cpp_topic/package.ps1'
[1.380s] INFO:colcon.colcon_core.shell:Creating package descriptor '/home/rick/ROS2/chapt3/chapt3_ws/install/demo_cpp_topic/share/demo_cpp_topic/package.dsv'
[1.381s] INFO:colcon.colcon_core.shell:Creating package script '/home/rick/ROS2/chapt3/chapt3_ws/install/demo_cpp_topic/share/demo_cpp_topic/package.sh'
[1.381s] INFO:colcon.colcon_core.shell:Creating package script '/home/rick/ROS2/chapt3/chapt3_ws/install/demo_cpp_topic/share/demo_cpp_topic/package.bash'
[1.382s] INFO:colcon.colcon_core.shell:Creating package script '/home/rick/ROS2/chapt3/chapt3_ws/install/demo_cpp_topic/share/demo_cpp_topic/package.zsh'
[1.382s] Level 1:colcon.colcon_core.environment:create_file_with_runtime_dependencies(/home/rick/ROS2/chapt3/chapt3_ws/install/demo_cpp_topic/share/colcon-core/packages/demo_cpp_topic)
[1.383s] Level 1:colcon.colcon_core.environment:create_environment_scripts_only(demo_cpp_topic)
[1.383s] Level 1:colcon.colcon_core.environment:checking '/home/rick/ROS2/chapt3/chapt3_ws/install/demo_cpp_topic' for CMake module files
[1.384s] Level 1:colcon.colcon_core.environment:checking '/home/rick/ROS2/chapt3/chapt3_ws/install/demo_cpp_topic' for CMake config files
[1.384s] Level 1:colcon.colcon_core.shell:create_environment_hook('demo_cpp_topic', 'cmake_prefix_path')
[1.384s] INFO:colcon.colcon_core.shell:Creating environment hook '/home/rick/ROS2/chapt3/chapt3_ws/install/demo_cpp_topic/share/demo_cpp_topic/hook/cmake_prefix_path.ps1'
[1.385s] INFO:colcon.colcon_core.shell:Creating environment descriptor '/home/rick/ROS2/chapt3/chapt3_ws/install/demo_cpp_topic/share/demo_cpp_topic/hook/cmake_prefix_path.dsv'
[1.385s] INFO:colcon.colcon_core.shell:Creating environment hook '/home/rick/ROS2/chapt3/chapt3_ws/install/demo_cpp_topic/share/demo_cpp_topic/hook/cmake_prefix_path.sh'
[1.386s] Level 1:colcon.colcon_core.environment:checking '/home/rick/ROS2/chapt3/chapt3_ws/install/demo_cpp_topic/bin'
[1.386s] Level 1:colcon.colcon_core.environment:checking '/home/rick/ROS2/chapt3/chapt3_ws/install/demo_cpp_topic/lib/pkgconfig/demo_cpp_topic.pc'
[1.386s] Level 1:colcon.colcon_core.environment:checking '/home/rick/ROS2/chapt3/chapt3_ws/install/demo_cpp_topic/lib/python3.10/site-packages'
[1.387s] Level 1:colcon.colcon_core.environment:checking '/home/rick/ROS2/chapt3/chapt3_ws/install/demo_cpp_topic/bin'
[1.387s] INFO:colcon.colcon_core.shell:Creating package script '/home/rick/ROS2/chapt3/chapt3_ws/install/demo_cpp_topic/share/demo_cpp_topic/package.ps1'
[1.387s] INFO:colcon.colcon_core.shell:Creating package descriptor '/home/rick/ROS2/chapt3/chapt3_ws/install/demo_cpp_topic/share/demo_cpp_topic/package.dsv'
[1.388s] INFO:colcon.colcon_core.shell:Creating package script '/home/rick/ROS2/chapt3/chapt3_ws/install/demo_cpp_topic/share/demo_cpp_topic/package.sh'
[1.388s] INFO:colcon.colcon_core.shell:Creating package script '/home/rick/ROS2/chapt3/chapt3_ws/install/demo_cpp_topic/share/demo_cpp_topic/package.bash'
[1.389s] INFO:colcon.colcon_core.shell:Creating package script '/home/rick/ROS2/chapt3/chapt3_ws/install/demo_cpp_topic/share/demo_cpp_topic/package.zsh'
[1.389s] Level 1:colcon.colcon_core.environment:create_file_with_runtime_dependencies(/home/rick/ROS2/chapt3/chapt3_ws/install/demo_cpp_topic/share/colcon-core/packages/demo_cpp_topic)
[1.389s] DEBUG:colcon.colcon_parallel_executor.executor.parallel:closing loop
[1.389s] DEBUG:colcon.colcon_parallel_executor.executor.parallel:loop closed
[1.389s] DEBUG:colcon.colcon_parallel_executor.executor.parallel:run_until_complete finished with '0'
[1.389s] DEBUG:colcon.colcon_core.event_reactor:joining thread
[1.394s] INFO:colcon.colcon_core.plugin_system:Skipping extension 'colcon_notification.desktop_notification.terminal_notifier': Not used on non-Darwin systems
[1.394s] INFO:colcon.colcon_core.plugin_system:Skipping extension 'colcon_notification.desktop_notification.win32': Not used on non-Windows systems
[1.394s] INFO:colcon.colcon_notification.desktop_notification:Sending desktop notification using 'notify2'
[1.425s] DEBUG:colcon.colcon_core.event_reactor:joined thread
[1.426s] INFO:colcon.colcon_core.shell:Creating prefix script '/home/rick/ROS2/chapt3/chapt3_ws/install/local_setup.ps1'
[1.427s] INFO:colcon.colcon_core.shell:Creating prefix util module '/home/rick/ROS2/chapt3/chapt3_ws/install/_local_setup_util_ps1.py'
[1.428s] INFO:colcon.colcon_core.shell:Creating prefix chain script '/home/rick/ROS2/chapt3/chapt3_ws/install/setup.ps1'
[1.429s] INFO:colcon.colcon_core.shell:Creating prefix script '/home/rick/ROS2/chapt3/chapt3_ws/install/local_setup.sh'
[1.429s] INFO:colcon.colcon_core.shell:Creating prefix util module '/home/rick/ROS2/chapt3/chapt3_ws/install/_local_setup_util_sh.py'
[1.430s] INFO:colcon.colcon_core.shell:Creating prefix chain script '/home/rick/ROS2/chapt3/chapt3_ws/install/setup.sh'
[1.430s] INFO:colcon.colcon_core.shell:Creating prefix script '/home/rick/ROS2/chapt3/chapt3_ws/install/local_setup.bash'
[1.431s] INFO:colcon.colcon_core.shell:Creating prefix chain script '/home/rick/ROS2/chapt3/chapt3_ws/install/setup.bash'
[1.431s] INFO:colcon.colcon_core.shell:Creating prefix script '/home/rick/ROS2/chapt3/chapt3_ws/install/local_setup.zsh'
[1.432s] INFO:colcon.colcon_core.shell:Creating prefix chain script '/home/rick/ROS2/chapt3/chapt3_ws/install/setup.zsh'
