[0.045s] DEBUG:colcon:Command line arguments: ['/usr/bin/colcon', 'build']
[0.045s] DEBUG:colcon:Parsed command line arguments: Namespace(log_base=None, log_level=None, verb_name='build', build_base='build', install_base='install', merge_install=False, symlink_install=False, test_result_base=None, continue_on_error=False, executor='parallel', parallel_workers=32, event_handlers=None, ignore_user_meta=False, metas=['./colcon.meta'], base_paths=['.'], packages_ignore=None, packages_ignore_regex=None, paths=None, packages_up_to=None, packages_up_to_regex=None, packages_above=None, packages_above_and_dependencies=None, packages_above_depth=None, packages_select_by_dep=None, packages_skip_by_dep=None, packages_skip_up_to=None, packages_select_build_failed=False, packages_skip_build_finished=False, packages_select_test_failures=False, packages_skip_test_passed=False, packages_select=None, packages_skip=None, packages_select_regex=None, packages_skip_regex=None, packages_start=None, packages_end=None, allow_overriding=[], cmake_args=None, cmake_target=None, cmake_target_skip_unavailable=False, cmake_clean_cache=False, cmake_clean_first=False, cmake_force_configure=False, ament_cmake_args=None, catkin_cmake_args=None, catkin_skip_building_tests=False, verb_parser=<colcon_defaults.argument_parser.defaults.DefaultArgumentsDecorator object at 0x70eefe61b970>, verb_extension=<colcon_core.verb.build.BuildVerb object at 0x70eefe61b400>, main=<bound method BuildVerb.main of <colcon_core.verb.build.BuildVerb object at 0x70eefe61b400>>)
[0.108s] Level 1:colcon.colcon_core.package_discovery:discover_packages(colcon_meta) check parameters
[0.108s] Level 1:colcon.colcon_core.package_discovery:discover_packages(recursive) check parameters
[0.108s] Level 1:colcon.colcon_core.package_discovery:discover_packages(ignore) check parameters
[0.108s] Level 1:colcon.colcon_core.package_discovery:discover_packages(path) check parameters
[0.108s] Level 1:colcon.colcon_core.package_discovery:discover_packages(colcon_meta) discover
[0.108s] Level 1:colcon.colcon_core.package_discovery:discover_packages(recursive) discover
[0.108s] INFO:colcon.colcon_core.package_discovery:Crawling recursively for packages in '/home/rick/ROS2/chapt3/topic_practice_ws'
[0.108s] Level 1:colcon.colcon_core.package_identification:_identify(.) by extensions ['ignore', 'ignore_ament_install']
[0.108s] Level 1:colcon.colcon_core.package_identification:_identify(.) by extension 'ignore'
[0.108s] Level 1:colcon.colcon_core.package_identification:_identify(.) by extension 'ignore_ament_install'
[0.108s] Level 1:colcon.colcon_core.package_identification:_identify(.) by extensions ['colcon_pkg']
[0.108s] Level 1:colcon.colcon_core.package_identification:_identify(.) by extension 'colcon_pkg'
[0.108s] Level 1:colcon.colcon_core.package_identification:_identify(.) by extensions ['colcon_meta']
[0.108s] Level 1:colcon.colcon_core.package_identification:_identify(.) by extension 'colcon_meta'
[0.108s] Level 1:colcon.colcon_core.package_identification:_identify(.) by extensions ['ros']
[0.108s] Level 1:colcon.colcon_core.package_identification:_identify(.) by extension 'ros'
[0.114s] Level 1:colcon.colcon_core.package_identification:_identify(.) by extensions ['cmake', 'python']
[0.114s] Level 1:colcon.colcon_core.package_identification:_identify(.) by extension 'cmake'
[0.114s] Level 1:colcon.colcon_core.package_identification:_identify(.) by extension 'python'
[0.114s] Level 1:colcon.colcon_core.package_identification:_identify(.) by extensions ['python_setup_py']
[0.114s] Level 1:colcon.colcon_core.package_identification:_identify(.) by extension 'python_setup_py'
[0.114s] Level 1:colcon.colcon_core.package_identification:_identify(build) by extensions ['ignore', 'ignore_ament_install']
[0.114s] Level 1:colcon.colcon_core.package_identification:_identify(build) by extension 'ignore'
[0.114s] Level 1:colcon.colcon_core.package_identification:_identify(build) ignored
[0.114s] Level 1:colcon.colcon_core.package_identification:_identify(install) by extensions ['ignore', 'ignore_ament_install']
[0.114s] Level 1:colcon.colcon_core.package_identification:_identify(install) by extension 'ignore'
[0.114s] Level 1:colcon.colcon_core.package_identification:_identify(install) ignored
[0.114s] Level 1:colcon.colcon_core.package_identification:_identify(log) by extensions ['ignore', 'ignore_ament_install']
[0.114s] Level 1:colcon.colcon_core.package_identification:_identify(log) by extension 'ignore'
[0.114s] Level 1:colcon.colcon_core.package_identification:_identify(log) ignored
[0.114s] Level 1:colcon.colcon_core.package_identification:_identify(src) by extensions ['ignore', 'ignore_ament_install']
[0.114s] Level 1:colcon.colcon_core.package_identification:_identify(src) by extension 'ignore'
[0.114s] Level 1:colcon.colcon_core.package_identification:_identify(src) by extension 'ignore_ament_install'
[0.114s] Level 1:colcon.colcon_core.package_identification:_identify(src) by extensions ['colcon_pkg']
[0.114s] Level 1:colcon.colcon_core.package_identification:_identify(src) by extension 'colcon_pkg'
[0.114s] Level 1:colcon.colcon_core.package_identification:_identify(src) by extensions ['colcon_meta']
[0.114s] Level 1:colcon.colcon_core.package_identification:_identify(src) by extension 'colcon_meta'
[0.114s] Level 1:colcon.colcon_core.package_identification:_identify(src) by extensions ['ros']
[0.114s] Level 1:colcon.colcon_core.package_identification:_identify(src) by extension 'ros'
[0.114s] Level 1:colcon.colcon_core.package_identification:_identify(src) by extensions ['cmake', 'python']
[0.114s] Level 1:colcon.colcon_core.package_identification:_identify(src) by extension 'cmake'
[0.114s] Level 1:colcon.colcon_core.package_identification:_identify(src) by extension 'python'
[0.114s] Level 1:colcon.colcon_core.package_identification:_identify(src) by extensions ['python_setup_py']
[0.114s] Level 1:colcon.colcon_core.package_identification:_identify(src) by extension 'python_setup_py'
[0.114s] Level 1:colcon.colcon_core.package_identification:_identify(src/status_display) by extensions ['ignore', 'ignore_ament_install']
[0.114s] Level 1:colcon.colcon_core.package_identification:_identify(src/status_display) by extension 'ignore'
[0.114s] Level 1:colcon.colcon_core.package_identification:_identify(src/status_display) by extension 'ignore_ament_install'
[0.115s] Level 1:colcon.colcon_core.package_identification:_identify(src/status_display) by extensions ['colcon_pkg']
[0.115s] Level 1:colcon.colcon_core.package_identification:_identify(src/status_display) by extension 'colcon_pkg'
[0.115s] Level 1:colcon.colcon_core.package_identification:_identify(src/status_display) by extensions ['colcon_meta']
[0.115s] Level 1:colcon.colcon_core.package_identification:_identify(src/status_display) by extension 'colcon_meta'
[0.115s] Level 1:colcon.colcon_core.package_identification:_identify(src/status_display) by extensions ['ros']
[0.115s] Level 1:colcon.colcon_core.package_identification:_identify(src/status_display) by extension 'ros'
[0.116s] DEBUG:colcon.colcon_core.package_identification:Package 'src/status_display' with type 'ros.ament_cmake' and name 'status_display'
[0.116s] Level 1:colcon.colcon_core.package_identification:_identify(src/status_interfaces) by extensions ['ignore', 'ignore_ament_install']
[0.116s] Level 1:colcon.colcon_core.package_identification:_identify(src/status_interfaces) by extension 'ignore'
[0.116s] Level 1:colcon.colcon_core.package_identification:_identify(src/status_interfaces) by extension 'ignore_ament_install'
[0.116s] Level 1:colcon.colcon_core.package_identification:_identify(src/status_interfaces) by extensions ['colcon_pkg']
[0.116s] Level 1:colcon.colcon_core.package_identification:_identify(src/status_interfaces) by extension 'colcon_pkg'
[0.116s] Level 1:colcon.colcon_core.package_identification:_identify(src/status_interfaces) by extensions ['colcon_meta']
[0.116s] Level 1:colcon.colcon_core.package_identification:_identify(src/status_interfaces) by extension 'colcon_meta'
[0.116s] Level 1:colcon.colcon_core.package_identification:_identify(src/status_interfaces) by extensions ['ros']
[0.116s] Level 1:colcon.colcon_core.package_identification:_identify(src/status_interfaces) by extension 'ros'
[0.116s] DEBUG:colcon.colcon_core.package_identification:Package 'src/status_interfaces' with type 'ros.ament_cmake' and name 'status_interfaces'
[0.116s] Level 1:colcon.colcon_core.package_identification:_identify(src/status_publisher) by extensions ['ignore', 'ignore_ament_install']
[0.116s] Level 1:colcon.colcon_core.package_identification:_identify(src/status_publisher) by extension 'ignore'
[0.116s] Level 1:colcon.colcon_core.package_identification:_identify(src/status_publisher) by extension 'ignore_ament_install'
[0.116s] Level 1:colcon.colcon_core.package_identification:_identify(src/status_publisher) by extensions ['colcon_pkg']
[0.117s] Level 1:colcon.colcon_core.package_identification:_identify(src/status_publisher) by extension 'colcon_pkg'
[0.117s] Level 1:colcon.colcon_core.package_identification:_identify(src/status_publisher) by extensions ['colcon_meta']
[0.117s] Level 1:colcon.colcon_core.package_identification:_identify(src/status_publisher) by extension 'colcon_meta'
[0.117s] Level 1:colcon.colcon_core.package_identification:_identify(src/status_publisher) by extensions ['ros']
[0.117s] Level 1:colcon.colcon_core.package_identification:_identify(src/status_publisher) by extension 'ros'
[0.117s] DEBUG:colcon.colcon_core.package_identification:Package 'src/status_publisher' with type 'ros.ament_python' and name 'status_publisher'
[0.117s] Level 1:colcon.colcon_core.package_discovery:discover_packages(recursive) using defaults
[0.117s] Level 1:colcon.colcon_core.package_discovery:discover_packages(ignore) discover
[0.117s] Level 1:colcon.colcon_core.package_discovery:discover_packages(ignore) using defaults
[0.117s] Level 1:colcon.colcon_core.package_discovery:discover_packages(path) discover
[0.117s] Level 1:colcon.colcon_core.package_discovery:discover_packages(path) using defaults
[0.127s] Level 1:colcon.colcon_core.package_discovery:discover_packages(prefix_path) check parameters
[0.127s] Level 1:colcon.colcon_core.package_discovery:discover_packages(prefix_path) discover
[0.128s] DEBUG:colcon.colcon_installed_package_information.package_discovery:Found 273 installed packages in /opt/ros/humble
[0.134s] Level 1:colcon.colcon_core.package_discovery:discover_packages(prefix_path) using defaults
[0.149s] Level 5:colcon.colcon_core.verb:set package 'status_interfaces' build argument 'cmake_args' from command line to 'None'
[0.150s] Level 5:colcon.colcon_core.verb:set package 'status_interfaces' build argument 'cmake_target' from command line to 'None'
[0.150s] Level 5:colcon.colcon_core.verb:set package 'status_interfaces' build argument 'cmake_target_skip_unavailable' from command line to 'False'
[0.150s] Level 5:colcon.colcon_core.verb:set package 'status_interfaces' build argument 'cmake_clean_cache' from command line to 'False'
[0.150s] Level 5:colcon.colcon_core.verb:set package 'status_interfaces' build argument 'cmake_clean_first' from command line to 'False'
[0.150s] Level 5:colcon.colcon_core.verb:set package 'status_interfaces' build argument 'cmake_force_configure' from command line to 'False'
[0.150s] Level 5:colcon.colcon_core.verb:set package 'status_interfaces' build argument 'ament_cmake_args' from command line to 'None'
[0.150s] Level 5:colcon.colcon_core.verb:set package 'status_interfaces' build argument 'catkin_cmake_args' from command line to 'None'
[0.150s] Level 5:colcon.colcon_core.verb:set package 'status_interfaces' build argument 'catkin_skip_building_tests' from command line to 'False'
[0.150s] DEBUG:colcon.colcon_core.verb:Building package 'status_interfaces' with the following arguments: {'ament_cmake_args': None, 'build_base': '/home/rick/ROS2/chapt3/topic_practice_ws/build/status_interfaces', 'catkin_cmake_args': None, 'catkin_skip_building_tests': False, 'cmake_args': None, 'cmake_clean_cache': False, 'cmake_clean_first': False, 'cmake_force_configure': False, 'cmake_target': None, 'cmake_target_skip_unavailable': False, 'install_base': '/home/rick/ROS2/chapt3/topic_practice_ws/install/status_interfaces', 'merge_install': False, 'path': '/home/rick/ROS2/chapt3/topic_practice_ws/src/status_interfaces', 'symlink_install': False, 'test_result_base': None}
[0.150s] Level 5:colcon.colcon_core.verb:set package 'status_display' build argument 'cmake_args' from command line to 'None'
[0.150s] Level 5:colcon.colcon_core.verb:set package 'status_display' build argument 'cmake_target' from command line to 'None'
[0.150s] Level 5:colcon.colcon_core.verb:set package 'status_display' build argument 'cmake_target_skip_unavailable' from command line to 'False'
[0.150s] Level 5:colcon.colcon_core.verb:set package 'status_display' build argument 'cmake_clean_cache' from command line to 'False'
[0.150s] Level 5:colcon.colcon_core.verb:set package 'status_display' build argument 'cmake_clean_first' from command line to 'False'
[0.150s] Level 5:colcon.colcon_core.verb:set package 'status_display' build argument 'cmake_force_configure' from command line to 'False'
[0.150s] Level 5:colcon.colcon_core.verb:set package 'status_display' build argument 'ament_cmake_args' from command line to 'None'
[0.150s] Level 5:colcon.colcon_core.verb:set package 'status_display' build argument 'catkin_cmake_args' from command line to 'None'
[0.150s] Level 5:colcon.colcon_core.verb:set package 'status_display' build argument 'catkin_skip_building_tests' from command line to 'False'
[0.150s] DEBUG:colcon.colcon_core.verb:Building package 'status_display' with the following arguments: {'ament_cmake_args': None, 'build_base': '/home/rick/ROS2/chapt3/topic_practice_ws/build/status_display', 'catkin_cmake_args': None, 'catkin_skip_building_tests': False, 'cmake_args': None, 'cmake_clean_cache': False, 'cmake_clean_first': False, 'cmake_force_configure': False, 'cmake_target': None, 'cmake_target_skip_unavailable': False, 'install_base': '/home/rick/ROS2/chapt3/topic_practice_ws/install/status_display', 'merge_install': False, 'path': '/home/rick/ROS2/chapt3/topic_practice_ws/src/status_display', 'symlink_install': False, 'test_result_base': None}
[0.150s] Level 5:colcon.colcon_core.verb:set package 'status_publisher' build argument 'cmake_args' from command line to 'None'
[0.150s] Level 5:colcon.colcon_core.verb:set package 'status_publisher' build argument 'cmake_target' from command line to 'None'
[0.150s] Level 5:colcon.colcon_core.verb:set package 'status_publisher' build argument 'cmake_target_skip_unavailable' from command line to 'False'
[0.150s] Level 5:colcon.colcon_core.verb:set package 'status_publisher' build argument 'cmake_clean_cache' from command line to 'False'
[0.150s] Level 5:colcon.colcon_core.verb:set package 'status_publisher' build argument 'cmake_clean_first' from command line to 'False'
[0.150s] Level 5:colcon.colcon_core.verb:set package 'status_publisher' build argument 'cmake_force_configure' from command line to 'False'
[0.150s] Level 5:colcon.colcon_core.verb:set package 'status_publisher' build argument 'ament_cmake_args' from command line to 'None'
[0.150s] Level 5:colcon.colcon_core.verb:set package 'status_publisher' build argument 'catkin_cmake_args' from command line to 'None'
[0.150s] Level 5:colcon.colcon_core.verb:set package 'status_publisher' build argument 'catkin_skip_building_tests' from command line to 'False'
[0.150s] DEBUG:colcon.colcon_core.verb:Building package 'status_publisher' with the following arguments: {'ament_cmake_args': None, 'build_base': '/home/rick/ROS2/chapt3/topic_practice_ws/build/status_publisher', 'catkin_cmake_args': None, 'catkin_skip_building_tests': False, 'cmake_args': None, 'cmake_clean_cache': False, 'cmake_clean_first': False, 'cmake_force_configure': False, 'cmake_target': None, 'cmake_target_skip_unavailable': False, 'install_base': '/home/rick/ROS2/chapt3/topic_practice_ws/install/status_publisher', 'merge_install': False, 'path': '/home/rick/ROS2/chapt3/topic_practice_ws/src/status_publisher', 'symlink_install': False, 'test_result_base': None}
[0.150s] INFO:colcon.colcon_core.executor:Executing jobs using 'parallel' executor
[0.151s] DEBUG:colcon.colcon_parallel_executor.executor.parallel:run_until_complete
[0.151s] INFO:colcon.colcon_ros.task.ament_cmake.build:Building ROS package in '/home/rick/ROS2/chapt3/topic_practice_ws/src/status_interfaces' with build type 'ament_cmake'
[0.151s] INFO:colcon.colcon_cmake.task.cmake.build:Building CMake package in '/home/rick/ROS2/chapt3/topic_practice_ws/src/status_interfaces'
[0.152s] INFO:colcon.colcon_core.plugin_system:Skipping extension 'colcon_core.shell.bat': Not used on non-Windows systems
[0.152s] INFO:colcon.colcon_core.shell:Skip shell extension 'powershell' for command environment: Not usable outside of PowerShell
[0.152s] DEBUG:colcon.colcon_core.shell:Skip shell extension 'dsv' for command environment
[0.157s] DEBUG:colcon.colcon_core.event_handler.log_command:Invoking command in '/home/rick/ROS2/chapt3/topic_practice_ws/build/status_interfaces': CMAKE_PREFIX_PATH=/opt/ros/humble /usr/bin/cmake --build /home/rick/ROS2/chapt3/topic_practice_ws/build/status_interfaces -- -j32 -l32
[0.339s] DEBUG:colcon.colcon_core.event_handler.log_command:Invoked command in '/home/rick/ROS2/chapt3/topic_practice_ws/build/status_interfaces' returned '0': CMAKE_PREFIX_PATH=/opt/ros/humble /usr/bin/cmake --build /home/rick/ROS2/chapt3/topic_practice_ws/build/status_interfaces -- -j32 -l32
[0.348s] DEBUG:colcon.colcon_core.event_handler.log_command:Invoking command in '/home/rick/ROS2/chapt3/topic_practice_ws/build/status_interfaces': CMAKE_PREFIX_PATH=/opt/ros/humble /usr/bin/cmake --install /home/rick/ROS2/chapt3/topic_practice_ws/build/status_interfaces
[0.387s] Level 1:colcon.colcon_core.environment:create_environment_scripts_only(status_interfaces)
[0.388s] DEBUG:colcon.colcon_core.event_handler.log_command:Invoked command in '/home/rick/ROS2/chapt3/topic_practice_ws/build/status_interfaces' returned '0': CMAKE_PREFIX_PATH=/opt/ros/humble /usr/bin/cmake --install /home/rick/ROS2/chapt3/topic_practice_ws/build/status_interfaces
[0.389s] Level 1:colcon.colcon_core.environment:checking '/home/rick/ROS2/chapt3/topic_practice_ws/install/status_interfaces' for CMake module files
[0.389s] Level 1:colcon.colcon_core.environment:checking '/home/rick/ROS2/chapt3/topic_practice_ws/install/status_interfaces' for CMake config files
[0.389s] Level 1:colcon.colcon_core.shell:create_environment_hook('status_interfaces', 'cmake_prefix_path')
[0.389s] INFO:colcon.colcon_core.shell:Creating environment hook '/home/rick/ROS2/chapt3/topic_practice_ws/install/status_interfaces/share/status_interfaces/hook/cmake_prefix_path.ps1'
[0.390s] INFO:colcon.colcon_core.shell:Creating environment descriptor '/home/rick/ROS2/chapt3/topic_practice_ws/install/status_interfaces/share/status_interfaces/hook/cmake_prefix_path.dsv'
[0.390s] INFO:colcon.colcon_core.shell:Creating environment hook '/home/rick/ROS2/chapt3/topic_practice_ws/install/status_interfaces/share/status_interfaces/hook/cmake_prefix_path.sh'
[0.390s] Level 1:colcon.colcon_core.environment:checking '/home/rick/ROS2/chapt3/topic_practice_ws/install/status_interfaces/lib'
[0.390s] Level 1:colcon.colcon_core.shell:create_environment_hook('status_interfaces', 'ld_library_path_lib')
[0.390s] INFO:colcon.colcon_core.shell:Creating environment hook '/home/rick/ROS2/chapt3/topic_practice_ws/install/status_interfaces/share/status_interfaces/hook/ld_library_path_lib.ps1'
[0.391s] INFO:colcon.colcon_core.shell:Creating environment descriptor '/home/rick/ROS2/chapt3/topic_practice_ws/install/status_interfaces/share/status_interfaces/hook/ld_library_path_lib.dsv'
[0.391s] INFO:colcon.colcon_core.shell:Creating environment hook '/home/rick/ROS2/chapt3/topic_practice_ws/install/status_interfaces/share/status_interfaces/hook/ld_library_path_lib.sh'
[0.391s] Level 1:colcon.colcon_core.environment:checking '/home/rick/ROS2/chapt3/topic_practice_ws/install/status_interfaces/bin'
[0.391s] Level 1:colcon.colcon_core.environment:checking '/home/rick/ROS2/chapt3/topic_practice_ws/install/status_interfaces/lib/pkgconfig/status_interfaces.pc'
[0.391s] Level 1:colcon.colcon_core.environment:checking '/home/rick/ROS2/chapt3/topic_practice_ws/install/status_interfaces/lib/python3.10/site-packages'
[0.391s] Level 1:colcon.colcon_core.environment:checking '/home/rick/ROS2/chapt3/topic_practice_ws/install/status_interfaces/bin'
[0.391s] INFO:colcon.colcon_core.shell:Creating package script '/home/rick/ROS2/chapt3/topic_practice_ws/install/status_interfaces/share/status_interfaces/package.ps1'
[0.392s] INFO:colcon.colcon_core.shell:Creating package descriptor '/home/rick/ROS2/chapt3/topic_practice_ws/install/status_interfaces/share/status_interfaces/package.dsv'
[0.392s] INFO:colcon.colcon_core.shell:Creating package script '/home/rick/ROS2/chapt3/topic_practice_ws/install/status_interfaces/share/status_interfaces/package.sh'
[0.392s] INFO:colcon.colcon_core.shell:Creating package script '/home/rick/ROS2/chapt3/topic_practice_ws/install/status_interfaces/share/status_interfaces/package.bash'
[0.393s] INFO:colcon.colcon_core.shell:Creating package script '/home/rick/ROS2/chapt3/topic_practice_ws/install/status_interfaces/share/status_interfaces/package.zsh'
[0.393s] Level 1:colcon.colcon_core.environment:create_file_with_runtime_dependencies(/home/rick/ROS2/chapt3/topic_practice_ws/install/status_interfaces/share/colcon-core/packages/status_interfaces)
[0.393s] Level 1:colcon.colcon_core.environment:create_environment_scripts_only(status_interfaces)
[0.393s] Level 1:colcon.colcon_core.environment:checking '/home/rick/ROS2/chapt3/topic_practice_ws/install/status_interfaces' for CMake module files
[0.393s] Level 1:colcon.colcon_core.environment:checking '/home/rick/ROS2/chapt3/topic_practice_ws/install/status_interfaces' for CMake config files
[0.394s] Level 1:colcon.colcon_core.shell:create_environment_hook('status_interfaces', 'cmake_prefix_path')
[0.394s] INFO:colcon.colcon_core.shell:Creating environment hook '/home/rick/ROS2/chapt3/topic_practice_ws/install/status_interfaces/share/status_interfaces/hook/cmake_prefix_path.ps1'
[0.394s] INFO:colcon.colcon_core.shell:Creating environment descriptor '/home/rick/ROS2/chapt3/topic_practice_ws/install/status_interfaces/share/status_interfaces/hook/cmake_prefix_path.dsv'
[0.394s] INFO:colcon.colcon_core.shell:Creating environment hook '/home/rick/ROS2/chapt3/topic_practice_ws/install/status_interfaces/share/status_interfaces/hook/cmake_prefix_path.sh'
[0.394s] Level 1:colcon.colcon_core.environment:checking '/home/rick/ROS2/chapt3/topic_practice_ws/install/status_interfaces/lib'
[0.394s] Level 1:colcon.colcon_core.shell:create_environment_hook('status_interfaces', 'ld_library_path_lib')
[0.394s] INFO:colcon.colcon_core.shell:Creating environment hook '/home/rick/ROS2/chapt3/topic_practice_ws/install/status_interfaces/share/status_interfaces/hook/ld_library_path_lib.ps1'
[0.395s] INFO:colcon.colcon_core.shell:Creating environment descriptor '/home/rick/ROS2/chapt3/topic_practice_ws/install/status_interfaces/share/status_interfaces/hook/ld_library_path_lib.dsv'
[0.395s] INFO:colcon.colcon_core.shell:Creating environment hook '/home/rick/ROS2/chapt3/topic_practice_ws/install/status_interfaces/share/status_interfaces/hook/ld_library_path_lib.sh'
[0.395s] Level 1:colcon.colcon_core.environment:checking '/home/rick/ROS2/chapt3/topic_practice_ws/install/status_interfaces/bin'
[0.395s] Level 1:colcon.colcon_core.environment:checking '/home/rick/ROS2/chapt3/topic_practice_ws/install/status_interfaces/lib/pkgconfig/status_interfaces.pc'
[0.395s] Level 1:colcon.colcon_core.environment:checking '/home/rick/ROS2/chapt3/topic_practice_ws/install/status_interfaces/lib/python3.10/site-packages'
[0.395s] Level 1:colcon.colcon_core.environment:checking '/home/rick/ROS2/chapt3/topic_practice_ws/install/status_interfaces/bin'
[0.395s] INFO:colcon.colcon_core.shell:Creating package script '/home/rick/ROS2/chapt3/topic_practice_ws/install/status_interfaces/share/status_interfaces/package.ps1'
[0.396s] INFO:colcon.colcon_core.shell:Creating package descriptor '/home/rick/ROS2/chapt3/topic_practice_ws/install/status_interfaces/share/status_interfaces/package.dsv'
[0.396s] INFO:colcon.colcon_core.shell:Creating package script '/home/rick/ROS2/chapt3/topic_practice_ws/install/status_interfaces/share/status_interfaces/package.sh'
[0.396s] INFO:colcon.colcon_core.shell:Creating package script '/home/rick/ROS2/chapt3/topic_practice_ws/install/status_interfaces/share/status_interfaces/package.bash'
[0.396s] INFO:colcon.colcon_core.shell:Creating package script '/home/rick/ROS2/chapt3/topic_practice_ws/install/status_interfaces/share/status_interfaces/package.zsh'
[0.396s] Level 1:colcon.colcon_core.environment:create_file_with_runtime_dependencies(/home/rick/ROS2/chapt3/topic_practice_ws/install/status_interfaces/share/colcon-core/packages/status_interfaces)
[0.396s] INFO:colcon.colcon_ros.task.ament_cmake.build:Building ROS package in '/home/rick/ROS2/chapt3/topic_practice_ws/src/status_display' with build type 'ament_cmake'
[0.396s] INFO:colcon.colcon_cmake.task.cmake.build:Building CMake package in '/home/rick/ROS2/chapt3/topic_practice_ws/src/status_display'
[0.396s] INFO:colcon.colcon_core.shell:Skip shell extension 'powershell' for command environment: Not usable outside of PowerShell
[0.397s] DEBUG:colcon.colcon_core.shell:Skip shell extension 'dsv' for command environment
[0.398s] INFO:colcon.colcon_ros.task.ament_python.build:Building ROS package in '/home/rick/ROS2/chapt3/topic_practice_ws/src/status_publisher' with build type 'ament_python'
[0.398s] Level 1:colcon.colcon_core.shell:create_environment_hook('status_publisher', 'ament_prefix_path')
[0.398s] INFO:colcon.colcon_core.shell:Creating environment hook '/home/rick/ROS2/chapt3/topic_practice_ws/install/status_publisher/share/status_publisher/hook/ament_prefix_path.ps1'
[0.399s] INFO:colcon.colcon_core.shell:Creating environment descriptor '/home/rick/ROS2/chapt3/topic_practice_ws/install/status_publisher/share/status_publisher/hook/ament_prefix_path.dsv'
[0.399s] INFO:colcon.colcon_core.shell:Creating environment hook '/home/rick/ROS2/chapt3/topic_practice_ws/install/status_publisher/share/status_publisher/hook/ament_prefix_path.sh'
[0.399s] INFO:colcon.colcon_core.shell:Skip shell extension 'powershell' for command environment: Not usable outside of PowerShell
[0.399s] DEBUG:colcon.colcon_core.shell:Skip shell extension 'dsv' for command environment
[0.404s] DEBUG:colcon.colcon_core.event_handler.log_command:Invoking command in '/home/rick/ROS2/chapt3/topic_practice_ws/build/status_display': AMENT_PREFIX_PATH=/home/rick/ROS2/chapt3/topic_practice_ws/install/status_interfaces:${AMENT_PREFIX_PATH} CMAKE_PREFIX_PATH=/home/rick/ROS2/chapt3/topic_practice_ws/install/status_interfaces:/opt/ros/humble LD_LIBRARY_PATH=/home/rick/ROS2/chapt3/topic_practice_ws/install/status_interfaces/lib:${LD_LIBRARY_PATH} PYTHONPATH=/home/rick/ROS2/chapt3/topic_practice_ws/install/status_interfaces/local/lib/python3.10/dist-packages:${PYTHONPATH} /usr/bin/cmake --build /home/rick/ROS2/chapt3/topic_practice_ws/build/status_display -- -j32 -l32
[0.516s] INFO:colcon.colcon_core.task.python.build:Building Python package in '/home/rick/ROS2/chapt3/topic_practice_ws/src/status_publisher'
[0.517s] INFO:colcon.colcon_core.shell:Skip shell extension 'powershell' for command environment: Not usable outside of PowerShell
[0.517s] DEBUG:colcon.colcon_core.shell:Skip shell extension 'dsv' for command environment
[0.669s] DEBUG:colcon.colcon_core.task.python.build:Available setuptools commands: install_data, develop, build_scripts, clean, alias, install_egg_info, egg_info, bdist_wheel, install, build_ext, easy_install, sdist, setopt, upload_docs, bdist_rpm, install_lib, upload, build, build_clib, symlink_data, bdist, bdist_dumb, saveopts, install_headers, register, dist_info, rotate, test, bdist_egg, install_scripts, build_py, check
[0.671s] DEBUG:colcon.colcon_core.event_handler.log_command:Invoking command in '/home/rick/ROS2/chapt3/topic_practice_ws/src/status_publisher': AMENT_PREFIX_PATH=/home/rick/ROS2/chapt3/topic_practice_ws/install/status_interfaces:${AMENT_PREFIX_PATH} CMAKE_PREFIX_PATH=/home/rick/ROS2/chapt3/topic_practice_ws/install/status_interfaces LD_LIBRARY_PATH=/home/rick/ROS2/chapt3/topic_practice_ws/install/status_interfaces/lib:${LD_LIBRARY_PATH} PYTHONPATH=/home/rick/ROS2/chapt3/topic_practice_ws/build/status_publisher/prefix_override:/usr/lib/python3/dist-packages/colcon_core/task/python/colcon_distutils_commands:/home/rick/ROS2/chapt3/topic_practice_ws/install/status_publisher/lib/python3.10/site-packages:/home/rick/ROS2/chapt3/topic_practice_ws/install/status_interfaces/local/lib/python3.10/dist-packages:${PYTHONPATH} /usr/bin/python3 -W ignore:setup.py install is deprecated -W ignore:easy_install command is deprecated setup.py egg_info --egg-base ../../build/status_publisher build --build-base /home/rick/ROS2/chapt3/topic_practice_ws/build/status_publisher/build install --record /home/rick/ROS2/chapt3/topic_practice_ws/build/status_publisher/install.log --install-scripts $base/lib/status_publisher --single-version-externally-managed install_data
[0.801s] Level 1:colcon.colcon_core.environment:checking '/home/rick/ROS2/chapt3/topic_practice_ws/install/status_publisher' for CMake module files
[0.802s] DEBUG:colcon.colcon_core.event_handler.log_command:Invoked command in '/home/rick/ROS2/chapt3/topic_practice_ws/src/status_publisher' returned '0': AMENT_PREFIX_PATH=/home/rick/ROS2/chapt3/topic_practice_ws/install/status_interfaces:${AMENT_PREFIX_PATH} CMAKE_PREFIX_PATH=/home/rick/ROS2/chapt3/topic_practice_ws/install/status_interfaces LD_LIBRARY_PATH=/home/rick/ROS2/chapt3/topic_practice_ws/install/status_interfaces/lib:${LD_LIBRARY_PATH} PYTHONPATH=/home/rick/ROS2/chapt3/topic_practice_ws/build/status_publisher/prefix_override:/usr/lib/python3/dist-packages/colcon_core/task/python/colcon_distutils_commands:/home/rick/ROS2/chapt3/topic_practice_ws/install/status_publisher/lib/python3.10/site-packages:/home/rick/ROS2/chapt3/topic_practice_ws/install/status_interfaces/local/lib/python3.10/dist-packages:${PYTHONPATH} /usr/bin/python3 -W ignore:setup.py install is deprecated -W ignore:easy_install command is deprecated setup.py egg_info --egg-base ../../build/status_publisher build --build-base /home/rick/ROS2/chapt3/topic_practice_ws/build/status_publisher/build install --record /home/rick/ROS2/chapt3/topic_practice_ws/build/status_publisher/install.log --install-scripts $base/lib/status_publisher --single-version-externally-managed install_data
[0.802s] Level 1:colcon.colcon_core.environment:checking '/home/rick/ROS2/chapt3/topic_practice_ws/install/status_publisher' for CMake config files
[0.802s] Level 1:colcon.colcon_core.environment:checking '/home/rick/ROS2/chapt3/topic_practice_ws/install/status_publisher/lib'
[0.803s] Level 1:colcon.colcon_core.environment:checking '/home/rick/ROS2/chapt3/topic_practice_ws/install/status_publisher/bin'
[0.803s] Level 1:colcon.colcon_core.environment:checking '/home/rick/ROS2/chapt3/topic_practice_ws/install/status_publisher/lib/pkgconfig/status_publisher.pc'
[0.803s] Level 1:colcon.colcon_core.environment:checking '/home/rick/ROS2/chapt3/topic_practice_ws/install/status_publisher/lib/python3.10/site-packages'
[0.803s] Level 1:colcon.colcon_core.shell:create_environment_hook('status_publisher', 'pythonpath')
[0.803s] INFO:colcon.colcon_core.shell:Creating environment hook '/home/rick/ROS2/chapt3/topic_practice_ws/install/status_publisher/share/status_publisher/hook/pythonpath.ps1'
[0.803s] INFO:colcon.colcon_core.shell:Creating environment descriptor '/home/rick/ROS2/chapt3/topic_practice_ws/install/status_publisher/share/status_publisher/hook/pythonpath.dsv'
[0.804s] INFO:colcon.colcon_core.shell:Creating environment hook '/home/rick/ROS2/chapt3/topic_practice_ws/install/status_publisher/share/status_publisher/hook/pythonpath.sh'
[0.804s] Level 1:colcon.colcon_core.environment:checking '/home/rick/ROS2/chapt3/topic_practice_ws/install/status_publisher/bin'
[0.804s] Level 1:colcon.colcon_core.environment:create_environment_scripts_only(status_publisher)
[0.805s] INFO:colcon.colcon_core.shell:Creating package script '/home/rick/ROS2/chapt3/topic_practice_ws/install/status_publisher/share/status_publisher/package.ps1'
[0.805s] INFO:colcon.colcon_core.shell:Creating package descriptor '/home/rick/ROS2/chapt3/topic_practice_ws/install/status_publisher/share/status_publisher/package.dsv'
[0.805s] INFO:colcon.colcon_core.shell:Creating package script '/home/rick/ROS2/chapt3/topic_practice_ws/install/status_publisher/share/status_publisher/package.sh'
[0.805s] INFO:colcon.colcon_core.shell:Creating package script '/home/rick/ROS2/chapt3/topic_practice_ws/install/status_publisher/share/status_publisher/package.bash'
[0.805s] INFO:colcon.colcon_core.shell:Creating package script '/home/rick/ROS2/chapt3/topic_practice_ws/install/status_publisher/share/status_publisher/package.zsh'
[0.806s] Level 1:colcon.colcon_core.environment:create_file_with_runtime_dependencies(/home/rick/ROS2/chapt3/topic_practice_ws/install/status_publisher/share/colcon-core/packages/status_publisher)
[5.196s] DEBUG:colcon.colcon_core.event_handler.log_command:Invoked command in '/home/rick/ROS2/chapt3/topic_practice_ws/build/status_display' returned '0': AMENT_PREFIX_PATH=/home/rick/ROS2/chapt3/topic_practice_ws/install/status_interfaces:${AMENT_PREFIX_PATH} CMAKE_PREFIX_PATH=/home/rick/ROS2/chapt3/topic_practice_ws/install/status_interfaces:/opt/ros/humble LD_LIBRARY_PATH=/home/rick/ROS2/chapt3/topic_practice_ws/install/status_interfaces/lib:${LD_LIBRARY_PATH} PYTHONPATH=/home/rick/ROS2/chapt3/topic_practice_ws/install/status_interfaces/local/lib/python3.10/dist-packages:${PYTHONPATH} /usr/bin/cmake --build /home/rick/ROS2/chapt3/topic_practice_ws/build/status_display -- -j32 -l32
[5.197s] DEBUG:colcon.colcon_core.event_handler.log_command:Invoking command in '/home/rick/ROS2/chapt3/topic_practice_ws/build/status_display': AMENT_PREFIX_PATH=/home/rick/ROS2/chapt3/topic_practice_ws/install/status_interfaces:${AMENT_PREFIX_PATH} CMAKE_PREFIX_PATH=/home/rick/ROS2/chapt3/topic_practice_ws/install/status_interfaces:/opt/ros/humble LD_LIBRARY_PATH=/home/rick/ROS2/chapt3/topic_practice_ws/install/status_interfaces/lib:${LD_LIBRARY_PATH} PYTHONPATH=/home/rick/ROS2/chapt3/topic_practice_ws/install/status_interfaces/local/lib/python3.10/dist-packages:${PYTHONPATH} /usr/bin/cmake --install /home/rick/ROS2/chapt3/topic_practice_ws/build/status_display
[5.208s] Level 1:colcon.colcon_core.environment:create_environment_scripts_only(status_display)
[5.208s] Level 1:colcon.colcon_core.environment:checking '/home/rick/ROS2/chapt3/topic_practice_ws/install/status_display' for CMake module files
[5.208s] DEBUG:colcon.colcon_core.event_handler.log_command:Invoked command in '/home/rick/ROS2/chapt3/topic_practice_ws/build/status_display' returned '0': AMENT_PREFIX_PATH=/home/rick/ROS2/chapt3/topic_practice_ws/install/status_interfaces:${AMENT_PREFIX_PATH} CMAKE_PREFIX_PATH=/home/rick/ROS2/chapt3/topic_practice_ws/install/status_interfaces:/opt/ros/humble LD_LIBRARY_PATH=/home/rick/ROS2/chapt3/topic_practice_ws/install/status_interfaces/lib:${LD_LIBRARY_PATH} PYTHONPATH=/home/rick/ROS2/chapt3/topic_practice_ws/install/status_interfaces/local/lib/python3.10/dist-packages:${PYTHONPATH} /usr/bin/cmake --install /home/rick/ROS2/chapt3/topic_practice_ws/build/status_display
[5.209s] Level 1:colcon.colcon_core.environment:checking '/home/rick/ROS2/chapt3/topic_practice_ws/install/status_display' for CMake config files
[5.209s] Level 1:colcon.colcon_core.shell:create_environment_hook('status_display', 'cmake_prefix_path')
[5.209s] INFO:colcon.colcon_core.shell:Creating environment hook '/home/rick/ROS2/chapt3/topic_practice_ws/install/status_display/share/status_display/hook/cmake_prefix_path.ps1'
[5.210s] INFO:colcon.colcon_core.shell:Creating environment descriptor '/home/rick/ROS2/chapt3/topic_practice_ws/install/status_display/share/status_display/hook/cmake_prefix_path.dsv'
[5.210s] INFO:colcon.colcon_core.shell:Creating environment hook '/home/rick/ROS2/chapt3/topic_practice_ws/install/status_display/share/status_display/hook/cmake_prefix_path.sh'
[5.211s] Level 1:colcon.colcon_core.environment:checking '/home/rick/ROS2/chapt3/topic_practice_ws/install/status_display/lib'
[5.211s] Level 1:colcon.colcon_core.environment:checking '/home/rick/ROS2/chapt3/topic_practice_ws/install/status_display/bin'
[5.211s] Level 1:colcon.colcon_core.environment:checking '/home/rick/ROS2/chapt3/topic_practice_ws/install/status_display/lib/pkgconfig/status_display.pc'
[5.211s] Level 1:colcon.colcon_core.environment:checking '/home/rick/ROS2/chapt3/topic_practice_ws/install/status_display/lib/python3.10/site-packages'
[5.211s] Level 1:colcon.colcon_core.environment:checking '/home/rick/ROS2/chapt3/topic_practice_ws/install/status_display/bin'
[5.212s] INFO:colcon.colcon_core.shell:Creating package script '/home/rick/ROS2/chapt3/topic_practice_ws/install/status_display/share/status_display/package.ps1'
[5.212s] INFO:colcon.colcon_core.shell:Creating package descriptor '/home/rick/ROS2/chapt3/topic_practice_ws/install/status_display/share/status_display/package.dsv'
[5.212s] INFO:colcon.colcon_core.shell:Creating package script '/home/rick/ROS2/chapt3/topic_practice_ws/install/status_display/share/status_display/package.sh'
[5.213s] INFO:colcon.colcon_core.shell:Creating package script '/home/rick/ROS2/chapt3/topic_practice_ws/install/status_display/share/status_display/package.bash'
[5.213s] INFO:colcon.colcon_core.shell:Creating package script '/home/rick/ROS2/chapt3/topic_practice_ws/install/status_display/share/status_display/package.zsh'
[5.213s] Level 1:colcon.colcon_core.environment:create_file_with_runtime_dependencies(/home/rick/ROS2/chapt3/topic_practice_ws/install/status_display/share/colcon-core/packages/status_display)
[5.213s] Level 1:colcon.colcon_core.environment:create_environment_scripts_only(status_display)
[5.213s] Level 1:colcon.colcon_core.environment:checking '/home/rick/ROS2/chapt3/topic_practice_ws/install/status_display' for CMake module files
[5.214s] Level 1:colcon.colcon_core.environment:checking '/home/rick/ROS2/chapt3/topic_practice_ws/install/status_display' for CMake config files
[5.214s] Level 1:colcon.colcon_core.shell:create_environment_hook('status_display', 'cmake_prefix_path')
[5.214s] INFO:colcon.colcon_core.shell:Creating environment hook '/home/rick/ROS2/chapt3/topic_practice_ws/install/status_display/share/status_display/hook/cmake_prefix_path.ps1'
[5.214s] INFO:colcon.colcon_core.shell:Creating environment descriptor '/home/rick/ROS2/chapt3/topic_practice_ws/install/status_display/share/status_display/hook/cmake_prefix_path.dsv'
[5.214s] INFO:colcon.colcon_core.shell:Creating environment hook '/home/rick/ROS2/chapt3/topic_practice_ws/install/status_display/share/status_display/hook/cmake_prefix_path.sh'
[5.214s] Level 1:colcon.colcon_core.environment:checking '/home/rick/ROS2/chapt3/topic_practice_ws/install/status_display/lib'
[5.214s] Level 1:colcon.colcon_core.environment:checking '/home/rick/ROS2/chapt3/topic_practice_ws/install/status_display/bin'
[5.214s] Level 1:colcon.colcon_core.environment:checking '/home/rick/ROS2/chapt3/topic_practice_ws/install/status_display/lib/pkgconfig/status_display.pc'
[5.214s] Level 1:colcon.colcon_core.environment:checking '/home/rick/ROS2/chapt3/topic_practice_ws/install/status_display/lib/python3.10/site-packages'
[5.215s] Level 1:colcon.colcon_core.environment:checking '/home/rick/ROS2/chapt3/topic_practice_ws/install/status_display/bin'
[5.215s] INFO:colcon.colcon_core.shell:Creating package script '/home/rick/ROS2/chapt3/topic_practice_ws/install/status_display/share/status_display/package.ps1'
[5.215s] INFO:colcon.colcon_core.shell:Creating package descriptor '/home/rick/ROS2/chapt3/topic_practice_ws/install/status_display/share/status_display/package.dsv'
[5.215s] INFO:colcon.colcon_core.shell:Creating package script '/home/rick/ROS2/chapt3/topic_practice_ws/install/status_display/share/status_display/package.sh'
[5.215s] INFO:colcon.colcon_core.shell:Creating package script '/home/rick/ROS2/chapt3/topic_practice_ws/install/status_display/share/status_display/package.bash'
[5.215s] INFO:colcon.colcon_core.shell:Creating package script '/home/rick/ROS2/chapt3/topic_practice_ws/install/status_display/share/status_display/package.zsh'
[5.216s] Level 1:colcon.colcon_core.environment:create_file_with_runtime_dependencies(/home/rick/ROS2/chapt3/topic_practice_ws/install/status_display/share/colcon-core/packages/status_display)
[5.216s] DEBUG:colcon.colcon_parallel_executor.executor.parallel:closing loop
[5.216s] DEBUG:colcon.colcon_parallel_executor.executor.parallel:loop closed
[5.216s] DEBUG:colcon.colcon_parallel_executor.executor.parallel:run_until_complete finished with '0'
[5.216s] DEBUG:colcon.colcon_core.event_reactor:joining thread
[5.220s] INFO:colcon.colcon_core.plugin_system:Skipping extension 'colcon_notification.desktop_notification.terminal_notifier': Not used on non-Darwin systems
[5.220s] INFO:colcon.colcon_core.plugin_system:Skipping extension 'colcon_notification.desktop_notification.win32': Not used on non-Windows systems
[5.220s] INFO:colcon.colcon_notification.desktop_notification:Sending desktop notification using 'notify2'
[5.228s] DEBUG:colcon.colcon_core.event_reactor:joined thread
[5.228s] INFO:colcon.colcon_core.shell:Creating prefix script '/home/rick/ROS2/chapt3/topic_practice_ws/install/local_setup.ps1'
[5.229s] INFO:colcon.colcon_core.shell:Creating prefix util module '/home/rick/ROS2/chapt3/topic_practice_ws/install/_local_setup_util_ps1.py'
[5.229s] INFO:colcon.colcon_core.shell:Creating prefix chain script '/home/rick/ROS2/chapt3/topic_practice_ws/install/setup.ps1'
[5.230s] INFO:colcon.colcon_core.shell:Creating prefix script '/home/rick/ROS2/chapt3/topic_practice_ws/install/local_setup.sh'
[5.230s] INFO:colcon.colcon_core.shell:Creating prefix util module '/home/rick/ROS2/chapt3/topic_practice_ws/install/_local_setup_util_sh.py'
[5.231s] INFO:colcon.colcon_core.shell:Creating prefix chain script '/home/rick/ROS2/chapt3/topic_practice_ws/install/setup.sh'
[5.231s] INFO:colcon.colcon_core.shell:Creating prefix script '/home/rick/ROS2/chapt3/topic_practice_ws/install/local_setup.bash'
[5.232s] INFO:colcon.colcon_core.shell:Creating prefix chain script '/home/rick/ROS2/chapt3/topic_practice_ws/install/setup.bash'
[5.232s] INFO:colcon.colcon_core.shell:Creating prefix script '/home/rick/ROS2/chapt3/topic_practice_ws/install/local_setup.zsh'
[5.232s] INFO:colcon.colcon_core.shell:Creating prefix chain script '/home/rick/ROS2/chapt3/topic_practice_ws/install/setup.zsh'
