[0.044s] DEBUG:colcon:Command line arguments: ['/usr/bin/colcon', 'build']
[0.044s] DEBUG:colcon:Parsed command line arguments: Namespace(log_base=None, log_level=None, verb_name='build', build_base='build', install_base='install', merge_install=False, symlink_install=False, test_result_base=None, continue_on_error=False, executor='parallel', parallel_workers=32, event_handlers=None, ignore_user_meta=False, metas=['./colcon.meta'], base_paths=['.'], packages_ignore=None, packages_ignore_regex=None, paths=None, packages_up_to=None, packages_up_to_regex=None, packages_above=None, packages_above_and_dependencies=None, packages_above_depth=None, packages_select_by_dep=None, packages_skip_by_dep=None, packages_skip_up_to=None, packages_select_build_failed=False, packages_skip_build_finished=False, packages_select_test_failures=False, packages_skip_test_passed=False, packages_select=None, packages_skip=None, packages_select_regex=None, packages_skip_regex=None, packages_start=None, packages_end=None, allow_overriding=[], cmake_args=None, cmake_target=None, cmake_target_skip_unavailable=False, cmake_clean_cache=False, cmake_clean_first=False, cmake_force_configure=False, ament_cmake_args=None, catkin_cmake_args=None, catkin_skip_building_tests=False, verb_parser=<colcon_defaults.argument_parser.defaults.DefaultArgumentsDecorator object at 0x7954f4027ee0>, verb_extension=<colcon_core.verb.build.BuildVerb object at 0x7954f4027970>, main=<bound method BuildVerb.main of <colcon_core.verb.build.BuildVerb object at 0x7954f4027970>>)
[0.109s] Level 1:colcon.colcon_core.package_discovery:discover_packages(colcon_meta) check parameters
[0.109s] Level 1:colcon.colcon_core.package_discovery:discover_packages(recursive) check parameters
[0.109s] Level 1:colcon.colcon_core.package_discovery:discover_packages(ignore) check parameters
[0.109s] Level 1:colcon.colcon_core.package_discovery:discover_packages(path) check parameters
[0.109s] Level 1:colcon.colcon_core.package_discovery:discover_packages(colcon_meta) discover
[0.109s] Level 1:colcon.colcon_core.package_discovery:discover_packages(recursive) discover
[0.109s] INFO:colcon.colcon_core.package_discovery:Crawling recursively for packages in '/home/rick/ROS2/chapt3/topic_practice_ws'
[0.109s] Level 1:colcon.colcon_core.package_identification:_identify(.) by extensions ['ignore', 'ignore_ament_install']
[0.109s] Level 1:colcon.colcon_core.package_identification:_identify(.) by extension 'ignore'
[0.109s] Level 1:colcon.colcon_core.package_identification:_identify(.) by extension 'ignore_ament_install'
[0.109s] Level 1:colcon.colcon_core.package_identification:_identify(.) by extensions ['colcon_pkg']
[0.109s] Level 1:colcon.colcon_core.package_identification:_identify(.) by extension 'colcon_pkg'
[0.109s] Level 1:colcon.colcon_core.package_identification:_identify(.) by extensions ['colcon_meta']
[0.109s] Level 1:colcon.colcon_core.package_identification:_identify(.) by extension 'colcon_meta'
[0.109s] Level 1:colcon.colcon_core.package_identification:_identify(.) by extensions ['ros']
[0.109s] Level 1:colcon.colcon_core.package_identification:_identify(.) by extension 'ros'
[0.114s] Level 1:colcon.colcon_core.package_identification:_identify(.) by extensions ['cmake', 'python']
[0.114s] Level 1:colcon.colcon_core.package_identification:_identify(.) by extension 'cmake'
[0.114s] Level 1:colcon.colcon_core.package_identification:_identify(.) by extension 'python'
[0.114s] Level 1:colcon.colcon_core.package_identification:_identify(.) by extensions ['python_setup_py']
[0.114s] Level 1:colcon.colcon_core.package_identification:_identify(.) by extension 'python_setup_py'
[0.114s] Level 1:colcon.colcon_core.package_identification:_identify(build) by extensions ['ignore', 'ignore_ament_install']
[0.114s] Level 1:colcon.colcon_core.package_identification:_identify(build) by extension 'ignore'
[0.114s] Level 1:colcon.colcon_core.package_identification:_identify(build) ignored
[0.115s] Level 1:colcon.colcon_core.package_identification:_identify(install) by extensions ['ignore', 'ignore_ament_install']
[0.115s] Level 1:colcon.colcon_core.package_identification:_identify(install) by extension 'ignore'
[0.115s] Level 1:colcon.colcon_core.package_identification:_identify(install) ignored
[0.115s] Level 1:colcon.colcon_core.package_identification:_identify(log) by extensions ['ignore', 'ignore_ament_install']
[0.115s] Level 1:colcon.colcon_core.package_identification:_identify(log) by extension 'ignore'
[0.115s] Level 1:colcon.colcon_core.package_identification:_identify(log) ignored
[0.115s] Level 1:colcon.colcon_core.package_identification:_identify(src) by extensions ['ignore', 'ignore_ament_install']
[0.115s] Level 1:colcon.colcon_core.package_identification:_identify(src) by extension 'ignore'
[0.115s] Level 1:colcon.colcon_core.package_identification:_identify(src) by extension 'ignore_ament_install'
[0.115s] Level 1:colcon.colcon_core.package_identification:_identify(src) by extensions ['colcon_pkg']
[0.115s] Level 1:colcon.colcon_core.package_identification:_identify(src) by extension 'colcon_pkg'
[0.115s] Level 1:colcon.colcon_core.package_identification:_identify(src) by extensions ['colcon_meta']
[0.115s] Level 1:colcon.colcon_core.package_identification:_identify(src) by extension 'colcon_meta'
[0.115s] Level 1:colcon.colcon_core.package_identification:_identify(src) by extensions ['ros']
[0.115s] Level 1:colcon.colcon_core.package_identification:_identify(src) by extension 'ros'
[0.115s] Level 1:colcon.colcon_core.package_identification:_identify(src) by extensions ['cmake', 'python']
[0.115s] Level 1:colcon.colcon_core.package_identification:_identify(src) by extension 'cmake'
[0.115s] Level 1:colcon.colcon_core.package_identification:_identify(src) by extension 'python'
[0.115s] Level 1:colcon.colcon_core.package_identification:_identify(src) by extensions ['python_setup_py']
[0.115s] Level 1:colcon.colcon_core.package_identification:_identify(src) by extension 'python_setup_py'
[0.115s] Level 1:colcon.colcon_core.package_identification:_identify(src/status_display) by extensions ['ignore', 'ignore_ament_install']
[0.115s] Level 1:colcon.colcon_core.package_identification:_identify(src/status_display) by extension 'ignore'
[0.115s] Level 1:colcon.colcon_core.package_identification:_identify(src/status_display) by extension 'ignore_ament_install'
[0.115s] Level 1:colcon.colcon_core.package_identification:_identify(src/status_display) by extensions ['colcon_pkg']
[0.115s] Level 1:colcon.colcon_core.package_identification:_identify(src/status_display) by extension 'colcon_pkg'
[0.115s] Level 1:colcon.colcon_core.package_identification:_identify(src/status_display) by extensions ['colcon_meta']
[0.115s] Level 1:colcon.colcon_core.package_identification:_identify(src/status_display) by extension 'colcon_meta'
[0.115s] Level 1:colcon.colcon_core.package_identification:_identify(src/status_display) by extensions ['ros']
[0.115s] Level 1:colcon.colcon_core.package_identification:_identify(src/status_display) by extension 'ros'
[0.116s] DEBUG:colcon.colcon_core.package_identification:Package 'src/status_display' with type 'ros.ament_cmake' and name 'status_display'
[0.116s] Level 1:colcon.colcon_core.package_identification:_identify(src/status_interfaces) by extensions ['ignore', 'ignore_ament_install']
[0.116s] Level 1:colcon.colcon_core.package_identification:_identify(src/status_interfaces) by extension 'ignore'
[0.116s] Level 1:colcon.colcon_core.package_identification:_identify(src/status_interfaces) by extension 'ignore_ament_install'
[0.116s] Level 1:colcon.colcon_core.package_identification:_identify(src/status_interfaces) by extensions ['colcon_pkg']
[0.116s] Level 1:colcon.colcon_core.package_identification:_identify(src/status_interfaces) by extension 'colcon_pkg'
[0.116s] Level 1:colcon.colcon_core.package_identification:_identify(src/status_interfaces) by extensions ['colcon_meta']
[0.116s] Level 1:colcon.colcon_core.package_identification:_identify(src/status_interfaces) by extension 'colcon_meta'
[0.116s] Level 1:colcon.colcon_core.package_identification:_identify(src/status_interfaces) by extensions ['ros']
[0.116s] Level 1:colcon.colcon_core.package_identification:_identify(src/status_interfaces) by extension 'ros'
[0.117s] DEBUG:colcon.colcon_core.package_identification:Package 'src/status_interfaces' with type 'ros.ament_cmake' and name 'status_interfaces'
[0.117s] Level 1:colcon.colcon_core.package_identification:_identify(src/status_publisher) by extensions ['ignore', 'ignore_ament_install']
[0.117s] Level 1:colcon.colcon_core.package_identification:_identify(src/status_publisher) by extension 'ignore'
[0.117s] Level 1:colcon.colcon_core.package_identification:_identify(src/status_publisher) by extension 'ignore_ament_install'
[0.117s] Level 1:colcon.colcon_core.package_identification:_identify(src/status_publisher) by extensions ['colcon_pkg']
[0.117s] Level 1:colcon.colcon_core.package_identification:_identify(src/status_publisher) by extension 'colcon_pkg'
[0.117s] Level 1:colcon.colcon_core.package_identification:_identify(src/status_publisher) by extensions ['colcon_meta']
[0.117s] Level 1:colcon.colcon_core.package_identification:_identify(src/status_publisher) by extension 'colcon_meta'
[0.117s] Level 1:colcon.colcon_core.package_identification:_identify(src/status_publisher) by extensions ['ros']
[0.117s] Level 1:colcon.colcon_core.package_identification:_identify(src/status_publisher) by extension 'ros'
[0.117s] DEBUG:colcon.colcon_core.package_identification:Package 'src/status_publisher' with type 'ros.ament_python' and name 'status_publisher'
[0.117s] Level 1:colcon.colcon_core.package_discovery:discover_packages(recursive) using defaults
[0.117s] Level 1:colcon.colcon_core.package_discovery:discover_packages(ignore) discover
[0.117s] Level 1:colcon.colcon_core.package_discovery:discover_packages(ignore) using defaults
[0.117s] Level 1:colcon.colcon_core.package_discovery:discover_packages(path) discover
[0.117s] Level 1:colcon.colcon_core.package_discovery:discover_packages(path) using defaults
[0.127s] Level 1:colcon.colcon_core.package_discovery:discover_packages(prefix_path) check parameters
[0.127s] Level 1:colcon.colcon_core.package_discovery:discover_packages(prefix_path) discover
[0.127s] DEBUG:colcon.colcon_installed_package_information.package_discovery:Found 3 installed packages in /home/rick/ROS2/chapt3/topic_practice_ws/install
[0.128s] DEBUG:colcon.colcon_installed_package_information.package_discovery:Found 273 installed packages in /opt/ros/humble
[0.133s] Level 1:colcon.colcon_core.package_discovery:discover_packages(prefix_path) using defaults
[0.148s] Level 5:colcon.colcon_core.verb:set package 'status_interfaces' build argument 'cmake_args' from command line to 'None'
[0.148s] Level 5:colcon.colcon_core.verb:set package 'status_interfaces' build argument 'cmake_target' from command line to 'None'
[0.148s] Level 5:colcon.colcon_core.verb:set package 'status_interfaces' build argument 'cmake_target_skip_unavailable' from command line to 'False'
[0.148s] Level 5:colcon.colcon_core.verb:set package 'status_interfaces' build argument 'cmake_clean_cache' from command line to 'False'
[0.148s] Level 5:colcon.colcon_core.verb:set package 'status_interfaces' build argument 'cmake_clean_first' from command line to 'False'
[0.148s] Level 5:colcon.colcon_core.verb:set package 'status_interfaces' build argument 'cmake_force_configure' from command line to 'False'
[0.148s] Level 5:colcon.colcon_core.verb:set package 'status_interfaces' build argument 'ament_cmake_args' from command line to 'None'
[0.148s] Level 5:colcon.colcon_core.verb:set package 'status_interfaces' build argument 'catkin_cmake_args' from command line to 'None'
[0.148s] Level 5:colcon.colcon_core.verb:set package 'status_interfaces' build argument 'catkin_skip_building_tests' from command line to 'False'
[0.148s] DEBUG:colcon.colcon_core.verb:Building package 'status_interfaces' with the following arguments: {'ament_cmake_args': None, 'build_base': '/home/rick/ROS2/chapt3/topic_practice_ws/build/status_interfaces', 'catkin_cmake_args': None, 'catkin_skip_building_tests': False, 'cmake_args': None, 'cmake_clean_cache': False, 'cmake_clean_first': False, 'cmake_force_configure': False, 'cmake_target': None, 'cmake_target_skip_unavailable': False, 'install_base': '/home/rick/ROS2/chapt3/topic_practice_ws/install/status_interfaces', 'merge_install': False, 'path': '/home/rick/ROS2/chapt3/topic_practice_ws/src/status_interfaces', 'symlink_install': False, 'test_result_base': None}
[0.148s] Level 5:colcon.colcon_core.verb:set package 'status_display' build argument 'cmake_args' from command line to 'None'
[0.148s] Level 5:colcon.colcon_core.verb:set package 'status_display' build argument 'cmake_target' from command line to 'None'
[0.148s] Level 5:colcon.colcon_core.verb:set package 'status_display' build argument 'cmake_target_skip_unavailable' from command line to 'False'
[0.148s] Level 5:colcon.colcon_core.verb:set package 'status_display' build argument 'cmake_clean_cache' from command line to 'False'
[0.148s] Level 5:colcon.colcon_core.verb:set package 'status_display' build argument 'cmake_clean_first' from command line to 'False'
[0.148s] Level 5:colcon.colcon_core.verb:set package 'status_display' build argument 'cmake_force_configure' from command line to 'False'
[0.148s] Level 5:colcon.colcon_core.verb:set package 'status_display' build argument 'ament_cmake_args' from command line to 'None'
[0.148s] Level 5:colcon.colcon_core.verb:set package 'status_display' build argument 'catkin_cmake_args' from command line to 'None'
[0.148s] Level 5:colcon.colcon_core.verb:set package 'status_display' build argument 'catkin_skip_building_tests' from command line to 'False'
[0.148s] DEBUG:colcon.colcon_core.verb:Building package 'status_display' with the following arguments: {'ament_cmake_args': None, 'build_base': '/home/rick/ROS2/chapt3/topic_practice_ws/build/status_display', 'catkin_cmake_args': None, 'catkin_skip_building_tests': False, 'cmake_args': None, 'cmake_clean_cache': False, 'cmake_clean_first': False, 'cmake_force_configure': False, 'cmake_target': None, 'cmake_target_skip_unavailable': False, 'install_base': '/home/rick/ROS2/chapt3/topic_practice_ws/install/status_display', 'merge_install': False, 'path': '/home/rick/ROS2/chapt3/topic_practice_ws/src/status_display', 'symlink_install': False, 'test_result_base': None}
[0.148s] Level 5:colcon.colcon_core.verb:set package 'status_publisher' build argument 'cmake_args' from command line to 'None'
[0.149s] Level 5:colcon.colcon_core.verb:set package 'status_publisher' build argument 'cmake_target' from command line to 'None'
[0.149s] Level 5:colcon.colcon_core.verb:set package 'status_publisher' build argument 'cmake_target_skip_unavailable' from command line to 'False'
[0.149s] Level 5:colcon.colcon_core.verb:set package 'status_publisher' build argument 'cmake_clean_cache' from command line to 'False'
[0.149s] Level 5:colcon.colcon_core.verb:set package 'status_publisher' build argument 'cmake_clean_first' from command line to 'False'
[0.149s] Level 5:colcon.colcon_core.verb:set package 'status_publisher' build argument 'cmake_force_configure' from command line to 'False'
[0.149s] Level 5:colcon.colcon_core.verb:set package 'status_publisher' build argument 'ament_cmake_args' from command line to 'None'
[0.149s] Level 5:colcon.colcon_core.verb:set package 'status_publisher' build argument 'catkin_cmake_args' from command line to 'None'
[0.149s] Level 5:colcon.colcon_core.verb:set package 'status_publisher' build argument 'catkin_skip_building_tests' from command line to 'False'
[0.149s] DEBUG:colcon.colcon_core.verb:Building package 'status_publisher' with the following arguments: {'ament_cmake_args': None, 'build_base': '/home/rick/ROS2/chapt3/topic_practice_ws/build/status_publisher', 'catkin_cmake_args': None, 'catkin_skip_building_tests': False, 'cmake_args': None, 'cmake_clean_cache': False, 'cmake_clean_first': False, 'cmake_force_configure': False, 'cmake_target': None, 'cmake_target_skip_unavailable': False, 'install_base': '/home/rick/ROS2/chapt3/topic_practice_ws/install/status_publisher', 'merge_install': False, 'path': '/home/rick/ROS2/chapt3/topic_practice_ws/src/status_publisher', 'symlink_install': False, 'test_result_base': None}
[0.149s] INFO:colcon.colcon_core.executor:Executing jobs using 'parallel' executor
[0.149s] DEBUG:colcon.colcon_parallel_executor.executor.parallel:run_until_complete
[0.149s] INFO:colcon.colcon_ros.task.ament_cmake.build:Building ROS package in '/home/rick/ROS2/chapt3/topic_practice_ws/src/status_interfaces' with build type 'ament_cmake'
[0.149s] INFO:colcon.colcon_cmake.task.cmake.build:Building CMake package in '/home/rick/ROS2/chapt3/topic_practice_ws/src/status_interfaces'
[0.150s] INFO:colcon.colcon_core.plugin_system:Skipping extension 'colcon_core.shell.bat': Not used on non-Windows systems
[0.150s] INFO:colcon.colcon_core.shell:Skip shell extension 'powershell' for command environment: Not usable outside of PowerShell
[0.150s] DEBUG:colcon.colcon_core.shell:Skip shell extension 'dsv' for command environment
[0.157s] DEBUG:colcon.colcon_core.event_handler.log_command:Invoking command in '/home/rick/ROS2/chapt3/topic_practice_ws/build/status_interfaces': CMAKE_PREFIX_PATH=${CMAKE_PREFIX_PATH}:/home/rick/ROS2/chapt3/topic_practice_ws/install/status_publisher:/opt/ros/humble /usr/bin/cmake --build /home/rick/ROS2/chapt3/topic_practice_ws/build/status_interfaces -- -j32 -l32
[0.345s] DEBUG:colcon.colcon_core.event_handler.log_command:Invoked command in '/home/rick/ROS2/chapt3/topic_practice_ws/build/status_interfaces' returned '0': CMAKE_PREFIX_PATH=${CMAKE_PREFIX_PATH}:/home/rick/ROS2/chapt3/topic_practice_ws/install/status_publisher:/opt/ros/humble /usr/bin/cmake --build /home/rick/ROS2/chapt3/topic_practice_ws/build/status_interfaces -- -j32 -l32
[0.351s] DEBUG:colcon.colcon_core.event_handler.log_command:Invoking command in '/home/rick/ROS2/chapt3/topic_practice_ws/build/status_interfaces': CMAKE_PREFIX_PATH=${CMAKE_PREFIX_PATH}:/home/rick/ROS2/chapt3/topic_practice_ws/install/status_publisher:/opt/ros/humble /usr/bin/cmake --install /home/rick/ROS2/chapt3/topic_practice_ws/build/status_interfaces
[0.390s] Level 1:colcon.colcon_core.environment:create_environment_scripts_only(status_interfaces)
[0.390s] DEBUG:colcon.colcon_core.event_handler.log_command:Invoked command in '/home/rick/ROS2/chapt3/topic_practice_ws/build/status_interfaces' returned '0': CMAKE_PREFIX_PATH=${CMAKE_PREFIX_PATH}:/home/rick/ROS2/chapt3/topic_practice_ws/install/status_publisher:/opt/ros/humble /usr/bin/cmake --install /home/rick/ROS2/chapt3/topic_practice_ws/build/status_interfaces
[0.392s] Level 1:colcon.colcon_core.environment:checking '/home/rick/ROS2/chapt3/topic_practice_ws/install/status_interfaces' for CMake module files
[0.392s] Level 1:colcon.colcon_core.environment:checking '/home/rick/ROS2/chapt3/topic_practice_ws/install/status_interfaces' for CMake config files
[0.393s] Level 1:colcon.colcon_core.shell:create_environment_hook('status_interfaces', 'cmake_prefix_path')
[0.393s] INFO:colcon.colcon_core.shell:Creating environment hook '/home/rick/ROS2/chapt3/topic_practice_ws/install/status_interfaces/share/status_interfaces/hook/cmake_prefix_path.ps1'
[0.394s] INFO:colcon.colcon_core.shell:Creating environment descriptor '/home/rick/ROS2/chapt3/topic_practice_ws/install/status_interfaces/share/status_interfaces/hook/cmake_prefix_path.dsv'
[0.394s] INFO:colcon.colcon_core.shell:Creating environment hook '/home/rick/ROS2/chapt3/topic_practice_ws/install/status_interfaces/share/status_interfaces/hook/cmake_prefix_path.sh'
[0.395s] Level 1:colcon.colcon_core.environment:checking '/home/rick/ROS2/chapt3/topic_practice_ws/install/status_interfaces/lib'
[0.395s] Level 1:colcon.colcon_core.shell:create_environment_hook('status_interfaces', 'ld_library_path_lib')
[0.395s] INFO:colcon.colcon_core.shell:Creating environment hook '/home/rick/ROS2/chapt3/topic_practice_ws/install/status_interfaces/share/status_interfaces/hook/ld_library_path_lib.ps1'
[0.395s] INFO:colcon.colcon_core.shell:Creating environment descriptor '/home/rick/ROS2/chapt3/topic_practice_ws/install/status_interfaces/share/status_interfaces/hook/ld_library_path_lib.dsv'
[0.396s] INFO:colcon.colcon_core.shell:Creating environment hook '/home/rick/ROS2/chapt3/topic_practice_ws/install/status_interfaces/share/status_interfaces/hook/ld_library_path_lib.sh'
[0.396s] Level 1:colcon.colcon_core.environment:checking '/home/rick/ROS2/chapt3/topic_practice_ws/install/status_interfaces/bin'
[0.396s] Level 1:colcon.colcon_core.environment:checking '/home/rick/ROS2/chapt3/topic_practice_ws/install/status_interfaces/lib/pkgconfig/status_interfaces.pc'
[0.396s] Level 1:colcon.colcon_core.environment:checking '/home/rick/ROS2/chapt3/topic_practice_ws/install/status_interfaces/lib/python3.10/site-packages'
[0.396s] Level 1:colcon.colcon_core.environment:checking '/home/rick/ROS2/chapt3/topic_practice_ws/install/status_interfaces/bin'
[0.397s] INFO:colcon.colcon_core.shell:Creating package script '/home/rick/ROS2/chapt3/topic_practice_ws/install/status_interfaces/share/status_interfaces/package.ps1'
[0.397s] INFO:colcon.colcon_core.shell:Creating package descriptor '/home/rick/ROS2/chapt3/topic_practice_ws/install/status_interfaces/share/status_interfaces/package.dsv'
[0.398s] INFO:colcon.colcon_core.shell:Creating package script '/home/rick/ROS2/chapt3/topic_practice_ws/install/status_interfaces/share/status_interfaces/package.sh'
[0.398s] INFO:colcon.colcon_core.shell:Creating package script '/home/rick/ROS2/chapt3/topic_practice_ws/install/status_interfaces/share/status_interfaces/package.bash'
[0.399s] INFO:colcon.colcon_core.shell:Creating package script '/home/rick/ROS2/chapt3/topic_practice_ws/install/status_interfaces/share/status_interfaces/package.zsh'
[0.399s] Level 1:colcon.colcon_core.environment:create_file_with_runtime_dependencies(/home/rick/ROS2/chapt3/topic_practice_ws/install/status_interfaces/share/colcon-core/packages/status_interfaces)
[0.400s] Level 1:colcon.colcon_core.environment:create_environment_scripts_only(status_interfaces)
[0.400s] Level 1:colcon.colcon_core.environment:checking '/home/rick/ROS2/chapt3/topic_practice_ws/install/status_interfaces' for CMake module files
[0.400s] Level 1:colcon.colcon_core.environment:checking '/home/rick/ROS2/chapt3/topic_practice_ws/install/status_interfaces' for CMake config files
[0.401s] Level 1:colcon.colcon_core.shell:create_environment_hook('status_interfaces', 'cmake_prefix_path')
[0.401s] INFO:colcon.colcon_core.shell:Creating environment hook '/home/rick/ROS2/chapt3/topic_practice_ws/install/status_interfaces/share/status_interfaces/hook/cmake_prefix_path.ps1'
[0.401s] INFO:colcon.colcon_core.shell:Creating environment descriptor '/home/rick/ROS2/chapt3/topic_practice_ws/install/status_interfaces/share/status_interfaces/hook/cmake_prefix_path.dsv'
[0.401s] INFO:colcon.colcon_core.shell:Creating environment hook '/home/rick/ROS2/chapt3/topic_practice_ws/install/status_interfaces/share/status_interfaces/hook/cmake_prefix_path.sh'
[0.401s] Level 1:colcon.colcon_core.environment:checking '/home/rick/ROS2/chapt3/topic_practice_ws/install/status_interfaces/lib'
[0.401s] Level 1:colcon.colcon_core.shell:create_environment_hook('status_interfaces', 'ld_library_path_lib')
[0.401s] INFO:colcon.colcon_core.shell:Creating environment hook '/home/rick/ROS2/chapt3/topic_practice_ws/install/status_interfaces/share/status_interfaces/hook/ld_library_path_lib.ps1'
[0.402s] INFO:colcon.colcon_core.shell:Creating environment descriptor '/home/rick/ROS2/chapt3/topic_practice_ws/install/status_interfaces/share/status_interfaces/hook/ld_library_path_lib.dsv'
[0.402s] INFO:colcon.colcon_core.shell:Creating environment hook '/home/rick/ROS2/chapt3/topic_practice_ws/install/status_interfaces/share/status_interfaces/hook/ld_library_path_lib.sh'
[0.402s] Level 1:colcon.colcon_core.environment:checking '/home/rick/ROS2/chapt3/topic_practice_ws/install/status_interfaces/bin'
[0.402s] Level 1:colcon.colcon_core.environment:checking '/home/rick/ROS2/chapt3/topic_practice_ws/install/status_interfaces/lib/pkgconfig/status_interfaces.pc'
[0.402s] Level 1:colcon.colcon_core.environment:checking '/home/rick/ROS2/chapt3/topic_practice_ws/install/status_interfaces/lib/python3.10/site-packages'
[0.402s] Level 1:colcon.colcon_core.environment:checking '/home/rick/ROS2/chapt3/topic_practice_ws/install/status_interfaces/bin'
[0.402s] INFO:colcon.colcon_core.shell:Creating package script '/home/rick/ROS2/chapt3/topic_practice_ws/install/status_interfaces/share/status_interfaces/package.ps1'
[0.402s] INFO:colcon.colcon_core.shell:Creating package descriptor '/home/rick/ROS2/chapt3/topic_practice_ws/install/status_interfaces/share/status_interfaces/package.dsv'
[0.403s] INFO:colcon.colcon_core.shell:Creating package script '/home/rick/ROS2/chapt3/topic_practice_ws/install/status_interfaces/share/status_interfaces/package.sh'
[0.403s] INFO:colcon.colcon_core.shell:Creating package script '/home/rick/ROS2/chapt3/topic_practice_ws/install/status_interfaces/share/status_interfaces/package.bash'
[0.403s] INFO:colcon.colcon_core.shell:Creating package script '/home/rick/ROS2/chapt3/topic_practice_ws/install/status_interfaces/share/status_interfaces/package.zsh'
[0.403s] Level 1:colcon.colcon_core.environment:create_file_with_runtime_dependencies(/home/rick/ROS2/chapt3/topic_practice_ws/install/status_interfaces/share/colcon-core/packages/status_interfaces)
[0.403s] INFO:colcon.colcon_ros.task.ament_cmake.build:Building ROS package in '/home/rick/ROS2/chapt3/topic_practice_ws/src/status_display' with build type 'ament_cmake'
[0.404s] INFO:colcon.colcon_cmake.task.cmake.build:Building CMake package in '/home/rick/ROS2/chapt3/topic_practice_ws/src/status_display'
[0.404s] INFO:colcon.colcon_core.shell:Skip shell extension 'powershell' for command environment: Not usable outside of PowerShell
[0.404s] DEBUG:colcon.colcon_core.shell:Skip shell extension 'dsv' for command environment
[0.406s] INFO:colcon.colcon_ros.task.ament_python.build:Building ROS package in '/home/rick/ROS2/chapt3/topic_practice_ws/src/status_publisher' with build type 'ament_python'
[0.406s] Level 1:colcon.colcon_core.shell:create_environment_hook('status_publisher', 'ament_prefix_path')
[0.406s] INFO:colcon.colcon_core.shell:Creating environment hook '/home/rick/ROS2/chapt3/topic_practice_ws/install/status_publisher/share/status_publisher/hook/ament_prefix_path.ps1'
[0.406s] INFO:colcon.colcon_core.shell:Creating environment descriptor '/home/rick/ROS2/chapt3/topic_practice_ws/install/status_publisher/share/status_publisher/hook/ament_prefix_path.dsv'
[0.406s] INFO:colcon.colcon_core.shell:Creating environment hook '/home/rick/ROS2/chapt3/topic_practice_ws/install/status_publisher/share/status_publisher/hook/ament_prefix_path.sh'
[0.407s] INFO:colcon.colcon_core.shell:Skip shell extension 'powershell' for command environment: Not usable outside of PowerShell
[0.407s] DEBUG:colcon.colcon_core.shell:Skip shell extension 'dsv' for command environment
[0.411s] DEBUG:colcon.colcon_core.event_handler.log_command:Invoking command in '/home/rick/ROS2/chapt3/topic_practice_ws/build/status_display': CMAKE_PREFIX_PATH=${CMAKE_PREFIX_PATH}:/home/rick/ROS2/chapt3/topic_practice_ws/install/status_publisher:/opt/ros/humble /usr/bin/cmake /home/rick/ROS2/chapt3/topic_practice_ws/src/status_display -DCMAKE_INSTALL_PREFIX=/home/rick/ROS2/chapt3/topic_practice_ws/install/status_display
[0.526s] INFO:colcon.colcon_core.task.python.build:Building Python package in '/home/rick/ROS2/chapt3/topic_practice_ws/src/status_publisher'
[0.526s] INFO:colcon.colcon_core.shell:Skip shell extension 'powershell' for command environment: Not usable outside of PowerShell
[0.526s] DEBUG:colcon.colcon_core.shell:Skip shell extension 'dsv' for command environment
[0.667s] DEBUG:colcon.colcon_core.event_handler.log_command:Invoked command in '/home/rick/ROS2/chapt3/topic_practice_ws/build/status_display' returned '0': CMAKE_PREFIX_PATH=${CMAKE_PREFIX_PATH}:/home/rick/ROS2/chapt3/topic_practice_ws/install/status_publisher:/opt/ros/humble /usr/bin/cmake /home/rick/ROS2/chapt3/topic_practice_ws/src/status_display -DCMAKE_INSTALL_PREFIX=/home/rick/ROS2/chapt3/topic_practice_ws/install/status_display
[0.668s] DEBUG:colcon.colcon_core.event_handler.log_command:Invoking command in '/home/rick/ROS2/chapt3/topic_practice_ws/build/status_display': CMAKE_PREFIX_PATH=${CMAKE_PREFIX_PATH}:/home/rick/ROS2/chapt3/topic_practice_ws/install/status_publisher:/opt/ros/humble /usr/bin/cmake --build /home/rick/ROS2/chapt3/topic_practice_ws/build/status_display -- -j32 -l32
[0.684s] DEBUG:colcon.colcon_core.task.python.build:Available setuptools commands: bdist_egg, bdist_rpm, build_scripts, rotate, install_data, install_scripts, test, egg_info, dist_info, build_ext, upload_docs, register, install, install_egg_info, build_py, upload, build_clib, setopt, symlink_data, build, bdist_dumb, install_lib, saveopts, easy_install, bdist, sdist, develop, clean, check, alias, install_headers, bdist_wheel
[0.687s] DEBUG:colcon.colcon_core.event_handler.log_command:Invoking command in '/home/rick/ROS2/chapt3/topic_practice_ws/src/status_publisher': PYTHONPATH=/home/rick/ROS2/chapt3/topic_practice_ws/build/status_publisher/prefix_override:/usr/lib/python3/dist-packages/colcon_core/task/python/colcon_distutils_commands:/home/rick/ROS2/chapt3/topic_practice_ws/install/status_publisher/lib/python3.10/site-packages:${PYTHONPATH} /usr/bin/python3 -W ignore:setup.py install is deprecated -W ignore:easy_install command is deprecated setup.py egg_info --egg-base ../../build/status_publisher build --build-base /home/rick/ROS2/chapt3/topic_practice_ws/build/status_publisher/build install --record /home/rick/ROS2/chapt3/topic_practice_ws/build/status_publisher/install.log --install-scripts $base/lib/status_publisher --single-version-externally-managed install_data
[0.814s] Level 1:colcon.colcon_core.environment:checking '/home/rick/ROS2/chapt3/topic_practice_ws/install/status_publisher' for CMake module files
[0.815s] DEBUG:colcon.colcon_core.event_handler.log_command:Invoked command in '/home/rick/ROS2/chapt3/topic_practice_ws/src/status_publisher' returned '0': PYTHONPATH=/home/rick/ROS2/chapt3/topic_practice_ws/build/status_publisher/prefix_override:/usr/lib/python3/dist-packages/colcon_core/task/python/colcon_distutils_commands:/home/rick/ROS2/chapt3/topic_practice_ws/install/status_publisher/lib/python3.10/site-packages:${PYTHONPATH} /usr/bin/python3 -W ignore:setup.py install is deprecated -W ignore:easy_install command is deprecated setup.py egg_info --egg-base ../../build/status_publisher build --build-base /home/rick/ROS2/chapt3/topic_practice_ws/build/status_publisher/build install --record /home/rick/ROS2/chapt3/topic_practice_ws/build/status_publisher/install.log --install-scripts $base/lib/status_publisher --single-version-externally-managed install_data
[0.815s] Level 1:colcon.colcon_core.environment:checking '/home/rick/ROS2/chapt3/topic_practice_ws/install/status_publisher' for CMake config files
[0.815s] Level 1:colcon.colcon_core.environment:checking '/home/rick/ROS2/chapt3/topic_practice_ws/install/status_publisher/lib'
[0.815s] Level 1:colcon.colcon_core.environment:checking '/home/rick/ROS2/chapt3/topic_practice_ws/install/status_publisher/bin'
[0.815s] Level 1:colcon.colcon_core.environment:checking '/home/rick/ROS2/chapt3/topic_practice_ws/install/status_publisher/lib/pkgconfig/status_publisher.pc'
[0.815s] Level 1:colcon.colcon_core.environment:checking '/home/rick/ROS2/chapt3/topic_practice_ws/install/status_publisher/lib/python3.10/site-packages'
[0.815s] Level 1:colcon.colcon_core.shell:create_environment_hook('status_publisher', 'pythonpath')
[0.815s] INFO:colcon.colcon_core.shell:Creating environment hook '/home/rick/ROS2/chapt3/topic_practice_ws/install/status_publisher/share/status_publisher/hook/pythonpath.ps1'
[0.815s] INFO:colcon.colcon_core.shell:Creating environment descriptor '/home/rick/ROS2/chapt3/topic_practice_ws/install/status_publisher/share/status_publisher/hook/pythonpath.dsv'
[0.816s] INFO:colcon.colcon_core.shell:Creating environment hook '/home/rick/ROS2/chapt3/topic_practice_ws/install/status_publisher/share/status_publisher/hook/pythonpath.sh'
[0.816s] Level 1:colcon.colcon_core.environment:checking '/home/rick/ROS2/chapt3/topic_practice_ws/install/status_publisher/bin'
[0.816s] Level 1:colcon.colcon_core.environment:create_environment_scripts_only(status_publisher)
[0.816s] INFO:colcon.colcon_core.shell:Creating package script '/home/rick/ROS2/chapt3/topic_practice_ws/install/status_publisher/share/status_publisher/package.ps1'
[0.816s] INFO:colcon.colcon_core.shell:Creating package descriptor '/home/rick/ROS2/chapt3/topic_practice_ws/install/status_publisher/share/status_publisher/package.dsv'
[0.816s] INFO:colcon.colcon_core.shell:Creating package script '/home/rick/ROS2/chapt3/topic_practice_ws/install/status_publisher/share/status_publisher/package.sh'
[0.817s] INFO:colcon.colcon_core.shell:Creating package script '/home/rick/ROS2/chapt3/topic_practice_ws/install/status_publisher/share/status_publisher/package.bash'
[0.817s] INFO:colcon.colcon_core.shell:Creating package script '/home/rick/ROS2/chapt3/topic_practice_ws/install/status_publisher/share/status_publisher/package.zsh'
[0.817s] Level 1:colcon.colcon_core.environment:create_file_with_runtime_dependencies(/home/rick/ROS2/chapt3/topic_practice_ws/install/status_publisher/share/colcon-core/packages/status_publisher)
[1.363s] DEBUG:colcon.colcon_core.event_handler.log_command:Invoked command in '/home/rick/ROS2/chapt3/topic_practice_ws/build/status_display' returned '0': CMAKE_PREFIX_PATH=${CMAKE_PREFIX_PATH}:/home/rick/ROS2/chapt3/topic_practice_ws/install/status_publisher:/opt/ros/humble /usr/bin/cmake --build /home/rick/ROS2/chapt3/topic_practice_ws/build/status_display -- -j32 -l32
[1.364s] DEBUG:colcon.colcon_core.event_handler.log_command:Invoking command in '/home/rick/ROS2/chapt3/topic_practice_ws/build/status_display': CMAKE_PREFIX_PATH=${CMAKE_PREFIX_PATH}:/home/rick/ROS2/chapt3/topic_practice_ws/install/status_publisher:/opt/ros/humble /usr/bin/cmake --install /home/rick/ROS2/chapt3/topic_practice_ws/build/status_display
[1.371s] Level 1:colcon.colcon_core.environment:create_environment_scripts_only(status_display)
[1.372s] Level 1:colcon.colcon_core.environment:checking '/home/rick/ROS2/chapt3/topic_practice_ws/install/status_display' for CMake module files
[1.372s] DEBUG:colcon.colcon_core.event_handler.log_command:Invoked command in '/home/rick/ROS2/chapt3/topic_practice_ws/build/status_display' returned '0': CMAKE_PREFIX_PATH=${CMAKE_PREFIX_PATH}:/home/rick/ROS2/chapt3/topic_practice_ws/install/status_publisher:/opt/ros/humble /usr/bin/cmake --install /home/rick/ROS2/chapt3/topic_practice_ws/build/status_display
[1.372s] Level 1:colcon.colcon_core.environment:checking '/home/rick/ROS2/chapt3/topic_practice_ws/install/status_display' for CMake config files
[1.373s] Level 1:colcon.colcon_core.shell:create_environment_hook('status_display', 'cmake_prefix_path')
[1.373s] INFO:colcon.colcon_core.shell:Creating environment hook '/home/rick/ROS2/chapt3/topic_practice_ws/install/status_display/share/status_display/hook/cmake_prefix_path.ps1'
[1.373s] INFO:colcon.colcon_core.shell:Creating environment descriptor '/home/rick/ROS2/chapt3/topic_practice_ws/install/status_display/share/status_display/hook/cmake_prefix_path.dsv'
[1.373s] INFO:colcon.colcon_core.shell:Creating environment hook '/home/rick/ROS2/chapt3/topic_practice_ws/install/status_display/share/status_display/hook/cmake_prefix_path.sh'
[1.374s] Level 1:colcon.colcon_core.environment:checking '/home/rick/ROS2/chapt3/topic_practice_ws/install/status_display/lib'
[1.374s] Level 1:colcon.colcon_core.environment:checking '/home/rick/ROS2/chapt3/topic_practice_ws/install/status_display/bin'
[1.374s] Level 1:colcon.colcon_core.environment:checking '/home/rick/ROS2/chapt3/topic_practice_ws/install/status_display/lib/pkgconfig/status_display.pc'
[1.374s] Level 1:colcon.colcon_core.environment:checking '/home/rick/ROS2/chapt3/topic_practice_ws/install/status_display/lib/python3.10/site-packages'
[1.374s] Level 1:colcon.colcon_core.environment:checking '/home/rick/ROS2/chapt3/topic_practice_ws/install/status_display/bin'
[1.375s] INFO:colcon.colcon_core.shell:Creating package script '/home/rick/ROS2/chapt3/topic_practice_ws/install/status_display/share/status_display/package.ps1'
[1.375s] INFO:colcon.colcon_core.shell:Creating package descriptor '/home/rick/ROS2/chapt3/topic_practice_ws/install/status_display/share/status_display/package.dsv'
[1.375s] INFO:colcon.colcon_core.shell:Creating package script '/home/rick/ROS2/chapt3/topic_practice_ws/install/status_display/share/status_display/package.sh'
[1.376s] INFO:colcon.colcon_core.shell:Creating package script '/home/rick/ROS2/chapt3/topic_practice_ws/install/status_display/share/status_display/package.bash'
[1.376s] INFO:colcon.colcon_core.shell:Creating package script '/home/rick/ROS2/chapt3/topic_practice_ws/install/status_display/share/status_display/package.zsh'
[1.376s] Level 1:colcon.colcon_core.environment:create_file_with_runtime_dependencies(/home/rick/ROS2/chapt3/topic_practice_ws/install/status_display/share/colcon-core/packages/status_display)
[1.377s] Level 1:colcon.colcon_core.environment:create_environment_scripts_only(status_display)
[1.377s] Level 1:colcon.colcon_core.environment:checking '/home/rick/ROS2/chapt3/topic_practice_ws/install/status_display' for CMake module files
[1.377s] Level 1:colcon.colcon_core.environment:checking '/home/rick/ROS2/chapt3/topic_practice_ws/install/status_display' for CMake config files
[1.377s] Level 1:colcon.colcon_core.shell:create_environment_hook('status_display', 'cmake_prefix_path')
[1.378s] INFO:colcon.colcon_core.shell:Creating environment hook '/home/rick/ROS2/chapt3/topic_practice_ws/install/status_display/share/status_display/hook/cmake_prefix_path.ps1'
[1.378s] INFO:colcon.colcon_core.shell:Creating environment descriptor '/home/rick/ROS2/chapt3/topic_practice_ws/install/status_display/share/status_display/hook/cmake_prefix_path.dsv'
[1.378s] INFO:colcon.colcon_core.shell:Creating environment hook '/home/rick/ROS2/chapt3/topic_practice_ws/install/status_display/share/status_display/hook/cmake_prefix_path.sh'
[1.378s] Level 1:colcon.colcon_core.environment:checking '/home/rick/ROS2/chapt3/topic_practice_ws/install/status_display/lib'
[1.378s] Level 1:colcon.colcon_core.environment:checking '/home/rick/ROS2/chapt3/topic_practice_ws/install/status_display/bin'
[1.378s] Level 1:colcon.colcon_core.environment:checking '/home/rick/ROS2/chapt3/topic_practice_ws/install/status_display/lib/pkgconfig/status_display.pc'
[1.378s] Level 1:colcon.colcon_core.environment:checking '/home/rick/ROS2/chapt3/topic_practice_ws/install/status_display/lib/python3.10/site-packages'
[1.378s] Level 1:colcon.colcon_core.environment:checking '/home/rick/ROS2/chapt3/topic_practice_ws/install/status_display/bin'
[1.379s] INFO:colcon.colcon_core.shell:Creating package script '/home/rick/ROS2/chapt3/topic_practice_ws/install/status_display/share/status_display/package.ps1'
[1.379s] INFO:colcon.colcon_core.shell:Creating package descriptor '/home/rick/ROS2/chapt3/topic_practice_ws/install/status_display/share/status_display/package.dsv'
[1.379s] INFO:colcon.colcon_core.shell:Creating package script '/home/rick/ROS2/chapt3/topic_practice_ws/install/status_display/share/status_display/package.sh'
[1.379s] INFO:colcon.colcon_core.shell:Creating package script '/home/rick/ROS2/chapt3/topic_practice_ws/install/status_display/share/status_display/package.bash'
[1.379s] INFO:colcon.colcon_core.shell:Creating package script '/home/rick/ROS2/chapt3/topic_practice_ws/install/status_display/share/status_display/package.zsh'
[1.380s] Level 1:colcon.colcon_core.environment:create_file_with_runtime_dependencies(/home/rick/ROS2/chapt3/topic_practice_ws/install/status_display/share/colcon-core/packages/status_display)
[1.380s] DEBUG:colcon.colcon_parallel_executor.executor.parallel:closing loop
[1.380s] DEBUG:colcon.colcon_parallel_executor.executor.parallel:loop closed
[1.380s] DEBUG:colcon.colcon_parallel_executor.executor.parallel:run_until_complete finished with '0'
[1.380s] DEBUG:colcon.colcon_core.event_reactor:joining thread
[1.384s] INFO:colcon.colcon_core.plugin_system:Skipping extension 'colcon_notification.desktop_notification.terminal_notifier': Not used on non-Darwin systems
[1.384s] INFO:colcon.colcon_core.plugin_system:Skipping extension 'colcon_notification.desktop_notification.win32': Not used on non-Windows systems
[1.384s] INFO:colcon.colcon_notification.desktop_notification:Sending desktop notification using 'notify2'
[1.395s] DEBUG:colcon.colcon_core.event_reactor:joined thread
[1.395s] INFO:colcon.colcon_core.shell:Creating prefix script '/home/rick/ROS2/chapt3/topic_practice_ws/install/local_setup.ps1'
[1.396s] INFO:colcon.colcon_core.shell:Creating prefix util module '/home/rick/ROS2/chapt3/topic_practice_ws/install/_local_setup_util_ps1.py'
[1.396s] INFO:colcon.colcon_core.shell:Creating prefix chain script '/home/rick/ROS2/chapt3/topic_practice_ws/install/setup.ps1'
[1.397s] INFO:colcon.colcon_core.shell:Creating prefix script '/home/rick/ROS2/chapt3/topic_practice_ws/install/local_setup.sh'
[1.397s] INFO:colcon.colcon_core.shell:Creating prefix util module '/home/rick/ROS2/chapt3/topic_practice_ws/install/_local_setup_util_sh.py'
[1.397s] INFO:colcon.colcon_core.shell:Creating prefix chain script '/home/rick/ROS2/chapt3/topic_practice_ws/install/setup.sh'
[1.398s] INFO:colcon.colcon_core.shell:Creating prefix script '/home/rick/ROS2/chapt3/topic_practice_ws/install/local_setup.bash'
[1.398s] INFO:colcon.colcon_core.shell:Creating prefix chain script '/home/rick/ROS2/chapt3/topic_practice_ws/install/setup.bash'
[1.398s] INFO:colcon.colcon_core.shell:Creating prefix script '/home/rick/ROS2/chapt3/topic_practice_ws/install/local_setup.zsh'
[1.399s] INFO:colcon.colcon_core.shell:Creating prefix chain script '/home/rick/ROS2/chapt3/topic_practice_ws/install/setup.zsh'
