[0.267s] Invoking command in '/home/rick/ROS2/chapt3/topic_practice_ws/src/status_publisher': PYTHONPATH=/home/rick/ROS2/chapt3/topic_practice_ws/build/status_publisher/prefix_override:/usr/lib/python3/dist-packages/colcon_core/task/python/colcon_distutils_commands:/home/rick/ROS2/chapt3/topic_practice_ws/install/status_publisher/lib/python3.10/site-packages:${PYTHONPATH} /usr/bin/python3 -W ignore:setup.py install is deprecated -W ignore:easy_install command is deprecated setup.py egg_info --egg-base ../../build/status_publisher build --build-base /home/rick/ROS2/chapt3/topic_practice_ws/build/status_publisher/build install --record /home/rick/ROS2/chapt3/topic_practice_ws/build/status_publisher/install.log --install-scripts $base/lib/status_publisher --single-version-externally-managed install_data
[0.381s] running egg_info
[0.381s] creating ../../build/status_publisher/status_publisher.egg-info
[0.381s] writing ../../build/status_publisher/status_publisher.egg-info/PKG-INFO
[0.381s] writing dependency_links to ../../build/status_publisher/status_publisher.egg-info/dependency_links.txt
[0.381s] writing entry points to ../../build/status_publisher/status_publisher.egg-info/entry_points.txt
[0.382s] writing requirements to ../../build/status_publisher/status_publisher.egg-info/requires.txt
[0.382s] writing top-level names to ../../build/status_publisher/status_publisher.egg-info/top_level.txt
[0.382s] writing manifest file '../../build/status_publisher/status_publisher.egg-info/SOURCES.txt'
[0.382s] reading manifest file '../../build/status_publisher/status_publisher.egg-info/SOURCES.txt'
[0.382s] adding license file 'LICENSE'
[0.383s] writing manifest file '../../build/status_publisher/status_publisher.egg-info/SOURCES.txt'
[0.383s] running build
[0.383s] running build_py
[0.383s] creating /home/rick/ROS2/chapt3/topic_practice_ws/build/status_publisher/build
[0.383s] creating /home/rick/ROS2/chapt3/topic_practice_ws/build/status_publisher/build/lib
[0.383s] creating /home/rick/ROS2/chapt3/topic_practice_ws/build/status_publisher/build/lib/status_publisher
[0.383s] copying status_publisher/sys_statys_pub.py -> /home/rick/ROS2/chapt3/topic_practice_ws/build/status_publisher/build/lib/status_publisher
[0.383s] copying status_publisher/__init__.py -> /home/rick/ROS2/chapt3/topic_practice_ws/build/status_publisher/build/lib/status_publisher
[0.383s] running install
[0.383s] running install_lib
[0.384s] creating /home/rick/ROS2/chapt3/topic_practice_ws/install/status_publisher/lib/python3.10/site-packages/status_publisher
[0.384s] copying /home/rick/ROS2/chapt3/topic_practice_ws/build/status_publisher/build/lib/status_publisher/sys_statys_pub.py -> /home/rick/ROS2/chapt3/topic_practice_ws/install/status_publisher/lib/python3.10/site-packages/status_publisher
[0.384s] copying /home/rick/ROS2/chapt3/topic_practice_ws/build/status_publisher/build/lib/status_publisher/__init__.py -> /home/rick/ROS2/chapt3/topic_practice_ws/install/status_publisher/lib/python3.10/site-packages/status_publisher
[0.384s] byte-compiling /home/rick/ROS2/chapt3/topic_practice_ws/install/status_publisher/lib/python3.10/site-packages/status_publisher/sys_statys_pub.py to sys_statys_pub.cpython-310.pyc
[0.384s] byte-compiling /home/rick/ROS2/chapt3/topic_practice_ws/install/status_publisher/lib/python3.10/site-packages/status_publisher/__init__.py to __init__.cpython-310.pyc
[0.384s] running install_data
[0.384s] creating /home/rick/ROS2/chapt3/topic_practice_ws/install/status_publisher/share/ament_index
[0.384s] creating /home/rick/ROS2/chapt3/topic_practice_ws/install/status_publisher/share/ament_index/resource_index
[0.384s] creating /home/rick/ROS2/chapt3/topic_practice_ws/install/status_publisher/share/ament_index/resource_index/packages
[0.384s] copying resource/status_publisher -> /home/rick/ROS2/chapt3/topic_practice_ws/install/status_publisher/share/ament_index/resource_index/packages
[0.384s] copying package.xml -> /home/rick/ROS2/chapt3/topic_practice_ws/install/status_publisher/share/status_publisher
[0.384s] running install_egg_info
[0.385s] Copying ../../build/status_publisher/status_publisher.egg-info to /home/rick/ROS2/chapt3/topic_practice_ws/install/status_publisher/lib/python3.10/site-packages/status_publisher-0.0.0-py3.10.egg-info
[0.385s] running install_scripts
[0.395s] Installing sys_status_pub script to /home/rick/ROS2/chapt3/topic_practice_ws/install/status_publisher/lib/status_publisher
[0.396s] writing list of installed files to '/home/rick/ROS2/chapt3/topic_practice_ws/build/status_publisher/install.log'
[0.407s] Invoked command in '/home/rick/ROS2/chapt3/topic_practice_ws/src/status_publisher' returned '0': PYTHONPATH=/home/rick/ROS2/chapt3/topic_practice_ws/build/status_publisher/prefix_override:/usr/lib/python3/dist-packages/colcon_core/task/python/colcon_distutils_commands:/home/rick/ROS2/chapt3/topic_practice_ws/install/status_publisher/lib/python3.10/site-packages:${PYTHONPATH} /usr/bin/python3 -W ignore:setup.py install is deprecated -W ignore:easy_install command is deprecated setup.py egg_info --egg-base ../../build/status_publisher build --build-base /home/rick/ROS2/chapt3/topic_practice_ws/build/status_publisher/build install --record /home/rick/ROS2/chapt3/topic_practice_ws/build/status_publisher/install.log --install-scripts $base/lib/status_publisher --single-version-externally-managed install_data
