-- Found ament_cmake: 1.3.14 (/opt/ros/humble/share/ament_cmake/cmake)
-- Found rclcpp: 16.0.19 (/opt/ros/humble/share/rclcpp/cmake)
-- Found rosidl_generator_c: 3.1.8 (/opt/ros/humble/share/rosidl_generator_c/cmake)
-- Found rosidl_adapter: 3.1.8 (/opt/ros/humble/share/rosidl_adapter/cmake)
-- Found rosidl_generator_cpp: 3.1.8 (/opt/ros/humble/share/rosidl_generator_cpp/cmake)
-- Using all available rosidl_typesupport_c: rosidl_typesupport_fastrtps_c;rosidl_typesupport_introspection_c
-- Using all available rosidl_typesupport_cpp: rosidl_typesupport_fastrtps_cpp;rosidl_typesupport_introspection_cpp
-- Found rmw_implementation_cmake: 6.1.2 (/opt/ros/humble/share/rmw_implementation_cmake/cmake)
-- Found rmw_fastrtps_cpp: 6.2.10 (/opt/ros/humble/share/rmw_fastrtps_cpp/cmake)
-- Using RMW implementation 'rmw_fastrtps_cpp' as default
-- Found status_interfaces: 0.0.0 (/home/rick/ROS2/chapt3/topic_practice_ws/install/status_interfaces/share/status_interfaces/cmake)
-- Found ament_lint_auto: 0.12.15 (/opt/ros/humble/share/ament_lint_auto/cmake)
-- Added test 'cppcheck' to perform static code analysis on C / C++ code
-- Configured cppcheck include dirs: 
-- Configured cppcheck exclude dirs and/or files: 
-- Added test 'lint_cmake' to check CMake code style
-- Added test 'uncrustify' to check C / C++ code style
-- Configured uncrustify additional arguments: 
-- Added test 'xmllint' to check XML markup files
-- Configuring done
-- Generating done
-- Build files have been written to: /home/rick/ROS2/chapt3/topic_practice_ws/build/status_display
[35m[1mConsolidate compiler generated dependencies of target hello_qt[0m
[ 25%] [32mBuilding CXX object CMakeFiles/sys_status_display.dir/src/sys_status_display.cpp.o[0m
[ 50%] [32mBuilding CXX object CMakeFiles/hello_qt.dir/src/hello_qt.cpp.o[0m
[ 75%] [32m[1mLinking CXX executable hello_qt[0m
[ 75%] Built target hello_qt
[01m[K/home/rick/ROS2/chapt3/topic_practice_ws/src/status_display/src/sys_status_display.cpp:13:3:[m[K [01;31m[Kerror: [m[K‘[01m[KQlabel[m[K’ does not name a type; did you mean ‘[01m[KQLabel[m[K’?
   13 |   [01;31m[KQlabel[m[K *label_;
      |   [01;31m[K^~~~~~[m[K
      |   [32m[KQLabel[m[K
[01m[K/home/rick/ROS2/chapt3/topic_practice_ws/src/status_display/src/sys_status_display.cpp:30:3:[m[K [01;31m[Kerror: [m[K‘[01m[KQstring[m[K’ does not name a type; did you mean ‘[01m[KQString[m[K’?
   30 |   [01;31m[KQstring[m[K get_qstr_from_msg(const SystemStatus::SharedPtr msg)
      |   [01;31m[K^~~~~~~[m[K
      |   [32m[KQString[m[K
[01m[K/home/rick/ROS2/chapt3/topic_practice_ws/src/status_display/src/sys_status_display.cpp:47:4:[m[K [01;35m[Kwarning: [m[Kextra ‘[01m[K;[m[K’ [[01;35m[K]8;;https://gcc.gnu.org/onlinedocs/gcc/Warning-Options.html#index-Wpedantic-Wpedantic]8;;[m[K]
   47 |   }[01;35m[K;[m[K
      |    [01;35m[K^[m[K
      |    [31m[K-[m[K
[01m[K/home/rick/ROS2/chapt3/topic_practice_ws/src/status_display/src/sys_status_display.cpp:[m[K In constructor ‘[01m[KSysStatusDisplay::SysStatusDisplay()[m[K’:
[01m[K/home/rick/ROS2/chapt3/topic_practice_ws/src/status_display/src/sys_status_display.cpp:17:5:[m[K [01;31m[Kerror: [m[K‘[01m[Klabel_[m[K’ was not declared in this scope
   17 |     [01;31m[Klabel_[m[K = new QLabel();
      |     [01;31m[K^~~~~~[m[K
[01m[K/home/rick/ROS2/chapt3/topic_practice_ws/src/status_display/src/sys_status_display.cpp:[m[K In lambda function:
[01m[K/home/rick/ROS2/chapt3/topic_practice_ws/src/status_display/src/sys_status_display.cpp:22:25:[m[K [01;31m[Kerror: [m[K‘[01m[Kget_qstr_from_msg[m[K’ was not declared in this scope
   22 |         label_->setText([01;31m[Kget_qstr_from_msg[m[K(msg));
      |                         [01;31m[K^~~~~~~~~~~~~~~~~[m[K
[01m[K/home/rick/ROS2/chapt3/topic_practice_ws/src/status_display/src/sys_status_display.cpp:[m[K In constructor ‘[01m[KSysStatusDisplay::SysStatusDisplay()[m[K’:
[01m[K/home/rick/ROS2/chapt3/topic_practice_ws/src/status_display/src/sys_status_display.cpp:25:23:[m[K [01;31m[Kerror: [m[K‘[01m[Kget_qstr_from_msg[m[K’ was not declared in this scope
   25 |       label_->setText([01;31m[Kget_qstr_from_msg[m[K(std::make_shared<SystemStatus>()));
      |                       [01;31m[K^~~~~~~~~~~~~~~~~[m[K
gmake[2]: *** [CMakeFiles/sys_status_display.dir/build.make:76：CMakeFiles/sys_status_display.dir/src/sys_status_display.cpp.o] 错误 1
gmake[1]: *** [CMakeFiles/Makefile2:165：CMakeFiles/sys_status_display.dir/all] 错误 2
gmake: *** [Makefile:146：all] 错误 2
