[0.008s] Invoking command in '/home/rick/ROS2/chapt3/topic_practice_ws/build/status_display': AMENT_PREFIX_PATH=/home/rick/ROS2/chapt3/topic_practice_ws/install/status_interfaces:${AMENT_PREFIX_PATH} CMAKE_PREFIX_PATH=/home/rick/ROS2/chapt3/topic_practice_ws/install/status_interfaces:/opt/ros/humble LD_LIBRARY_PATH=/home/rick/ROS2/chapt3/topic_practice_ws/install/status_interfaces/lib:${LD_LIBRARY_PATH} PYTHONPATH=/home/rick/ROS2/chapt3/topic_practice_ws/install/status_interfaces/local/lib/python3.10/dist-packages:${PYTHONPATH} /usr/bin/cmake --build /home/rick/ROS2/chapt3/topic_practice_ws/build/status_display -- -j32 -l32
[0.027s] -- Found ament_cmake: 1.3.14 (/opt/ros/humble/share/ament_cmake/cmake)
[0.100s] -- Found rclcpp: 16.0.19 (/opt/ros/humble/share/rclcpp/cmake)
[0.114s] -- Found rosidl_generator_c: 3.1.8 (/opt/ros/humble/share/rosidl_generator_c/cmake)
[0.115s] -- Found rosidl_adapter: 3.1.8 (/opt/ros/humble/share/rosidl_adapter/cmake)
[0.118s] -- Found rosidl_generator_cpp: 3.1.8 (/opt/ros/humble/share/rosidl_generator_cpp/cmake)
[0.123s] -- Using all available rosidl_typesupport_c: rosidl_typesupport_fastrtps_c;rosidl_typesupport_introspection_c
[0.129s] -- Using all available rosidl_typesupport_cpp: rosidl_typesupport_fastrtps_cpp;rosidl_typesupport_introspection_cpp
[0.144s] -- Found rmw_implementation_cmake: 6.1.2 (/opt/ros/humble/share/rmw_implementation_cmake/cmake)
[0.145s] -- Found rmw_fastrtps_cpp: 6.2.10 (/opt/ros/humble/share/rmw_fastrtps_cpp/cmake)
[0.203s] -- Using RMW implementation 'rmw_fastrtps_cpp' as default
[0.237s] -- Found status_interfaces: 0.0.0 (/home/rick/ROS2/chapt3/topic_practice_ws/install/status_interfaces/share/status_interfaces/cmake)
[0.246s] -- Found ament_lint_auto: 0.12.15 (/opt/ros/humble/share/ament_lint_auto/cmake)
[0.286s] -- Added test 'cppcheck' to perform static code analysis on C / C++ code
[0.286s] -- Configured cppcheck include dirs: 
[0.286s] -- Configured cppcheck exclude dirs and/or files: 
[0.286s] -- Added test 'lint_cmake' to check CMake code style
[0.286s] -- Added test 'uncrustify' to check C / C++ code style
[0.286s] -- Configured uncrustify additional arguments: 
[0.286s] -- Added test 'xmllint' to check XML markup files
[0.287s] -- Configuring done
[0.292s] -- Generating done
[0.294s] -- Build files have been written to: /home/rick/ROS2/chapt3/topic_practice_ws/build/status_display
[0.315s] [35m[1mConsolidate compiler generated dependencies of target hello_qt[0m
[0.324s] [ 25%] [32mBuilding CXX object CMakeFiles/sys_status_display.dir/src/sys_status_display.cpp.o[0m
[0.326s] [ 50%] [32mBuilding CXX object CMakeFiles/hello_qt.dir/src/hello_qt.cpp.o[0m
[0.905s] [ 75%] [32m[1mLinking CXX executable hello_qt[0m
[1.109s] [ 75%] Built target hello_qt
[1.910s] [01m[K/home/rick/ROS2/chapt3/topic_practice_ws/src/status_display/src/sys_status_display.cpp:13:3:[m[K [01;31m[Kerror: [m[K‘[01m[KQlabel[m[K’ does not name a type; did you mean ‘[01m[KQLabel[m[K’?
[1.910s]    13 |   [01;31m[KQlabel[m[K *label_;
[1.910s]       |   [01;31m[K^~~~~~[m[K
[1.910s]       |   [32m[KQLabel[m[K
[1.912s] [01m[K/home/rick/ROS2/chapt3/topic_practice_ws/src/status_display/src/sys_status_display.cpp:30:3:[m[K [01;31m[Kerror: [m[K‘[01m[KQstring[m[K’ does not name a type; did you mean ‘[01m[KQString[m[K’?
[1.912s]    30 |   [01;31m[KQstring[m[K get_qstr_from_msg(const SystemStatus::SharedPtr msg)
[1.912s]       |   [01;31m[K^~~~~~~[m[K
[1.912s]       |   [32m[KQString[m[K
[1.914s] [01m[K/home/rick/ROS2/chapt3/topic_practice_ws/src/status_display/src/sys_status_display.cpp:47:4:[m[K [01;35m[Kwarning: [m[Kextra ‘[01m[K;[m[K’ [[01;35m[K]8;;https://gcc.gnu.org/onlinedocs/gcc/Warning-Options.html#index-Wpedantic-Wpedantic]8;;[m[K]
[1.914s]    47 |   }[01;35m[K;[m[K
[1.914s]       |    [01;35m[K^[m[K
[1.914s]       |    [31m[K-[m[K
[1.918s] [01m[K/home/rick/ROS2/chapt3/topic_practice_ws/src/status_display/src/sys_status_display.cpp:[m[K In constructor ‘[01m[KSysStatusDisplay::SysStatusDisplay()[m[K’:
[1.918s] [01m[K/home/rick/ROS2/chapt3/topic_practice_ws/src/status_display/src/sys_status_display.cpp:17:5:[m[K [01;31m[Kerror: [m[K‘[01m[Klabel_[m[K’ was not declared in this scope
[1.918s]    17 |     [01;31m[Klabel_[m[K = new QLabel();
[1.918s]       |     [01;31m[K^~~~~~[m[K
[1.926s] [01m[K/home/rick/ROS2/chapt3/topic_practice_ws/src/status_display/src/sys_status_display.cpp:[m[K In lambda function:
[1.926s] [01m[K/home/rick/ROS2/chapt3/topic_practice_ws/src/status_display/src/sys_status_display.cpp:22:25:[m[K [01;31m[Kerror: [m[K‘[01m[Kget_qstr_from_msg[m[K’ was not declared in this scope
[1.926s]    22 |         label_->setText([01;31m[Kget_qstr_from_msg[m[K(msg));
[1.926s]       |                         [01;31m[K^~~~~~~~~~~~~~~~~[m[K
[1.933s] [01m[K/home/rick/ROS2/chapt3/topic_practice_ws/src/status_display/src/sys_status_display.cpp:[m[K In constructor ‘[01m[KSysStatusDisplay::SysStatusDisplay()[m[K’:
[1.933s] [01m[K/home/rick/ROS2/chapt3/topic_practice_ws/src/status_display/src/sys_status_display.cpp:25:23:[m[K [01;31m[Kerror: [m[K‘[01m[Kget_qstr_from_msg[m[K’ was not declared in this scope
[1.933s]    25 |       label_->setText([01;31m[Kget_qstr_from_msg[m[K(std::make_shared<SystemStatus>()));
[1.933s]       |                       [01;31m[K^~~~~~~~~~~~~~~~~[m[K
[3.225s] gmake[2]: *** [CMakeFiles/sys_status_display.dir/build.make:76：CMakeFiles/sys_status_display.dir/src/sys_status_display.cpp.o] 错误 1
[3.225s] gmake[1]: *** [CMakeFiles/Makefile2:165：CMakeFiles/sys_status_display.dir/all] 错误 2
[3.225s] gmake: *** [Makefile:146：all] 错误 2
[3.227s] Invoked command in '/home/rick/ROS2/chapt3/topic_practice_ws/build/status_display' returned '2': AMENT_PREFIX_PATH=/home/rick/ROS2/chapt3/topic_practice_ws/install/status_interfaces:${AMENT_PREFIX_PATH} CMAKE_PREFIX_PATH=/home/rick/ROS2/chapt3/topic_practice_ws/install/status_interfaces:/opt/ros/humble LD_LIBRARY_PATH=/home/rick/ROS2/chapt3/topic_practice_ws/install/status_interfaces/lib:${LD_LIBRARY_PATH} PYTHONPATH=/home/rick/ROS2/chapt3/topic_practice_ws/install/status_interfaces/local/lib/python3.10/dist-packages:${PYTHONPATH} /usr/bin/cmake --build /home/rick/ROS2/chapt3/topic_practice_ws/build/status_display -- -j32 -l32
